Added Component: Designator=D1_Vout1(SB_DIODE)
Add component. Clean all parameters for all variants
Add component (AddParameter): Name = "DeviceName"; Value = "SCHOTTKY_DIODE_B120-FDICT-ND"; VariantName = "[No Variations]"
Add component (AddParameter): Name = "DeviceSetName"; Value = "SCHOTTKY_DIODE_B120-FDICT-ND"; VariantName = "[No Variations]"
Add component (AddParameter): Name = "GateName_1"; Value = "G$1"; VariantName = "[No Variations]"
Add component (AddParameter): Name = "LibraryName"; Value = "Solar_Fadi"; VariantName = "[No Variations]"
Add component (AddParameter): Name = "Package"; Value = "SCHOTTKY_DIODE_B120-FDICT-ND"; VariantName = "[No Variations]"
Add component (AddParameter): Name = "SymbolName_1"; Value = "SCHOTTKY_DIODE_B120-FDICT-ND"; VariantName = "[No Variations]"
Added Component: Designator=D1_Vout2(SB_DIODE)
Add component. Clean all parameters for all variants
Add component (AddParameter): Name = "DeviceName"; Value = "SCHOTTKY_DIODE_B120-FDICT-ND"; VariantName = "[No Variations]"
Add component (AddParameter): Name = "DeviceSetName"; Value = "SCHOTTKY_DIODE_B120-FDICT-ND"; VariantName = "[No Variations]"
Add component (AddParameter): Name = "GateName_1"; Value = "G$1"; VariantName = "[No Variations]"
Add component (AddParameter): Name = "LibraryName"; Value = "Solar_Fadi"; VariantName = "[No Variations]"
Add component (AddParameter): Name = "Package"; Value = "SCHOTTKY_DIODE_B120-FDICT-ND"; VariantName = "[No Variations]"
Add component (AddParameter): Name = "SymbolName_1"; Value = "SCHOTTKY_DIODE_B120-FDICT-ND"; VariantName = "[No Variations]"
Added Component: Designator=D1_Vout3(SB_DIODE)
Add component. Clean all parameters for all variants
Add component (AddParameter): Name = "DeviceName"; Value = "SCHOTTKY_DIODE_B120-FDICT-ND"; VariantName = "[No Variations]"
Add component (AddParameter): Name = "DeviceSetName"; Value = "SCHOTTKY_DIODE_B120-FDICT-ND"; VariantName = "[No Variations]"
Add component (AddParameter): Name = "GateName_1"; Value = "G$1"; VariantName = "[No Variations]"
Add component (AddParameter): Name = "LibraryName"; Value = "Solar_Fadi"; VariantName = "[No Variations]"
Add component (AddParameter): Name = "Package"; Value = "SCHOTTKY_DIODE_B120-FDICT-ND"; VariantName = "[No Variations]"
Add component (AddParameter): Name = "SymbolName_1"; Value = "SCHOTTKY_DIODE_B120-FDICT-ND"; VariantName = "[No Variations]"
Added Component: Designator=D1_Vout4(SB_DIODE)
Add component. Clean all parameters for all variants
Add component (AddParameter): Name = "DeviceName"; Value = "SCHOTTKY_DIODE_B120-FDICT-ND"; VariantName = "[No Variations]"
Add component (AddParameter): Name = "DeviceSetName"; Value = "SCHOTTKY_DIODE_B120-FDICT-ND"; VariantName = "[No Variations]"
Add component (AddParameter): Name = "GateName_1"; Value = "G$1"; VariantName = "[No Variations]"
Add component (AddParameter): Name = "LibraryName"; Value = "Solar_Fadi"; VariantName = "[No Variations]"
Add component (AddParameter): Name = "Package"; Value = "SCHOTTKY_DIODE_B120-FDICT-ND"; VariantName = "[No Variations]"
Add component (AddParameter): Name = "SymbolName_1"; Value = "SCHOTTKY_DIODE_B120-FDICT-ND"; VariantName = "[No Variations]"
Added Component: Designator=D1_Vout5(SB_DIODE)
Add component. Clean all parameters for all variants
Add component (AddParameter): Name = "DeviceName"; Value = "SCHOTTKY_DIODE_B120-FDICT-ND"; VariantName = "[No Variations]"
Add component (AddParameter): Name = "DeviceSetName"; Value = "SCHOTTKY_DIODE_B120-FDICT-ND"; VariantName = "[No Variations]"
Add component (AddParameter): Name = "GateName_1"; Value = "G$1"; VariantName = "[No Variations]"
Add component (AddParameter): Name = "LibraryName"; Value = "Solar_Fadi"; VariantName = "[No Variations]"
Add component (AddParameter): Name = "Package"; Value = "SCHOTTKY_DIODE_B120-FDICT-ND"; VariantName = "[No Variations]"
Add component (AddParameter): Name = "SymbolName_1"; Value = "SCHOTTKY_DIODE_B120-FDICT-ND"; VariantName = "[No Variations]"
Added Component: Designator=D1_Vout6(SB_DIODE)
Add component. Clean all parameters for all variants
Add component (AddParameter): Name = "DeviceName"; Value = "SCHOTTKY_DIODE_B120-FDICT-ND"; VariantName = "[No Variations]"
Add component (AddParameter): Name = "DeviceSetName"; Value = "SCHOTTKY_DIODE_B120-FDICT-ND"; VariantName = "[No Variations]"
Add component (AddParameter): Name = "GateName_1"; Value = "G$1"; VariantName = "[No Variations]"
Add component (AddParameter): Name = "LibraryName"; Value = "Solar_Fadi"; VariantName = "[No Variations]"
Add component (AddParameter): Name = "Package"; Value = "SCHOTTKY_DIODE_B120-FDICT-ND"; VariantName = "[No Variations]"
Add component (AddParameter): Name = "SymbolName_1"; Value = "SCHOTTKY_DIODE_B120-FDICT-ND"; VariantName = "[No Variations]"
Added Component: Designator=D1_Vout7(SB_DIODE)
Add component. Clean all parameters for all variants
Add component (AddParameter): Name = "DeviceName"; Value = "SCHOTTKY_DIODE_B120-FDICT-ND"; VariantName = "[No Variations]"
Add component (AddParameter): Name = "DeviceSetName"; Value = "SCHOTTKY_DIODE_B120-FDICT-ND"; VariantName = "[No Variations]"
Add component (AddParameter): Name = "GateName_1"; Value = "G$1"; VariantName = "[No Variations]"
Add component (AddParameter): Name = "LibraryName"; Value = "Solar_Fadi"; VariantName = "[No Variations]"
Add component (AddParameter): Name = "Package"; Value = "SCHOTTKY_DIODE_B120-FDICT-ND"; VariantName = "[No Variations]"
Add component (AddParameter): Name = "SymbolName_1"; Value = "SCHOTTKY_DIODE_B120-FDICT-ND"; VariantName = "[No Variations]"
Added Component: Designator=D1_Vout8(SB_DIODE)
Add component. Clean all parameters for all variants
Add component (AddParameter): Name = "DeviceName"; Value = "SCHOTTKY_DIODE_B120-FDICT-ND"; VariantName = "[No Variations]"
Add component (AddParameter): Name = "DeviceSetName"; Value = "SCHOTTKY_DIODE_B120-FDICT-ND"; VariantName = "[No Variations]"
Add component (AddParameter): Name = "GateName_1"; Value = "G$1"; VariantName = "[No Variations]"
Add component (AddParameter): Name = "LibraryName"; Value = "Solar_Fadi"; VariantName = "[No Variations]"
Add component (AddParameter): Name = "Package"; Value = "SCHOTTKY_DIODE_B120-FDICT-ND"; VariantName = "[No Variations]"
Add component (AddParameter): Name = "SymbolName_1"; Value = "SCHOTTKY_DIODE_B120-FDICT-ND"; VariantName = "[No Variations]"
Added Component: Designator=D2_Vout1(SB_DIODE)
Add component. Clean all parameters for all variants
Add component (AddParameter): Name = "DeviceName"; Value = "SCHOTTKY_DIODE_B120-FDICT-ND"; VariantName = "[No Variations]"
Add component (AddParameter): Name = "DeviceSetName"; Value = "SCHOTTKY_DIODE_B120-FDICT-ND"; VariantName = "[No Variations]"
Add component (AddParameter): Name = "GateName_1"; Value = "G$1"; VariantName = "[No Variations]"
Add component (AddParameter): Name = "LibraryName"; Value = "Solar_Fadi"; VariantName = "[No Variations]"
Add component (AddParameter): Name = "Package"; Value = "SCHOTTKY_DIODE_B120-FDICT-ND"; VariantName = "[No Variations]"
Add component (AddParameter): Name = "SymbolName_1"; Value = "SCHOTTKY_DIODE_B120-FDICT-ND"; VariantName = "[No Variations]"
Added Component: Designator=D2_Vout2(SB_DIODE)
Add component. Clean all parameters for all variants
Add component (AddParameter): Name = "DeviceName"; Value = "SCHOTTKY_DIODE_B120-FDICT-ND"; VariantName = "[No Variations]"
Add component (AddParameter): Name = "DeviceSetName"; Value = "SCHOTTKY_DIODE_B120-FDICT-ND"; VariantName = "[No Variations]"
Add component (AddParameter): Name = "GateName_1"; Value = "G$1"; VariantName = "[No Variations]"
Add component (AddParameter): Name = "LibraryName"; Value = "Solar_Fadi"; VariantName = "[No Variations]"
Add component (AddParameter): Name = "Package"; Value = "SCHOTTKY_DIODE_B120-FDICT-ND"; VariantName = "[No Variations]"
Add component (AddParameter): Name = "SymbolName_1"; Value = "SCHOTTKY_DIODE_B120-FDICT-ND"; VariantName = "[No Variations]"
Added Component: Designator=D2_Vout3(SB_DIODE)
Add component. Clean all parameters for all variants
Add component (AddParameter): Name = "DeviceName"; Value = "SCHOTTKY_DIODE_B120-FDICT-ND"; VariantName = "[No Variations]"
Add component (AddParameter): Name = "DeviceSetName"; Value = "SCHOTTKY_DIODE_B120-FDICT-ND"; VariantName = "[No Variations]"
Add component (AddParameter): Name = "GateName_1"; Value = "G$1"; VariantName = "[No Variations]"
Add component (AddParameter): Name = "LibraryName"; Value = "Solar_Fadi"; VariantName = "[No Variations]"
Add component (AddParameter): Name = "Package"; Value = "SCHOTTKY_DIODE_B120-FDICT-ND"; VariantName = "[No Variations]"
Add component (AddParameter): Name = "SymbolName_1"; Value = "SCHOTTKY_DIODE_B120-FDICT-ND"; VariantName = "[No Variations]"
Added Component: Designator=D2_Vout4(SB_DIODE)
Add component. Clean all parameters for all variants
Add component (AddParameter): Name = "DeviceName"; Value = "SCHOTTKY_DIODE_B120-FDICT-ND"; VariantName = "[No Variations]"
Add component (AddParameter): Name = "DeviceSetName"; Value = "SCHOTTKY_DIODE_B120-FDICT-ND"; VariantName = "[No Variations]"
Add component (AddParameter): Name = "GateName_1"; Value = "G$1"; VariantName = "[No Variations]"
Add component (AddParameter): Name = "LibraryName"; Value = "Solar_Fadi"; VariantName = "[No Variations]"
Add component (AddParameter): Name = "Package"; Value = "SCHOTTKY_DIODE_B120-FDICT-ND"; VariantName = "[No Variations]"
Add component (AddParameter): Name = "SymbolName_1"; Value = "SCHOTTKY_DIODE_B120-FDICT-ND"; VariantName = "[No Variations]"
Added Component: Designator=D2_Vout5(SB_DIODE)
Add component. Clean all parameters for all variants
Add component (AddParameter): Name = "DeviceName"; Value = "SCHOTTKY_DIODE_B120-FDICT-ND"; VariantName = "[No Variations]"
Add component (AddParameter): Name = "DeviceSetName"; Value = "SCHOTTKY_DIODE_B120-FDICT-ND"; VariantName = "[No Variations]"
Add component (AddParameter): Name = "GateName_1"; Value = "G$1"; VariantName = "[No Variations]"
Add component (AddParameter): Name = "LibraryName"; Value = "Solar_Fadi"; VariantName = "[No Variations]"
Add component (AddParameter): Name = "Package"; Value = "SCHOTTKY_DIODE_B120-FDICT-ND"; VariantName = "[No Variations]"
Add component (AddParameter): Name = "SymbolName_1"; Value = "SCHOTTKY_DIODE_B120-FDICT-ND"; VariantName = "[No Variations]"
Added Component: Designator=D2_Vout6(SB_DIODE)
Add component. Clean all parameters for all variants
Add component (AddParameter): Name = "DeviceName"; Value = "SCHOTTKY_DIODE_B120-FDICT-ND"; VariantName = "[No Variations]"
Add component (AddParameter): Name = "DeviceSetName"; Value = "SCHOTTKY_DIODE_B120-FDICT-ND"; VariantName = "[No Variations]"
Add component (AddParameter): Name = "GateName_1"; Value = "G$1"; VariantName = "[No Variations]"
Add component (AddParameter): Name = "LibraryName"; Value = "Solar_Fadi"; VariantName = "[No Variations]"
Add component (AddParameter): Name = "Package"; Value = "SCHOTTKY_DIODE_B120-FDICT-ND"; VariantName = "[No Variations]"
Add component (AddParameter): Name = "SymbolName_1"; Value = "SCHOTTKY_DIODE_B120-FDICT-ND"; VariantName = "[No Variations]"
Added Component: Designator=D2_Vout7(SB_DIODE)
Add component. Clean all parameters for all variants
Add component (AddParameter): Name = "DeviceName"; Value = "SCHOTTKY_DIODE_B120-FDICT-ND"; VariantName = "[No Variations]"
Add component (AddParameter): Name = "DeviceSetName"; Value = "SCHOTTKY_DIODE_B120-FDICT-ND"; VariantName = "[No Variations]"
Add component (AddParameter): Name = "GateName_1"; Value = "G$1"; VariantName = "[No Variations]"
Add component (AddParameter): Name = "LibraryName"; Value = "Solar_Fadi"; VariantName = "[No Variations]"
Add component (AddParameter): Name = "Package"; Value = "SCHOTTKY_DIODE_B120-FDICT-ND"; VariantName = "[No Variations]"
Add component (AddParameter): Name = "SymbolName_1"; Value = "SCHOTTKY_DIODE_B120-FDICT-ND"; VariantName = "[No Variations]"
Added Component: Designator=D2_Vout8(SB_DIODE)
Add component. Clean all parameters for all variants
Add component (AddParameter): Name = "DeviceName"; Value = "SCHOTTKY_DIODE_B120-FDICT-ND"; VariantName = "[No Variations]"
Add component (AddParameter): Name = "DeviceSetName"; Value = "SCHOTTKY_DIODE_B120-FDICT-ND"; VariantName = "[No Variations]"
Add component (AddParameter): Name = "GateName_1"; Value = "G$1"; VariantName = "[No Variations]"
Add component (AddParameter): Name = "LibraryName"; Value = "Solar_Fadi"; VariantName = "[No Variations]"
Add component (AddParameter): Name = "Package"; Value = "SCHOTTKY_DIODE_B120-FDICT-ND"; VariantName = "[No Variations]"
Add component (AddParameter): Name = "SymbolName_1"; Value = "SCHOTTKY_DIODE_B120-FDICT-ND"; VariantName = "[No Variations]"
Added Component: Designator=D3_Vout1(SB_DIODE)
Add component. Clean all parameters for all variants
Add component (AddParameter): Name = "DeviceName"; Value = "SCHOTTKY_DIODE_B120-FDICT-ND"; VariantName = "[No Variations]"
Add component (AddParameter): Name = "DeviceSetName"; Value = "SCHOTTKY_DIODE_B120-FDICT-ND"; VariantName = "[No Variations]"
Add component (AddParameter): Name = "GateName_1"; Value = "G$1"; VariantName = "[No Variations]"
Add component (AddParameter): Name = "LibraryName"; Value = "Solar_Fadi"; VariantName = "[No Variations]"
Add component (AddParameter): Name = "Package"; Value = "SCHOTTKY_DIODE_B120-FDICT-ND"; VariantName = "[No Variations]"
Add component (AddParameter): Name = "SymbolName_1"; Value = "SCHOTTKY_DIODE_B120-FDICT-ND"; VariantName = "[No Variations]"
Added Component: Designator=D3_Vout2(SB_DIODE)
Add component. Clean all parameters for all variants
Add component (AddParameter): Name = "DeviceName"; Value = "SCHOTTKY_DIODE_B120-FDICT-ND"; VariantName = "[No Variations]"
Add component (AddParameter): Name = "DeviceSetName"; Value = "SCHOTTKY_DIODE_B120-FDICT-ND"; VariantName = "[No Variations]"
Add component (AddParameter): Name = "GateName_1"; Value = "G$1"; VariantName = "[No Variations]"
Add component (AddParameter): Name = "LibraryName"; Value = "Solar_Fadi"; VariantName = "[No Variations]"
Add component (AddParameter): Name = "Package"; Value = "SCHOTTKY_DIODE_B120-FDICT-ND"; VariantName = "[No Variations]"
Add component (AddParameter): Name = "SymbolName_1"; Value = "SCHOTTKY_DIODE_B120-FDICT-ND"; VariantName = "[No Variations]"
Added Component: Designator=D3_Vout3(SB_DIODE)
Add component. Clean all parameters for all variants
Add component (AddParameter): Name = "DeviceName"; Value = "SCHOTTKY_DIODE_B120-FDICT-ND"; VariantName = "[No Variations]"
Add component (AddParameter): Name = "DeviceSetName"; Value = "SCHOTTKY_DIODE_B120-FDICT-ND"; VariantName = "[No Variations]"
Add component (AddParameter): Name = "GateName_1"; Value = "G$1"; VariantName = "[No Variations]"
Add component (AddParameter): Name = "LibraryName"; Value = "Solar_Fadi"; VariantName = "[No Variations]"
Add component (AddParameter): Name = "Package"; Value = "SCHOTTKY_DIODE_B120-FDICT-ND"; VariantName = "[No Variations]"
Add component (AddParameter): Name = "SymbolName_1"; Value = "SCHOTTKY_DIODE_B120-FDICT-ND"; VariantName = "[No Variations]"
Added Component: Designator=D3_Vout4(SB_DIODE)
Add component. Clean all parameters for all variants
Add component (AddParameter): Name = "DeviceName"; Value = "SCHOTTKY_DIODE_B120-FDICT-ND"; VariantName = "[No Variations]"
Add component (AddParameter): Name = "DeviceSetName"; Value = "SCHOTTKY_DIODE_B120-FDICT-ND"; VariantName = "[No Variations]"
Add component (AddParameter): Name = "GateName_1"; Value = "G$1"; VariantName = "[No Variations]"
Add component (AddParameter): Name = "LibraryName"; Value = "Solar_Fadi"; VariantName = "[No Variations]"
Add component (AddParameter): Name = "Package"; Value = "SCHOTTKY_DIODE_B120-FDICT-ND"; VariantName = "[No Variations]"
Add component (AddParameter): Name = "SymbolName_1"; Value = "SCHOTTKY_DIODE_B120-FDICT-ND"; VariantName = "[No Variations]"
Added Component: Designator=D3_Vout5(SB_DIODE)
Add component. Clean all parameters for all variants
Add component (AddParameter): Name = "DeviceName"; Value = "SCHOTTKY_DIODE_B120-FDICT-ND"; VariantName = "[No Variations]"
Add component (AddParameter): Name = "DeviceSetName"; Value = "SCHOTTKY_DIODE_B120-FDICT-ND"; VariantName = "[No Variations]"
Add component (AddParameter): Name = "GateName_1"; Value = "G$1"; VariantName = "[No Variations]"
Add component (AddParameter): Name = "LibraryName"; Value = "Solar_Fadi"; VariantName = "[No Variations]"
Add component (AddParameter): Name = "Package"; Value = "SCHOTTKY_DIODE_B120-FDICT-ND"; VariantName = "[No Variations]"
Add component (AddParameter): Name = "SymbolName_1"; Value = "SCHOTTKY_DIODE_B120-FDICT-ND"; VariantName = "[No Variations]"
Added Component: Designator=D3_Vout6(SB_DIODE)
Add component. Clean all parameters for all variants
Add component (AddParameter): Name = "DeviceName"; Value = "SCHOTTKY_DIODE_B120-FDICT-ND"; VariantName = "[No Variations]"
Add component (AddParameter): Name = "DeviceSetName"; Value = "SCHOTTKY_DIODE_B120-FDICT-ND"; VariantName = "[No Variations]"
Add component (AddParameter): Name = "GateName_1"; Value = "G$1"; VariantName = "[No Variations]"
Add component (AddParameter): Name = "LibraryName"; Value = "Solar_Fadi"; VariantName = "[No Variations]"
Add component (AddParameter): Name = "Package"; Value = "SCHOTTKY_DIODE_B120-FDICT-ND"; VariantName = "[No Variations]"
Add component (AddParameter): Name = "SymbolName_1"; Value = "SCHOTTKY_DIODE_B120-FDICT-ND"; VariantName = "[No Variations]"
Added Component: Designator=D3_Vout7(SB_DIODE)
Add component. Clean all parameters for all variants
Add component (AddParameter): Name = "DeviceName"; Value = "SCHOTTKY_DIODE_B120-FDICT-ND"; VariantName = "[No Variations]"
Add component (AddParameter): Name = "DeviceSetName"; Value = "SCHOTTKY_DIODE_B120-FDICT-ND"; VariantName = "[No Variations]"
Add component (AddParameter): Name = "GateName_1"; Value = "G$1"; VariantName = "[No Variations]"
Add component (AddParameter): Name = "LibraryName"; Value = "Solar_Fadi"; VariantName = "[No Variations]"
Add component (AddParameter): Name = "Package"; Value = "SCHOTTKY_DIODE_B120-FDICT-ND"; VariantName = "[No Variations]"
Add component (AddParameter): Name = "SymbolName_1"; Value = "SCHOTTKY_DIODE_B120-FDICT-ND"; VariantName = "[No Variations]"
Added Component: Designator=D3_Vout8(SB_DIODE)
Add component. Clean all parameters for all variants
Add component (AddParameter): Name = "DeviceName"; Value = "SCHOTTKY_DIODE_B120-FDICT-ND"; VariantName = "[No Variations]"
Add component (AddParameter): Name = "DeviceSetName"; Value = "SCHOTTKY_DIODE_B120-FDICT-ND"; VariantName = "[No Variations]"
Add component (AddParameter): Name = "GateName_1"; Value = "G$1"; VariantName = "[No Variations]"
Add component (AddParameter): Name = "LibraryName"; Value = "Solar_Fadi"; VariantName = "[No Variations]"
Add component (AddParameter): Name = "Package"; Value = "SCHOTTKY_DIODE_B120-FDICT-ND"; VariantName = "[No Variations]"
Add component (AddParameter): Name = "SymbolName_1"; Value = "SCHOTTKY_DIODE_B120-FDICT-ND"; VariantName = "[No Variations]"
Added Component: Designator=D4_Vout1(SB_DIODE)
Add component. Clean all parameters for all variants
Add component (AddParameter): Name = "DeviceName"; Value = "SCHOTTKY_DIODE_B120-FDICT-ND"; VariantName = "[No Variations]"
Add component (AddParameter): Name = "DeviceSetName"; Value = "SCHOTTKY_DIODE_B120-FDICT-ND"; VariantName = "[No Variations]"
Add component (AddParameter): Name = "GateName_1"; Value = "G$1"; VariantName = "[No Variations]"
Add component (AddParameter): Name = "LibraryName"; Value = "Solar_Fadi"; VariantName = "[No Variations]"
Add component (AddParameter): Name = "Package"; Value = "SCHOTTKY_DIODE_B120-FDICT-ND"; VariantName = "[No Variations]"
Add component (AddParameter): Name = "SymbolName_1"; Value = "SCHOTTKY_DIODE_B120-FDICT-ND"; VariantName = "[No Variations]"
Added Component: Designator=D4_Vout2(SB_DIODE)
Add component. Clean all parameters for all variants
Add component (AddParameter): Name = "DeviceName"; Value = "SCHOTTKY_DIODE_B120-FDICT-ND"; VariantName = "[No Variations]"
Add component (AddParameter): Name = "DeviceSetName"; Value = "SCHOTTKY_DIODE_B120-FDICT-ND"; VariantName = "[No Variations]"
Add component (AddParameter): Name = "GateName_1"; Value = "G$1"; VariantName = "[No Variations]"
Add component (AddParameter): Name = "LibraryName"; Value = "Solar_Fadi"; VariantName = "[No Variations]"
Add component (AddParameter): Name = "Package"; Value = "SCHOTTKY_DIODE_B120-FDICT-ND"; VariantName = "[No Variations]"
Add component (AddParameter): Name = "SymbolName_1"; Value = "SCHOTTKY_DIODE_B120-FDICT-ND"; VariantName = "[No Variations]"
Added Component: Designator=D4_Vout3(SB_DIODE)
Add component. Clean all parameters for all variants
Add component (AddParameter): Name = "DeviceName"; Value = "SCHOTTKY_DIODE_B120-FDICT-ND"; VariantName = "[No Variations]"
Add component (AddParameter): Name = "DeviceSetName"; Value = "SCHOTTKY_DIODE_B120-FDICT-ND"; VariantName = "[No Variations]"
Add component (AddParameter): Name = "GateName_1"; Value = "G$1"; VariantName = "[No Variations]"
Add component (AddParameter): Name = "LibraryName"; Value = "Solar_Fadi"; VariantName = "[No Variations]"
Add component (AddParameter): Name = "Package"; Value = "SCHOTTKY_DIODE_B120-FDICT-ND"; VariantName = "[No Variations]"
Add component (AddParameter): Name = "SymbolName_1"; Value = "SCHOTTKY_DIODE_B120-FDICT-ND"; VariantName = "[No Variations]"
Added Component: Designator=D4_Vout4(SB_DIODE)
Add component. Clean all parameters for all variants
Add component (AddParameter): Name = "DeviceName"; Value = "SCHOTTKY_DIODE_B120-FDICT-ND"; VariantName = "[No Variations]"
Add component (AddParameter): Name = "DeviceSetName"; Value = "SCHOTTKY_DIODE_B120-FDICT-ND"; VariantName = "[No Variations]"
Add component (AddParameter): Name = "GateName_1"; Value = "G$1"; VariantName = "[No Variations]"
Add component (AddParameter): Name = "LibraryName"; Value = "Solar_Fadi"; VariantName = "[No Variations]"
Add component (AddParameter): Name = "Package"; Value = "SCHOTTKY_DIODE_B120-FDICT-ND"; VariantName = "[No Variations]"
Add component (AddParameter): Name = "SymbolName_1"; Value = "SCHOTTKY_DIODE_B120-FDICT-ND"; VariantName = "[No Variations]"
Added Component: Designator=D4_Vout5(SB_DIODE)
Add component. Clean all parameters for all variants
Add component (AddParameter): Name = "DeviceName"; Value = "SCHOTTKY_DIODE_B120-FDICT-ND"; VariantName = "[No Variations]"
Add component (AddParameter): Name = "DeviceSetName"; Value = "SCHOTTKY_DIODE_B120-FDICT-ND"; VariantName = "[No Variations]"
Add component (AddParameter): Name = "GateName_1"; Value = "G$1"; VariantName = "[No Variations]"
Add component (AddParameter): Name = "LibraryName"; Value = "Solar_Fadi"; VariantName = "[No Variations]"
Add component (AddParameter): Name = "Package"; Value = "SCHOTTKY_DIODE_B120-FDICT-ND"; VariantName = "[No Variations]"
Add component (AddParameter): Name = "SymbolName_1"; Value = "SCHOTTKY_DIODE_B120-FDICT-ND"; VariantName = "[No Variations]"
Added Component: Designator=D4_Vout6(SB_DIODE)
Add component. Clean all parameters for all variants
Add component (AddParameter): Name = "DeviceName"; Value = "SCHOTTKY_DIODE_B120-FDICT-ND"; VariantName = "[No Variations]"
Add component (AddParameter): Name = "DeviceSetName"; Value = "SCHOTTKY_DIODE_B120-FDICT-ND"; VariantName = "[No Variations]"
Add component (AddParameter): Name = "GateName_1"; Value = "G$1"; VariantName = "[No Variations]"
Add component (AddParameter): Name = "LibraryName"; Value = "Solar_Fadi"; VariantName = "[No Variations]"
Add component (AddParameter): Name = "Package"; Value = "SCHOTTKY_DIODE_B120-FDICT-ND"; VariantName = "[No Variations]"
Add component (AddParameter): Name = "SymbolName_1"; Value = "SCHOTTKY_DIODE_B120-FDICT-ND"; VariantName = "[No Variations]"
Added Component: Designator=D4_Vout7(SB_DIODE)
Add component. Clean all parameters for all variants
Add component (AddParameter): Name = "DeviceName"; Value = "SCHOTTKY_DIODE_B120-FDICT-ND"; VariantName = "[No Variations]"
Add component (AddParameter): Name = "DeviceSetName"; Value = "SCHOTTKY_DIODE_B120-FDICT-ND"; VariantName = "[No Variations]"
Add component (AddParameter): Name = "GateName_1"; Value = "G$1"; VariantName = "[No Variations]"
Add component (AddParameter): Name = "LibraryName"; Value = "Solar_Fadi"; VariantName = "[No Variations]"
Add component (AddParameter): Name = "Package"; Value = "SCHOTTKY_DIODE_B120-FDICT-ND"; VariantName = "[No Variations]"
Add component (AddParameter): Name = "SymbolName_1"; Value = "SCHOTTKY_DIODE_B120-FDICT-ND"; VariantName = "[No Variations]"
Added Component: Designator=D4_Vout8(SB_DIODE)
Add component. Clean all parameters for all variants
Add component (AddParameter): Name = "DeviceName"; Value = "SCHOTTKY_DIODE_B120-FDICT-ND"; VariantName = "[No Variations]"
Add component (AddParameter): Name = "DeviceSetName"; Value = "SCHOTTKY_DIODE_B120-FDICT-ND"; VariantName = "[No Variations]"
Add component (AddParameter): Name = "GateName_1"; Value = "G$1"; VariantName = "[No Variations]"
Add component (AddParameter): Name = "LibraryName"; Value = "Solar_Fadi"; VariantName = "[No Variations]"
Add component (AddParameter): Name = "Package"; Value = "SCHOTTKY_DIODE_B120-FDICT-ND"; VariantName = "[No Variations]"
Add component (AddParameter): Name = "SymbolName_1"; Value = "SCHOTTKY_DIODE_B120-FDICT-ND"; VariantName = "[No Variations]"
Added Component: Designator=D5_Vout1(SB_DIODE)
Add component. Clean all parameters for all variants
Add component (AddParameter): Name = "DeviceName"; Value = "SCHOTTKY_DIODE_B120-FDICT-ND"; VariantName = "[No Variations]"
Add component (AddParameter): Name = "DeviceSetName"; Value = "SCHOTTKY_DIODE_B120-FDICT-ND"; VariantName = "[No Variations]"
Add component (AddParameter): Name = "GateName_1"; Value = "G$1"; VariantName = "[No Variations]"
Add component (AddParameter): Name = "LibraryName"; Value = "Solar_Fadi"; VariantName = "[No Variations]"
Add component (AddParameter): Name = "Package"; Value = "SCHOTTKY_DIODE_B120-FDICT-ND"; VariantName = "[No Variations]"
Add component (AddParameter): Name = "SymbolName_1"; Value = "SCHOTTKY_DIODE_B120-FDICT-ND"; VariantName = "[No Variations]"
Added Component: Designator=D5_Vout2(SB_DIODE)
Add component. Clean all parameters for all variants
Add component (AddParameter): Name = "DeviceName"; Value = "SCHOTTKY_DIODE_B120-FDICT-ND"; VariantName = "[No Variations]"
Add component (AddParameter): Name = "DeviceSetName"; Value = "SCHOTTKY_DIODE_B120-FDICT-ND"; VariantName = "[No Variations]"
Add component (AddParameter): Name = "GateName_1"; Value = "G$1"; VariantName = "[No Variations]"
Add component (AddParameter): Name = "LibraryName"; Value = "Solar_Fadi"; VariantName = "[No Variations]"
Add component (AddParameter): Name = "Package"; Value = "SCHOTTKY_DIODE_B120-FDICT-ND"; VariantName = "[No Variations]"
Add component (AddParameter): Name = "SymbolName_1"; Value = "SCHOTTKY_DIODE_B120-FDICT-ND"; VariantName = "[No Variations]"
Added Component: Designator=D5_Vout3(SB_DIODE)
Add component. Clean all parameters for all variants
Add component (AddParameter): Name = "DeviceName"; Value = "SCHOTTKY_DIODE_B120-FDICT-ND"; VariantName = "[No Variations]"
Add component (AddParameter): Name = "DeviceSetName"; Value = "SCHOTTKY_DIODE_B120-FDICT-ND"; VariantName = "[No Variations]"
Add component (AddParameter): Name = "GateName_1"; Value = "G$1"; VariantName = "[No Variations]"
Add component (AddParameter): Name = "LibraryName"; Value = "Solar_Fadi"; VariantName = "[No Variations]"
Add component (AddParameter): Name = "Package"; Value = "SCHOTTKY_DIODE_B120-FDICT-ND"; VariantName = "[No Variations]"
Add component (AddParameter): Name = "SymbolName_1"; Value = "SCHOTTKY_DIODE_B120-FDICT-ND"; VariantName = "[No Variations]"
Added Component: Designator=D5_Vout4(SB_DIODE)
Add component. Clean all parameters for all variants
Add component (AddParameter): Name = "DeviceName"; Value = "SCHOTTKY_DIODE_B120-FDICT-ND"; VariantName = "[No Variations]"
Add component (AddParameter): Name = "DeviceSetName"; Value = "SCHOTTKY_DIODE_B120-FDICT-ND"; VariantName = "[No Variations]"
Add component (AddParameter): Name = "GateName_1"; Value = "G$1"; VariantName = "[No Variations]"
Add component (AddParameter): Name = "LibraryName"; Value = "Solar_Fadi"; VariantName = "[No Variations]"
Add component (AddParameter): Name = "Package"; Value = "SCHOTTKY_DIODE_B120-FDICT-ND"; VariantName = "[No Variations]"
Add component (AddParameter): Name = "SymbolName_1"; Value = "SCHOTTKY_DIODE_B120-FDICT-ND"; VariantName = "[No Variations]"
Added Component: Designator=D5_Vout5(SB_DIODE)
Add component. Clean all parameters for all variants
Add component (AddParameter): Name = "DeviceName"; Value = "SCHOTTKY_DIODE_B120-FDICT-ND"; VariantName = "[No Variations]"
Add component (AddParameter): Name = "DeviceSetName"; Value = "SCHOTTKY_DIODE_B120-FDICT-ND"; VariantName = "[No Variations]"
Add component (AddParameter): Name = "GateName_1"; Value = "G$1"; VariantName = "[No Variations]"
Add component (AddParameter): Name = "LibraryName"; Value = "Solar_Fadi"; VariantName = "[No Variations]"
Add component (AddParameter): Name = "Package"; Value = "SCHOTTKY_DIODE_B120-FDICT-ND"; VariantName = "[No Variations]"
Add component (AddParameter): Name = "SymbolName_1"; Value = "SCHOTTKY_DIODE_B120-FDICT-ND"; VariantName = "[No Variations]"
Added Component: Designator=D5_Vout6(SB_DIODE)
Add component. Clean all parameters for all variants
Add component (AddParameter): Name = "DeviceName"; Value = "SCHOTTKY_DIODE_B120-FDICT-ND"; VariantName = "[No Variations]"
Add component (AddParameter): Name = "DeviceSetName"; Value = "SCHOTTKY_DIODE_B120-FDICT-ND"; VariantName = "[No Variations]"
Add component (AddParameter): Name = "GateName_1"; Value = "G$1"; VariantName = "[No Variations]"
Add component (AddParameter): Name = "LibraryName"; Value = "Solar_Fadi"; VariantName = "[No Variations]"
Add component (AddParameter): Name = "Package"; Value = "SCHOTTKY_DIODE_B120-FDICT-ND"; VariantName = "[No Variations]"
Add component (AddParameter): Name = "SymbolName_1"; Value = "SCHOTTKY_DIODE_B120-FDICT-ND"; VariantName = "[No Variations]"
Added Component: Designator=D5_Vout7(SB_DIODE)
Add component. Clean all parameters for all variants
Add component (AddParameter): Name = "DeviceName"; Value = "SCHOTTKY_DIODE_B120-FDICT-ND"; VariantName = "[No Variations]"
Add component (AddParameter): Name = "DeviceSetName"; Value = "SCHOTTKY_DIODE_B120-FDICT-ND"; VariantName = "[No Variations]"
Add component (AddParameter): Name = "GateName_1"; Value = "G$1"; VariantName = "[No Variations]"
Add component (AddParameter): Name = "LibraryName"; Value = "Solar_Fadi"; VariantName = "[No Variations]"
Add component (AddParameter): Name = "Package"; Value = "SCHOTTKY_DIODE_B120-FDICT-ND"; VariantName = "[No Variations]"
Add component (AddParameter): Name = "SymbolName_1"; Value = "SCHOTTKY_DIODE_B120-FDICT-ND"; VariantName = "[No Variations]"
Added Component: Designator=D5_Vout8(SB_DIODE)
Add component. Clean all parameters for all variants
Add component (AddParameter): Name = "DeviceName"; Value = "SCHOTTKY_DIODE_B120-FDICT-ND"; VariantName = "[No Variations]"
Add component (AddParameter): Name = "DeviceSetName"; Value = "SCHOTTKY_DIODE_B120-FDICT-ND"; VariantName = "[No Variations]"
Add component (AddParameter): Name = "GateName_1"; Value = "G$1"; VariantName = "[No Variations]"
Add component (AddParameter): Name = "LibraryName"; Value = "Solar_Fadi"; VariantName = "[No Variations]"
Add component (AddParameter): Name = "Package"; Value = "SCHOTTKY_DIODE_B120-FDICT-ND"; VariantName = "[No Variations]"
Add component (AddParameter): Name = "SymbolName_1"; Value = "SCHOTTKY_DIODE_B120-FDICT-ND"; VariantName = "[No Variations]"
Added Component: Designator=D6_Vout1(SB_DIODE)
Add component. Clean all parameters for all variants
Add component (AddParameter): Name = "DeviceName"; Value = "SCHOTTKY_DIODE_B120-FDICT-ND"; VariantName = "[No Variations]"
Add component (AddParameter): Name = "DeviceSetName"; Value = "SCHOTTKY_DIODE_B120-FDICT-ND"; VariantName = "[No Variations]"
Add component (AddParameter): Name = "GateName_1"; Value = "G$1"; VariantName = "[No Variations]"
Add component (AddParameter): Name = "LibraryName"; Value = "Solar_Fadi"; VariantName = "[No Variations]"
Add component (AddParameter): Name = "Package"; Value = "SCHOTTKY_DIODE_B120-FDICT-ND"; VariantName = "[No Variations]"
Add component (AddParameter): Name = "SymbolName_1"; Value = "SCHOTTKY_DIODE_B120-FDICT-ND"; VariantName = "[No Variations]"
Added Component: Designator=D6_Vout2(SB_DIODE)
Add component. Clean all parameters for all variants
Add component (AddParameter): Name = "DeviceName"; Value = "SCHOTTKY_DIODE_B120-FDICT-ND"; VariantName = "[No Variations]"
Add component (AddParameter): Name = "DeviceSetName"; Value = "SCHOTTKY_DIODE_B120-FDICT-ND"; VariantName = "[No Variations]"
Add component (AddParameter): Name = "GateName_1"; Value = "G$1"; VariantName = "[No Variations]"
Add component (AddParameter): Name = "LibraryName"; Value = "Solar_Fadi"; VariantName = "[No Variations]"
Add component (AddParameter): Name = "Package"; Value = "SCHOTTKY_DIODE_B120-FDICT-ND"; VariantName = "[No Variations]"
Add component (AddParameter): Name = "SymbolName_1"; Value = "SCHOTTKY_DIODE_B120-FDICT-ND"; VariantName = "[No Variations]"
Added Component: Designator=D6_Vout3(SB_DIODE)
Add component. Clean all parameters for all variants
Add component (AddParameter): Name = "DeviceName"; Value = "SCHOTTKY_DIODE_B120-FDICT-ND"; VariantName = "[No Variations]"
Add component (AddParameter): Name = "DeviceSetName"; Value = "SCHOTTKY_DIODE_B120-FDICT-ND"; VariantName = "[No Variations]"
Add component (AddParameter): Name = "GateName_1"; Value = "G$1"; VariantName = "[No Variations]"
Add component (AddParameter): Name = "LibraryName"; Value = "Solar_Fadi"; VariantName = "[No Variations]"
Add component (AddParameter): Name = "Package"; Value = "SCHOTTKY_DIODE_B120-FDICT-ND"; VariantName = "[No Variations]"
Add component (AddParameter): Name = "SymbolName_1"; Value = "SCHOTTKY_DIODE_B120-FDICT-ND"; VariantName = "[No Variations]"
Added Component: Designator=D6_Vout4(SB_DIODE)
Add component. Clean all parameters for all variants
Add component (AddParameter): Name = "DeviceName"; Value = "SCHOTTKY_DIODE_B120-FDICT-ND"; VariantName = "[No Variations]"
Add component (AddParameter): Name = "DeviceSetName"; Value = "SCHOTTKY_DIODE_B120-FDICT-ND"; VariantName = "[No Variations]"
Add component (AddParameter): Name = "GateName_1"; Value = "G$1"; VariantName = "[No Variations]"
Add component (AddParameter): Name = "LibraryName"; Value = "Solar_Fadi"; VariantName = "[No Variations]"
Add component (AddParameter): Name = "Package"; Value = "SCHOTTKY_DIODE_B120-FDICT-ND"; VariantName = "[No Variations]"
Add component (AddParameter): Name = "SymbolName_1"; Value = "SCHOTTKY_DIODE_B120-FDICT-ND"; VariantName = "[No Variations]"
Added Component: Designator=D6_Vout5(SB_DIODE)
Add component. Clean all parameters for all variants
Add component (AddParameter): Name = "DeviceName"; Value = "SCHOTTKY_DIODE_B120-FDICT-ND"; VariantName = "[No Variations]"
Add component (AddParameter): Name = "DeviceSetName"; Value = "SCHOTTKY_DIODE_B120-FDICT-ND"; VariantName = "[No Variations]"
Add component (AddParameter): Name = "GateName_1"; Value = "G$1"; VariantName = "[No Variations]"
Add component (AddParameter): Name = "LibraryName"; Value = "Solar_Fadi"; VariantName = "[No Variations]"
Add component (AddParameter): Name = "Package"; Value = "SCHOTTKY_DIODE_B120-FDICT-ND"; VariantName = "[No Variations]"
Add component (AddParameter): Name = "SymbolName_1"; Value = "SCHOTTKY_DIODE_B120-FDICT-ND"; VariantName = "[No Variations]"
Added Component: Designator=D6_Vout6(SB_DIODE)
Add component. Clean all parameters for all variants
Add component (AddParameter): Name = "DeviceName"; Value = "SCHOTTKY_DIODE_B120-FDICT-ND"; VariantName = "[No Variations]"
Add component (AddParameter): Name = "DeviceSetName"; Value = "SCHOTTKY_DIODE_B120-FDICT-ND"; VariantName = "[No Variations]"
Add component (AddParameter): Name = "GateName_1"; Value = "G$1"; VariantName = "[No Variations]"
Add component (AddParameter): Name = "LibraryName"; Value = "Solar_Fadi"; VariantName = "[No Variations]"
Add component (AddParameter): Name = "Package"; Value = "SCHOTTKY_DIODE_B120-FDICT-ND"; VariantName = "[No Variations]"
Add component (AddParameter): Name = "SymbolName_1"; Value = "SCHOTTKY_DIODE_B120-FDICT-ND"; VariantName = "[No Variations]"
Added Component: Designator=D6_Vout7(SB_DIODE)
Add component. Clean all parameters for all variants
Add component (AddParameter): Name = "DeviceName"; Value = "SCHOTTKY_DIODE_B120-FDICT-ND"; VariantName = "[No Variations]"
Add component (AddParameter): Name = "DeviceSetName"; Value = "SCHOTTKY_DIODE_B120-FDICT-ND"; VariantName = "[No Variations]"
Add component (AddParameter): Name = "GateName_1"; Value = "G$1"; VariantName = "[No Variations]"
Add component (AddParameter): Name = "LibraryName"; Value = "Solar_Fadi"; VariantName = "[No Variations]"
Add component (AddParameter): Name = "Package"; Value = "SCHOTTKY_DIODE_B120-FDICT-ND"; VariantName = "[No Variations]"
Add component (AddParameter): Name = "SymbolName_1"; Value = "SCHOTTKY_DIODE_B120-FDICT-ND"; VariantName = "[No Variations]"
Added Component: Designator=D6_Vout8(SB_DIODE)
Add component. Clean all parameters for all variants
Add component (AddParameter): Name = "DeviceName"; Value = "SCHOTTKY_DIODE_B120-FDICT-ND"; VariantName = "[No Variations]"
Add component (AddParameter): Name = "DeviceSetName"; Value = "SCHOTTKY_DIODE_B120-FDICT-ND"; VariantName = "[No Variations]"
Add component (AddParameter): Name = "GateName_1"; Value = "G$1"; VariantName = "[No Variations]"
Add component (AddParameter): Name = "LibraryName"; Value = "Solar_Fadi"; VariantName = "[No Variations]"
Add component (AddParameter): Name = "Package"; Value = "SCHOTTKY_DIODE_B120-FDICT-ND"; VariantName = "[No Variations]"
Add component (AddParameter): Name = "SymbolName_1"; Value = "SCHOTTKY_DIODE_B120-FDICT-ND"; VariantName = "[No Variations]"
Added Component: Designator=D7_Vout1(SB_DIODE)
Add component. Clean all parameters for all variants
Add component (AddParameter): Name = "DeviceName"; Value = "SCHOTTKY_DIODE_B120-FDICT-ND"; VariantName = "[No Variations]"
Add component (AddParameter): Name = "DeviceSetName"; Value = "SCHOTTKY_DIODE_B120-FDICT-ND"; VariantName = "[No Variations]"
Add component (AddParameter): Name = "GateName_1"; Value = "G$1"; VariantName = "[No Variations]"
Add component (AddParameter): Name = "LibraryName"; Value = "Solar_Fadi"; VariantName = "[No Variations]"
Add component (AddParameter): Name = "Package"; Value = "SCHOTTKY_DIODE_B120-FDICT-ND"; VariantName = "[No Variations]"
Add component (AddParameter): Name = "SymbolName_1"; Value = "SCHOTTKY_DIODE_B120-FDICT-ND"; VariantName = "[No Variations]"
Added Component: Designator=D7_Vout2(SB_DIODE)
Add component. Clean all parameters for all variants
Add component (AddParameter): Name = "DeviceName"; Value = "SCHOTTKY_DIODE_B120-FDICT-ND"; VariantName = "[No Variations]"
Add component (AddParameter): Name = "DeviceSetName"; Value = "SCHOTTKY_DIODE_B120-FDICT-ND"; VariantName = "[No Variations]"
Add component (AddParameter): Name = "GateName_1"; Value = "G$1"; VariantName = "[No Variations]"
Add component (AddParameter): Name = "LibraryName"; Value = "Solar_Fadi"; VariantName = "[No Variations]"
Add component (AddParameter): Name = "Package"; Value = "SCHOTTKY_DIODE_B120-FDICT-ND"; VariantName = "[No Variations]"
Add component (AddParameter): Name = "SymbolName_1"; Value = "SCHOTTKY_DIODE_B120-FDICT-ND"; VariantName = "[No Variations]"
Added Component: Designator=D7_Vout3(SB_DIODE)
Add component. Clean all parameters for all variants
Add component (AddParameter): Name = "DeviceName"; Value = "SCHOTTKY_DIODE_B120-FDICT-ND"; VariantName = "[No Variations]"
Add component (AddParameter): Name = "DeviceSetName"; Value = "SCHOTTKY_DIODE_B120-FDICT-ND"; VariantName = "[No Variations]"
Add component (AddParameter): Name = "GateName_1"; Value = "G$1"; VariantName = "[No Variations]"
Add component (AddParameter): Name = "LibraryName"; Value = "Solar_Fadi"; VariantName = "[No Variations]"
Add component (AddParameter): Name = "Package"; Value = "SCHOTTKY_DIODE_B120-FDICT-ND"; VariantName = "[No Variations]"
Add component (AddParameter): Name = "SymbolName_1"; Value = "SCHOTTKY_DIODE_B120-FDICT-ND"; VariantName = "[No Variations]"
Added Component: Designator=D7_Vout4(SB_DIODE)
Add component. Clean all parameters for all variants
Add component (AddParameter): Name = "DeviceName"; Value = "SCHOTTKY_DIODE_B120-FDICT-ND"; VariantName = "[No Variations]"
Add component (AddParameter): Name = "DeviceSetName"; Value = "SCHOTTKY_DIODE_B120-FDICT-ND"; VariantName = "[No Variations]"
Add component (AddParameter): Name = "GateName_1"; Value = "G$1"; VariantName = "[No Variations]"
Add component (AddParameter): Name = "LibraryName"; Value = "Solar_Fadi"; VariantName = "[No Variations]"
Add component (AddParameter): Name = "Package"; Value = "SCHOTTKY_DIODE_B120-FDICT-ND"; VariantName = "[No Variations]"
Add component (AddParameter): Name = "SymbolName_1"; Value = "SCHOTTKY_DIODE_B120-FDICT-ND"; VariantName = "[No Variations]"
Added Component: Designator=D7_Vout5(SB_DIODE)
Add component. Clean all parameters for all variants
Add component (AddParameter): Name = "DeviceName"; Value = "SCHOTTKY_DIODE_B120-FDICT-ND"; VariantName = "[No Variations]"
Add component (AddParameter): Name = "DeviceSetName"; Value = "SCHOTTKY_DIODE_B120-FDICT-ND"; VariantName = "[No Variations]"
Add component (AddParameter): Name = "GateName_1"; Value = "G$1"; VariantName = "[No Variations]"
Add component (AddParameter): Name = "LibraryName"; Value = "Solar_Fadi"; VariantName = "[No Variations]"
Add component (AddParameter): Name = "Package"; Value = "SCHOTTKY_DIODE_B120-FDICT-ND"; VariantName = "[No Variations]"
Add component (AddParameter): Name = "SymbolName_1"; Value = "SCHOTTKY_DIODE_B120-FDICT-ND"; VariantName = "[No Variations]"
Added Component: Designator=D7_Vout6(SB_DIODE)
Add component. Clean all parameters for all variants
Add component (AddParameter): Name = "DeviceName"; Value = "SCHOTTKY_DIODE_B120-FDICT-ND"; VariantName = "[No Variations]"
Add component (AddParameter): Name = "DeviceSetName"; Value = "SCHOTTKY_DIODE_B120-FDICT-ND"; VariantName = "[No Variations]"
Add component (AddParameter): Name = "GateName_1"; Value = "G$1"; VariantName = "[No Variations]"
Add component (AddParameter): Name = "LibraryName"; Value = "Solar_Fadi"; VariantName = "[No Variations]"
Add component (AddParameter): Name = "Package"; Value = "SCHOTTKY_DIODE_B120-FDICT-ND"; VariantName = "[No Variations]"
Add component (AddParameter): Name = "SymbolName_1"; Value = "SCHOTTKY_DIODE_B120-FDICT-ND"; VariantName = "[No Variations]"
Added Component: Designator=D7_Vout7(SB_DIODE)
Add component. Clean all parameters for all variants
Add component (AddParameter): Name = "DeviceName"; Value = "SCHOTTKY_DIODE_B120-FDICT-ND"; VariantName = "[No Variations]"
Add component (AddParameter): Name = "DeviceSetName"; Value = "SCHOTTKY_DIODE_B120-FDICT-ND"; VariantName = "[No Variations]"
Add component (AddParameter): Name = "GateName_1"; Value = "G$1"; VariantName = "[No Variations]"
Add component (AddParameter): Name = "LibraryName"; Value = "Solar_Fadi"; VariantName = "[No Variations]"
Add component (AddParameter): Name = "Package"; Value = "SCHOTTKY_DIODE_B120-FDICT-ND"; VariantName = "[No Variations]"
Add component (AddParameter): Name = "SymbolName_1"; Value = "SCHOTTKY_DIODE_B120-FDICT-ND"; VariantName = "[No Variations]"
Added Component: Designator=D7_Vout8(SB_DIODE)
Add component. Clean all parameters for all variants
Add component (AddParameter): Name = "DeviceName"; Value = "SCHOTTKY_DIODE_B120-FDICT-ND"; VariantName = "[No Variations]"
Add component (AddParameter): Name = "DeviceSetName"; Value = "SCHOTTKY_DIODE_B120-FDICT-ND"; VariantName = "[No Variations]"
Add component (AddParameter): Name = "GateName_1"; Value = "G$1"; VariantName = "[No Variations]"
Add component (AddParameter): Name = "LibraryName"; Value = "Solar_Fadi"; VariantName = "[No Variations]"
Add component (AddParameter): Name = "Package"; Value = "SCHOTTKY_DIODE_B120-FDICT-ND"; VariantName = "[No Variations]"
Add component (AddParameter): Name = "SymbolName_1"; Value = "SCHOTTKY_DIODE_B120-FDICT-ND"; VariantName = "[No Variations]"
Added Component: Designator=D8(SB_DIODE)
Add component. Clean all parameters for all variants
Add component (AddParameter): Name = "DeviceName"; Value = "SCHOTTKY_DIODE_B120-FDICT-ND"; VariantName = "[No Variations]"
Add component (AddParameter): Name = "DeviceSetName"; Value = "SCHOTTKY_DIODE_B120-FDICT-ND"; VariantName = "[No Variations]"
Add component (AddParameter): Name = "GateName_1"; Value = "G$1"; VariantName = "[No Variations]"
Add component (AddParameter): Name = "LibraryName"; Value = "Solar_Fadi"; VariantName = "[No Variations]"
Add component (AddParameter): Name = "Package"; Value = "SCHOTTKY_DIODE_B120-FDICT-ND"; VariantName = "[No Variations]"
Add component (AddParameter): Name = "SymbolName_1"; Value = "SCHOTTKY_DIODE_B120-FDICT-ND"; VariantName = "[No Variations]"
Added Component: Designator=D9(SB_DIODE)
Add component. Clean all parameters for all variants
Add component (AddParameter): Name = "DeviceName"; Value = "SCHOTTKY_DIODE_B120-FDICT-ND"; VariantName = "[No Variations]"
Add component (AddParameter): Name = "DeviceSetName"; Value = "SCHOTTKY_DIODE_B120-FDICT-ND"; VariantName = "[No Variations]"
Add component (AddParameter): Name = "GateName_1"; Value = "G$1"; VariantName = "[No Variations]"
Add component (AddParameter): Name = "LibraryName"; Value = "Solar_Fadi"; VariantName = "[No Variations]"
Add component (AddParameter): Name = "Package"; Value = "SCHOTTKY_DIODE_B120-FDICT-ND"; VariantName = "[No Variations]"
Add component (AddParameter): Name = "SymbolName_1"; Value = "SCHOTTKY_DIODE_B120-FDICT-ND"; VariantName = "[No Variations]"
Added Component: Designator=D10(SB_DIODE)
Add component. Clean all parameters for all variants
Add component (AddParameter): Name = "DeviceName"; Value = "SCHOTTKY_DIODE_B120-FDICT-ND"; VariantName = "[No Variations]"
Add component (AddParameter): Name = "DeviceSetName"; Value = "SCHOTTKY_DIODE_B120-FDICT-ND"; VariantName = "[No Variations]"
Add component (AddParameter): Name = "GateName_1"; Value = "G$1"; VariantName = "[No Variations]"
Add component (AddParameter): Name = "LibraryName"; Value = "Solar_Fadi"; VariantName = "[No Variations]"
Add component (AddParameter): Name = "Package"; Value = "SCHOTTKY_DIODE_B120-FDICT-ND"; VariantName = "[No Variations]"
Add component (AddParameter): Name = "SymbolName_1"; Value = "SCHOTTKY_DIODE_B120-FDICT-ND"; VariantName = "[No Variations]"
Added Component: Designator=D11(SB_DIODE)
Add component. Clean all parameters for all variants
Add component (AddParameter): Name = "DeviceName"; Value = "SCHOTTKY_DIODE_B120-FDICT-ND"; VariantName = "[No Variations]"
Add component (AddParameter): Name = "DeviceSetName"; Value = "SCHOTTKY_DIODE_B120-FDICT-ND"; VariantName = "[No Variations]"
Add component (AddParameter): Name = "GateName_1"; Value = "G$1"; VariantName = "[No Variations]"
Add component (AddParameter): Name = "LibraryName"; Value = "Solar_Fadi"; VariantName = "[No Variations]"
Add component (AddParameter): Name = "Package"; Value = "SCHOTTKY_DIODE_B120-FDICT-ND"; VariantName = "[No Variations]"
Add component (AddParameter): Name = "SymbolName_1"; Value = "SCHOTTKY_DIODE_B120-FDICT-ND"; VariantName = "[No Variations]"
Added Component: Designator=D12(SB_DIODE)
Add component. Clean all parameters for all variants
Add component (AddParameter): Name = "DeviceName"; Value = "SCHOTTKY_DIODE_B120-FDICT-ND"; VariantName = "[No Variations]"
Add component (AddParameter): Name = "DeviceSetName"; Value = "SCHOTTKY_DIODE_B120-FDICT-ND"; VariantName = "[No Variations]"
Add component (AddParameter): Name = "GateName_1"; Value = "G$1"; VariantName = "[No Variations]"
Add component (AddParameter): Name = "LibraryName"; Value = "Solar_Fadi"; VariantName = "[No Variations]"
Add component (AddParameter): Name = "Package"; Value = "SCHOTTKY_DIODE_B120-FDICT-ND"; VariantName = "[No Variations]"
Add component (AddParameter): Name = "SymbolName_1"; Value = "SCHOTTKY_DIODE_B120-FDICT-ND"; VariantName = "[No Variations]"
Added Component: Designator=D13(SB_DIODE)
Add component. Clean all parameters for all variants
Add component (AddParameter): Name = "DeviceName"; Value = "SCHOTTKY_DIODE_B120-FDICT-ND"; VariantName = "[No Variations]"
Add component (AddParameter): Name = "DeviceSetName"; Value = "SCHOTTKY_DIODE_B120-FDICT-ND"; VariantName = "[No Variations]"
Add component (AddParameter): Name = "GateName_1"; Value = "G$1"; VariantName = "[No Variations]"
Add component (AddParameter): Name = "LibraryName"; Value = "Solar_Fadi"; VariantName = "[No Variations]"
Add component (AddParameter): Name = "Package"; Value = "SCHOTTKY_DIODE_B120-FDICT-ND"; VariantName = "[No Variations]"
Add component (AddParameter): Name = "SymbolName_1"; Value = "SCHOTTKY_DIODE_B120-FDICT-ND"; VariantName = "[No Variations]"
Added Component: Designator=D14(SB_DIODE)
Add component. Clean all parameters for all variants
Add component (AddParameter): Name = "DeviceName"; Value = "SCHOTTKY_DIODE_B120-FDICT-ND"; VariantName = "[No Variations]"
Add component (AddParameter): Name = "DeviceSetName"; Value = "SCHOTTKY_DIODE_B120-FDICT-ND"; VariantName = "[No Variations]"
Add component (AddParameter): Name = "GateName_1"; Value = "G$1"; VariantName = "[No Variations]"
Add component (AddParameter): Name = "LibraryName"; Value = "Solar_Fadi"; VariantName = "[No Variations]"
Add component (AddParameter): Name = "Package"; Value = "SCHOTTKY_DIODE_B120-FDICT-ND"; VariantName = "[No Variations]"
Add component (AddParameter): Name = "SymbolName_1"; Value = "SCHOTTKY_DIODE_B120-FDICT-ND"; VariantName = "[No Variations]"
Added Component: Designator=J1(5040500491)
Add component. Clean all parameters for all variants
Add component (AddParameter): Name = "Allied_Number"; Value = "70331790"; VariantName = "[No Variations]"
Add component (AddParameter): Name = "Allied Price/Stock"; Value = "https://www.alliedelec.com/molex-incorporated-5040500491/70331790/"; VariantName = "[No Variations]"
Add component (AddParameter): Name = "Datasheet Link"; Value = "https://www.molex.com/pdm_docs/sd/5040500691_sd.pdf"; VariantName = "[No Variations]"
Add component (AddParameter): Name = "Height"; Value = "2.15mm"; VariantName = "[No Variations]"
Add component (AddParameter): Name = "Manufacturer_Name"; Value = "Molex"; VariantName = "[No Variations]"
Add component (AddParameter): Name = "Manufacturer_Part_Number"; Value = "5040500491"; VariantName = "[No Variations]"
Add component (AddParameter): Name = "Mouser Part Number"; Value = ""; VariantName = "[No Variations]"
Add component (AddParameter): Name = "Mouser Price/Stock"; Value = ""; VariantName = "[No Variations]"
Add component (AddParameter): Name = "RS Part Number"; Value = ""; VariantName = "[No Variations]"
Add component (AddParameter): Name = "RS Price/Stock"; Value = ""; VariantName = "[No Variations]"
Added Component: Designator=J2(5040500491)
Add component. Clean all parameters for all variants
Add component (AddParameter): Name = "Allied_Number"; Value = "70331790"; VariantName = "[No Variations]"
Add component (AddParameter): Name = "Allied Price/Stock"; Value = "https://www.alliedelec.com/molex-incorporated-5040500491/70331790/"; VariantName = "[No Variations]"
Add component (AddParameter): Name = "Datasheet Link"; Value = "https://www.molex.com/pdm_docs/sd/5040500691_sd.pdf"; VariantName = "[No Variations]"
Add component (AddParameter): Name = "Height"; Value = "2.15mm"; VariantName = "[No Variations]"
Add component (AddParameter): Name = "Manufacturer_Name"; Value = "Molex"; VariantName = "[No Variations]"
Add component (AddParameter): Name = "Manufacturer_Part_Number"; Value = "5040500491"; VariantName = "[No Variations]"
Add component (AddParameter): Name = "Mouser Part Number"; Value = ""; VariantName = "[No Variations]"
Add component (AddParameter): Name = "Mouser Price/Stock"; Value = ""; VariantName = "[No Variations]"
Add component (AddParameter): Name = "RS Part Number"; Value = ""; VariantName = "[No Variations]"
Add component (AddParameter): Name = "RS Price/Stock"; Value = ""; VariantName = "[No Variations]"
Added Component: Designator=S1_Vout1(SOLAR_CELL)
Add component. Clean all parameters for all variants
Added Component: Designator=S1_Vout2(SOLAR_CELL)
Add component. Clean all parameters for all variants
Added Component: Designator=S1_Vout3(SOLAR_CELL)
Add component. Clean all parameters for all variants
Added Component: Designator=S1_Vout4(SOLAR_CELL)
Add component. Clean all parameters for all variants
Added Component: Designator=S1_Vout5(SOLAR_CELL)
Add component. Clean all parameters for all variants
Added Component: Designator=S1_Vout6(SOLAR_CELL)
Add component. Clean all parameters for all variants
Added Component: Designator=S1_Vout7(SOLAR_CELL)
Add component. Clean all parameters for all variants
Added Component: Designator=S1_Vout8(SOLAR_CELL)
Add component. Clean all parameters for all variants
Added Component: Designator=S2_Vout1(SOLAR_CELL)
Add component. Clean all parameters for all variants
Added Component: Designator=S2_Vout2(SOLAR_CELL)
Add component. Clean all parameters for all variants
Added Component: Designator=S2_Vout3(SOLAR_CELL)
Add component. Clean all parameters for all variants
Added Component: Designator=S2_Vout4(SOLAR_CELL)
Add component. Clean all parameters for all variants
Added Component: Designator=S2_Vout5(SOLAR_CELL)
Add component. Clean all parameters for all variants
Added Component: Designator=S2_Vout6(SOLAR_CELL)
Add component. Clean all parameters for all variants
Added Component: Designator=S2_Vout7(SOLAR_CELL)
Add component. Clean all parameters for all variants
Added Component: Designator=S2_Vout8(SOLAR_CELL)
Add component. Clean all parameters for all variants
Added Component: Designator=S3_Vout1(SOLAR_CELL)
Add component. Clean all parameters for all variants
Added Component: Designator=S3_Vout2(SOLAR_CELL)
Add component. Clean all parameters for all variants
Added Component: Designator=S3_Vout3(SOLAR_CELL)
Add component. Clean all parameters for all variants
Added Component: Designator=S3_Vout4(SOLAR_CELL)
Add component. Clean all parameters for all variants
Added Component: Designator=S3_Vout5(SOLAR_CELL)
Add component. Clean all parameters for all variants
Added Component: Designator=S3_Vout6(SOLAR_CELL)
Add component. Clean all parameters for all variants
Added Component: Designator=S3_Vout7(SOLAR_CELL)
Add component. Clean all parameters for all variants
Added Component: Designator=S3_Vout8(SOLAR_CELL)
Add component. Clean all parameters for all variants
Added Component: Designator=S4_Vout1(SOLAR_CELL)
Add component. Clean all parameters for all variants
Added Component: Designator=S4_Vout2(SOLAR_CELL)
Add component. Clean all parameters for all variants
Added Component: Designator=S4_Vout3(SOLAR_CELL)
Add component. Clean all parameters for all variants
Added Component: Designator=S4_Vout4(SOLAR_CELL)
Add component. Clean all parameters for all variants
Added Component: Designator=S4_Vout5(SOLAR_CELL)
Add component. Clean all parameters for all variants
Added Component: Designator=S4_Vout6(SOLAR_CELL)
Add component. Clean all parameters for all variants
Added Component: Designator=S4_Vout7(SOLAR_CELL)
Add component. Clean all parameters for all variants
Added Component: Designator=S4_Vout8(SOLAR_CELL)
Add component. Clean all parameters for all variants
Added Component: Designator=S5_Vout1(SOLAR_CELL)
Add component. Clean all parameters for all variants
Added Component: Designator=S5_Vout2(SOLAR_CELL)
Add component. Clean all parameters for all variants
Added Component: Designator=S5_Vout3(SOLAR_CELL)
Add component. Clean all parameters for all variants
Added Component: Designator=S5_Vout4(SOLAR_CELL)
Add component. Clean all parameters for all variants
Added Component: Designator=S5_Vout5(SOLAR_CELL)
Add component. Clean all parameters for all variants
Added Component: Designator=S5_Vout6(SOLAR_CELL)
Add component. Clean all parameters for all variants
Added Component: Designator=S5_Vout7(SOLAR_CELL)
Add component. Clean all parameters for all variants
Added Component: Designator=S5_Vout8(SOLAR_CELL)
Add component. Clean all parameters for all variants
Added Component: Designator=S6_Vout1(SOLAR_CELL)
Add component. Clean all parameters for all variants
Added Component: Designator=S6_Vout2(SOLAR_CELL)
Add component. Clean all parameters for all variants
Added Component: Designator=S6_Vout3(SOLAR_CELL)
Add component. Clean all parameters for all variants
Added Component: Designator=S6_Vout4(SOLAR_CELL)
Add component. Clean all parameters for all variants
Added Component: Designator=S6_Vout5(SOLAR_CELL)
Add component. Clean all parameters for all variants
Added Component: Designator=S6_Vout6(SOLAR_CELL)
Add component. Clean all parameters for all variants
Added Component: Designator=S6_Vout7(SOLAR_CELL)
Add component. Clean all parameters for all variants
Added Component: Designator=S6_Vout8(SOLAR_CELL)
Add component. Clean all parameters for all variants
Added Component: Designator=S7_Vout1(SOLAR_CELL)
Add component. Clean all parameters for all variants
Added Component: Designator=S7_Vout2(SOLAR_CELL)
Add component. Clean all parameters for all variants
Added Component: Designator=S7_Vout3(SOLAR_CELL)
Add component. Clean all parameters for all variants
Added Component: Designator=S7_Vout4(SOLAR_CELL)
Add component. Clean all parameters for all variants
Added Component: Designator=S7_Vout5(SOLAR_CELL)
Add component. Clean all parameters for all variants
Added Component: Designator=S7_Vout6(SOLAR_CELL)
Add component. Clean all parameters for all variants
Added Component: Designator=S7_Vout7(SOLAR_CELL)
Add component. Clean all parameters for all variants
Added Component: Designator=S7_Vout8(SOLAR_CELL)
Add component. Clean all parameters for all variants
Added Component: Designator=S8_Vout1(SOLAR_CELL)
Add component. Clean all parameters for all variants
Added Component: Designator=S8_Vout2(SOLAR_CELL)
Add component. Clean all parameters for all variants
Added Component: Designator=S8_Vout3(SOLAR_CELL)
Add component. Clean all parameters for all variants
Added Component: Designator=S8_Vout4(SOLAR_CELL)
Add component. Clean all parameters for all variants
Added Component: Designator=S8_Vout5(SOLAR_CELL)
Add component. Clean all parameters for all variants
Added Component: Designator=S8_Vout6(SOLAR_CELL)
Add component. Clean all parameters for all variants
Added Component: Designator=S8_Vout7(SOLAR_CELL)
Add component. Clean all parameters for all variants
Added Component: Designator=S8_Vout8(SOLAR_CELL)
Add component. Clean all parameters for all variants
Added Component: Designator=S9_Vout1(SOLAR_CELL)
Add component. Clean all parameters for all variants
Added Component: Designator=S9_Vout2(SOLAR_CELL)
Add component. Clean all parameters for all variants
Added Component: Designator=S9_Vout3(SOLAR_CELL)
Add component. Clean all parameters for all variants
Added Component: Designator=S9_Vout4(SOLAR_CELL)
Add component. Clean all parameters for all variants
Added Component: Designator=S9_Vout5(SOLAR_CELL)
Add component. Clean all parameters for all variants
Added Component: Designator=S9_Vout6(SOLAR_CELL)
Add component. Clean all parameters for all variants
Added Component: Designator=S9_Vout7(SOLAR_CELL)
Add component. Clean all parameters for all variants
Added Component: Designator=S9_Vout8(SOLAR_CELL)
Add component. Clean all parameters for all variants
Added Component: Designator=S10_Vout1(SOLAR_CELL)
Add component. Clean all parameters for all variants
Added Component: Designator=S10_Vout2(SOLAR_CELL)
Add component. Clean all parameters for all variants
Added Component: Designator=S10_Vout3(SOLAR_CELL)
Add component. Clean all parameters for all variants
Added Component: Designator=S10_Vout4(SOLAR_CELL)
Add component. Clean all parameters for all variants
Added Component: Designator=S10_Vout5(SOLAR_CELL)
Add component. Clean all parameters for all variants
Added Component: Designator=S10_Vout6(SOLAR_CELL)
Add component. Clean all parameters for all variants
Added Component: Designator=S10_Vout7(SOLAR_CELL)
Add component. Clean all parameters for all variants
Added Component: Designator=S10_Vout8(SOLAR_CELL)
Add component. Clean all parameters for all variants
Added Component: Designator=S11_Vout1(SOLAR_CELL)
Add component. Clean all parameters for all variants
Added Component: Designator=S11_Vout2(SOLAR_CELL)
Add component. Clean all parameters for all variants
Added Component: Designator=S11_Vout3(SOLAR_CELL)
Add component. Clean all parameters for all variants
Added Component: Designator=S11_Vout4(SOLAR_CELL)
Add component. Clean all parameters for all variants
Added Component: Designator=S11_Vout5(SOLAR_CELL)
Add component. Clean all parameters for all variants
Added Component: Designator=S11_Vout6(SOLAR_CELL)
Add component. Clean all parameters for all variants
Added Component: Designator=S11_Vout7(SOLAR_CELL)
Add component. Clean all parameters for all variants
Added Component: Designator=S11_Vout8(SOLAR_CELL)
Add component. Clean all parameters for all variants
Added Component: Designator=S12_Vout1(SOLAR_CELL)
Add component. Clean all parameters for all variants
Added Component: Designator=S12_Vout2(SOLAR_CELL)
Add component. Clean all parameters for all variants
Added Component: Designator=S12_Vout3(SOLAR_CELL)
Add component. Clean all parameters for all variants
Added Component: Designator=S12_Vout4(SOLAR_CELL)
Add component. Clean all parameters for all variants
Added Component: Designator=S12_Vout5(SOLAR_CELL)
Add component. Clean all parameters for all variants
Added Component: Designator=S12_Vout6(SOLAR_CELL)
Add component. Clean all parameters for all variants
Added Component: Designator=S12_Vout7(SOLAR_CELL)
Add component. Clean all parameters for all variants
Added Component: Designator=S12_Vout8(SOLAR_CELL)
Add component. Clean all parameters for all variants
Added Component: Designator=S13(SOLAR_CELL)
Add component. Clean all parameters for all variants
Added Component: Designator=S14(SOLAR_CELL)
Add component. Clean all parameters for all variants
Added Component: Designator=S15(SOLAR_CELL)
Add component. Clean all parameters for all variants
Added Component: Designator=S16(SOLAR_CELL)
Add component. Clean all parameters for all variants
Added Component: Designator=S17(SOLAR_CELL)
Add component. Clean all parameters for all variants
Added Component: Designator=S18(SOLAR_CELL)
Add component. Clean all parameters for all variants
Added Component: Designator=TP1_Vout1(TEST_POINT)
Add component. Clean all parameters for all variants
Added Component: Designator=TP1_Vout2(TEST_POINT)
Add component. Clean all parameters for all variants
Added Component: Designator=TP1_Vout3(TEST_POINT)
Add component. Clean all parameters for all variants
Added Component: Designator=TP1_Vout4(TEST_POINT)
Add component. Clean all parameters for all variants
Added Component: Designator=TP1_Vout5(TEST_POINT)
Add component. Clean all parameters for all variants
Added Component: Designator=TP1_Vout6(TEST_POINT)
Add component. Clean all parameters for all variants
Added Component: Designator=TP1_Vout7(TEST_POINT)
Add component. Clean all parameters for all variants
Added Component: Designator=TP1_Vout8(TEST_POINT)
Add component. Clean all parameters for all variants
Added Component: Designator=TP2_Vout1(TEST_POINT)
Add component. Clean all parameters for all variants
Added Component: Designator=TP2_Vout2(TEST_POINT)
Add component. Clean all parameters for all variants
Added Component: Designator=TP2_Vout3(TEST_POINT)
Add component. Clean all parameters for all variants
Added Component: Designator=TP2_Vout4(TEST_POINT)
Add component. Clean all parameters for all variants
Added Component: Designator=TP2_Vout5(TEST_POINT)
Add component. Clean all parameters for all variants
Added Component: Designator=TP2_Vout6(TEST_POINT)
Add component. Clean all parameters for all variants
Added Component: Designator=TP2_Vout7(TEST_POINT)
Add component. Clean all parameters for all variants
Added Component: Designator=TP2_Vout8(TEST_POINT)
Add component. Clean all parameters for all variants
Added Component: Designator=TP3_Vout1(TEST_POINT)
Add component. Clean all parameters for all variants
Added Component: Designator=TP3_Vout2(TEST_POINT)
Add component. Clean all parameters for all variants
Added Component: Designator=TP3_Vout3(TEST_POINT)
Add component. Clean all parameters for all variants
Added Component: Designator=TP3_Vout4(TEST_POINT)
Add component. Clean all parameters for all variants
Added Component: Designator=TP3_Vout5(TEST_POINT)
Add component. Clean all parameters for all variants
Added Component: Designator=TP3_Vout6(TEST_POINT)
Add component. Clean all parameters for all variants
Added Component: Designator=TP3_Vout7(TEST_POINT)
Add component. Clean all parameters for all variants
Added Component: Designator=TP3_Vout8(TEST_POINT)
Add component. Clean all parameters for all variants
Added Component: Designator=TP4_Vout1(TEST_POINT)
Add component. Clean all parameters for all variants
Added Component: Designator=TP4_Vout2(TEST_POINT)
Add component. Clean all parameters for all variants
Added Component: Designator=TP4_Vout3(TEST_POINT)
Add component. Clean all parameters for all variants
Added Component: Designator=TP4_Vout4(TEST_POINT)
Add component. Clean all parameters for all variants
Added Component: Designator=TP4_Vout5(TEST_POINT)
Add component. Clean all parameters for all variants
Added Component: Designator=TP4_Vout6(TEST_POINT)
Add component. Clean all parameters for all variants
Added Component: Designator=TP4_Vout7(TEST_POINT)
Add component. Clean all parameters for all variants
Added Component: Designator=TP4_Vout8(TEST_POINT)
Add component. Clean all parameters for all variants
Added Component: Designator=TP5_Vout1(TEST_POINT)
Add component. Clean all parameters for all variants
Added Component: Designator=TP5_Vout2(TEST_POINT)
Add component. Clean all parameters for all variants
Added Component: Designator=TP5_Vout3(TEST_POINT)
Add component. Clean all parameters for all variants
Added Component: Designator=TP5_Vout4(TEST_POINT)
Add component. Clean all parameters for all variants
Added Component: Designator=TP5_Vout5(TEST_POINT)
Add component. Clean all parameters for all variants
Added Component: Designator=TP5_Vout6(TEST_POINT)
Add component. Clean all parameters for all variants
Added Component: Designator=TP5_Vout7(TEST_POINT)
Add component. Clean all parameters for all variants
Added Component: Designator=TP5_Vout8(TEST_POINT)
Add component. Clean all parameters for all variants
Added Component: Designator=TP6_Vout1(TEST_POINT)
Add component. Clean all parameters for all variants
Added Component: Designator=TP6_Vout2(TEST_POINT)
Add component. Clean all parameters for all variants
Added Component: Designator=TP6_Vout3(TEST_POINT)
Add component. Clean all parameters for all variants
Added Component: Designator=TP6_Vout4(TEST_POINT)
Add component. Clean all parameters for all variants
Added Component: Designator=TP6_Vout5(TEST_POINT)
Add component. Clean all parameters for all variants
Added Component: Designator=TP6_Vout6(TEST_POINT)
Add component. Clean all parameters for all variants
Added Component: Designator=TP6_Vout7(TEST_POINT)
Add component. Clean all parameters for all variants
Added Component: Designator=TP6_Vout8(TEST_POINT)
Add component. Clean all parameters for all variants
Added Component: Designator=TP7(TEST_POINT)
Add component. Clean all parameters for all variants
Added Component: Designator=TP8(TEST_POINT)
Add component. Clean all parameters for all variants
Added Component: Designator=TP9(TEST_POINT)
Add component. Clean all parameters for all variants
Added Component: Designator=TP10(TEST_POINT)
Add component. Clean all parameters for all variants
Added Component: Designator=TP11(TEST_POINT)
Add component. Clean all parameters for all variants
Added Component: Designator=TP12(TEST_POINT)
Add component. Clean all parameters for all variants
Added Pin To Net: NetName=GND Pin=D1_Vout1-POS
Added Pin To Net: NetName=GND Pin=D1_Vout2-POS
Added Pin To Net: NetName=GND Pin=D1_Vout3-POS
Added Pin To Net: NetName=GND Pin=D1_Vout4-POS
Added Pin To Net: NetName=GND Pin=D1_Vout5-POS
Added Pin To Net: NetName=GND Pin=D1_Vout6-POS
Added Pin To Net: NetName=GND Pin=D1_Vout7-POS
Added Pin To Net: NetName=GND Pin=D1_Vout8-POS
Added Pin To Net: NetName=GND Pin=D8-POS
Added Pin To Net: NetName=GND Pin=J1-2
Added Pin To Net: NetName=GND Pin=J1-3
Added Net: Name=GND
Added Pin To Net: NetName=NetD1_Vout1_NEG Pin=D1_Vout1-NEG
Added Pin To Net: NetName=NetD1_Vout1_NEG Pin=D2_Vout1-POS
Added Pin To Net: NetName=NetD1_Vout1_NEG Pin=TP1_Vout1-PAD
Added Net: Name=NetD1_Vout1_NEG
Added Pin To Net: NetName=NetD1_Vout2_NEG Pin=D1_Vout2-NEG
Added Pin To Net: NetName=NetD1_Vout2_NEG Pin=D2_Vout2-POS
Added Pin To Net: NetName=NetD1_Vout2_NEG Pin=TP1_Vout2-PAD
Added Net: Name=NetD1_Vout2_NEG
Added Pin To Net: NetName=NetD1_Vout3_NEG Pin=D1_Vout3-NEG
Added Pin To Net: NetName=NetD1_Vout3_NEG Pin=D2_Vout3-POS
Added Pin To Net: NetName=NetD1_Vout3_NEG Pin=TP1_Vout3-PAD
Added Net: Name=NetD1_Vout3_NEG
Added Pin To Net: NetName=NetD1_Vout4_NEG Pin=D1_Vout4-NEG
Added Pin To Net: NetName=NetD1_Vout4_NEG Pin=D2_Vout4-POS
Added Pin To Net: NetName=NetD1_Vout4_NEG Pin=TP1_Vout4-PAD
Added Net: Name=NetD1_Vout4_NEG
Added Pin To Net: NetName=NetD1_Vout5_NEG Pin=D1_Vout5-NEG
Added Pin To Net: NetName=NetD1_Vout5_NEG Pin=D2_Vout5-POS
Added Pin To Net: NetName=NetD1_Vout5_NEG Pin=TP1_Vout5-PAD
Added Net: Name=NetD1_Vout5_NEG
Added Pin To Net: NetName=NetD1_Vout6_NEG Pin=D1_Vout6-NEG
Added Pin To Net: NetName=NetD1_Vout6_NEG Pin=D2_Vout6-POS
Added Pin To Net: NetName=NetD1_Vout6_NEG Pin=TP1_Vout6-PAD
Added Net: Name=NetD1_Vout6_NEG
Added Pin To Net: NetName=NetD1_Vout7_NEG Pin=D1_Vout7-NEG
Added Pin To Net: NetName=NetD1_Vout7_NEG Pin=D2_Vout7-POS
Added Pin To Net: NetName=NetD1_Vout7_NEG Pin=TP1_Vout7-PAD
Added Net: Name=NetD1_Vout7_NEG
Added Pin To Net: NetName=NetD1_Vout8_NEG Pin=D1_Vout8-NEG
Added Pin To Net: NetName=NetD1_Vout8_NEG Pin=D2_Vout8-POS
Added Pin To Net: NetName=NetD1_Vout8_NEG Pin=TP1_Vout8-PAD
Added Net: Name=NetD1_Vout8_NEG
Added Pin To Net: NetName=NetD2_Vout1_NEG Pin=D2_Vout1-NEG
Added Pin To Net: NetName=NetD2_Vout1_NEG Pin=D3_Vout1-POS
Added Pin To Net: NetName=NetD2_Vout1_NEG Pin=TP2_Vout1-PAD
Added Net: Name=NetD2_Vout1_NEG
Added Pin To Net: NetName=NetD2_Vout2_NEG Pin=D2_Vout2-NEG
Added Pin To Net: NetName=NetD2_Vout2_NEG Pin=D3_Vout2-POS
Added Pin To Net: NetName=NetD2_Vout2_NEG Pin=TP2_Vout2-PAD
Added Net: Name=NetD2_Vout2_NEG
Added Pin To Net: NetName=NetD2_Vout3_NEG Pin=D2_Vout3-NEG
Added Pin To Net: NetName=NetD2_Vout3_NEG Pin=D3_Vout3-POS
Added Pin To Net: NetName=NetD2_Vout3_NEG Pin=TP2_Vout3-PAD
Added Net: Name=NetD2_Vout3_NEG
Added Pin To Net: NetName=NetD2_Vout4_NEG Pin=D2_Vout4-NEG
Added Pin To Net: NetName=NetD2_Vout4_NEG Pin=D3_Vout4-POS
Added Pin To Net: NetName=NetD2_Vout4_NEG Pin=TP2_Vout4-PAD
Added Net: Name=NetD2_Vout4_NEG
Added Pin To Net: NetName=NetD2_Vout5_NEG Pin=D2_Vout5-NEG
Added Pin To Net: NetName=NetD2_Vout5_NEG Pin=D3_Vout5-POS
Added Pin To Net: NetName=NetD2_Vout5_NEG Pin=TP2_Vout5-PAD
Added Net: Name=NetD2_Vout5_NEG
Added Pin To Net: NetName=NetD2_Vout6_NEG Pin=D2_Vout6-NEG
Added Pin To Net: NetName=NetD2_Vout6_NEG Pin=D3_Vout6-POS
Added Pin To Net: NetName=NetD2_Vout6_NEG Pin=TP2_Vout6-PAD
Added Net: Name=NetD2_Vout6_NEG
Added Pin To Net: NetName=NetD2_Vout7_NEG Pin=D2_Vout7-NEG
Added Pin To Net: NetName=NetD2_Vout7_NEG Pin=D3_Vout7-POS
Added Pin To Net: NetName=NetD2_Vout7_NEG Pin=TP2_Vout7-PAD
Added Net: Name=NetD2_Vout7_NEG
Added Pin To Net: NetName=NetD2_Vout8_NEG Pin=D2_Vout8-NEG
Added Pin To Net: NetName=NetD2_Vout8_NEG Pin=D3_Vout8-POS
Added Pin To Net: NetName=NetD2_Vout8_NEG Pin=TP2_Vout8-PAD
Added Net: Name=NetD2_Vout8_NEG
Added Pin To Net: NetName=NetD3_Vout1_NEG Pin=D3_Vout1-NEG
Added Pin To Net: NetName=NetD3_Vout1_NEG Pin=D4_Vout1-POS
Added Pin To Net: NetName=NetD3_Vout1_NEG Pin=TP3_Vout1-PAD
Added Net: Name=NetD3_Vout1_NEG
Added Pin To Net: NetName=NetD3_Vout2_NEG Pin=D3_Vout2-NEG
Added Pin To Net: NetName=NetD3_Vout2_NEG Pin=D4_Vout2-POS
Added Pin To Net: NetName=NetD3_Vout2_NEG Pin=TP3_Vout2-PAD
Added Net: Name=NetD3_Vout2_NEG
Added Pin To Net: NetName=NetD3_Vout3_NEG Pin=D3_Vout3-NEG
Added Pin To Net: NetName=NetD3_Vout3_NEG Pin=D4_Vout3-POS
Added Pin To Net: NetName=NetD3_Vout3_NEG Pin=TP3_Vout3-PAD
Added Net: Name=NetD3_Vout3_NEG
Added Pin To Net: NetName=NetD3_Vout4_NEG Pin=D3_Vout4-NEG
Added Pin To Net: NetName=NetD3_Vout4_NEG Pin=D4_Vout4-POS
Added Pin To Net: NetName=NetD3_Vout4_NEG Pin=TP3_Vout4-PAD
Added Net: Name=NetD3_Vout4_NEG
Added Pin To Net: NetName=NetD3_Vout5_NEG Pin=D3_Vout5-NEG
Added Pin To Net: NetName=NetD3_Vout5_NEG Pin=D4_Vout5-POS
Added Pin To Net: NetName=NetD3_Vout5_NEG Pin=TP3_Vout5-PAD
Added Net: Name=NetD3_Vout5_NEG
Added Pin To Net: NetName=NetD3_Vout6_NEG Pin=D3_Vout6-NEG
Added Pin To Net: NetName=NetD3_Vout6_NEG Pin=D4_Vout6-POS
Added Pin To Net: NetName=NetD3_Vout6_NEG Pin=TP3_Vout6-PAD
Added Net: Name=NetD3_Vout6_NEG
Added Pin To Net: NetName=NetD3_Vout7_NEG Pin=D3_Vout7-NEG
Added Pin To Net: NetName=NetD3_Vout7_NEG Pin=D4_Vout7-POS
Added Pin To Net: NetName=NetD3_Vout7_NEG Pin=TP3_Vout7-PAD
Added Net: Name=NetD3_Vout7_NEG
Added Pin To Net: NetName=NetD3_Vout8_NEG Pin=D3_Vout8-NEG
Added Pin To Net: NetName=NetD3_Vout8_NEG Pin=D4_Vout8-POS
Added Pin To Net: NetName=NetD3_Vout8_NEG Pin=TP3_Vout8-PAD
Added Net: Name=NetD3_Vout8_NEG
Added Pin To Net: NetName=NetD4_Vout1_NEG Pin=D4_Vout1-NEG
Added Pin To Net: NetName=NetD4_Vout1_NEG Pin=D5_Vout1-POS
Added Pin To Net: NetName=NetD4_Vout1_NEG Pin=TP4_Vout1-PAD
Added Net: Name=NetD4_Vout1_NEG
Added Pin To Net: NetName=NetD4_Vout2_NEG Pin=D4_Vout2-NEG
Added Pin To Net: NetName=NetD4_Vout2_NEG Pin=D5_Vout2-POS
Added Pin To Net: NetName=NetD4_Vout2_NEG Pin=TP4_Vout2-PAD
Added Net: Name=NetD4_Vout2_NEG
Added Pin To Net: NetName=NetD4_Vout3_NEG Pin=D4_Vout3-NEG
Added Pin To Net: NetName=NetD4_Vout3_NEG Pin=D5_Vout3-POS
Added Pin To Net: NetName=NetD4_Vout3_NEG Pin=TP4_Vout3-PAD
Added Net: Name=NetD4_Vout3_NEG
Added Pin To Net: NetName=NetD4_Vout4_NEG Pin=D4_Vout4-NEG
Added Pin To Net: NetName=NetD4_Vout4_NEG Pin=D5_Vout4-POS
Added Pin To Net: NetName=NetD4_Vout4_NEG Pin=TP4_Vout4-PAD
Added Net: Name=NetD4_Vout4_NEG
Added Pin To Net: NetName=NetD4_Vout5_NEG Pin=D4_Vout5-NEG
Added Pin To Net: NetName=NetD4_Vout5_NEG Pin=D5_Vout5-POS
Added Pin To Net: NetName=NetD4_Vout5_NEG Pin=TP4_Vout5-PAD
Added Net: Name=NetD4_Vout5_NEG
Added Pin To Net: NetName=NetD4_Vout6_NEG Pin=D4_Vout6-NEG
Added Pin To Net: NetName=NetD4_Vout6_NEG Pin=D5_Vout6-POS
Added Pin To Net: NetName=NetD4_Vout6_NEG Pin=TP4_Vout6-PAD
Added Net: Name=NetD4_Vout6_NEG
Added Pin To Net: NetName=NetD4_Vout7_NEG Pin=D4_Vout7-NEG
Added Pin To Net: NetName=NetD4_Vout7_NEG Pin=D5_Vout7-POS
Added Pin To Net: NetName=NetD4_Vout7_NEG Pin=TP4_Vout7-PAD
Added Net: Name=NetD4_Vout7_NEG
Added Pin To Net: NetName=NetD4_Vout8_NEG Pin=D4_Vout8-NEG
Added Pin To Net: NetName=NetD4_Vout8_NEG Pin=D5_Vout8-POS
Added Pin To Net: NetName=NetD4_Vout8_NEG Pin=TP4_Vout8-PAD
Added Net: Name=NetD4_Vout8_NEG
Added Pin To Net: NetName=NetD5_Vout1_NEG Pin=D5_Vout1-NEG
Added Pin To Net: NetName=NetD5_Vout1_NEG Pin=TP5_Vout1-PAD
Added Net: Name=NetD5_Vout1_NEG
Added Pin To Net: NetName=NetD5_Vout2_NEG Pin=D5_Vout2-NEG
Added Pin To Net: NetName=NetD5_Vout2_NEG Pin=TP5_Vout2-PAD
Added Net: Name=NetD5_Vout2_NEG
Added Pin To Net: NetName=NetD5_Vout3_NEG Pin=D5_Vout3-NEG
Added Pin To Net: NetName=NetD5_Vout3_NEG Pin=TP5_Vout3-PAD
Added Net: Name=NetD5_Vout3_NEG
Added Pin To Net: NetName=NetD5_Vout4_NEG Pin=D5_Vout4-NEG
Added Pin To Net: NetName=NetD5_Vout4_NEG Pin=TP5_Vout4-PAD
Added Net: Name=NetD5_Vout4_NEG
Added Pin To Net: NetName=NetD5_Vout5_NEG Pin=D5_Vout5-NEG
Added Pin To Net: NetName=NetD5_Vout5_NEG Pin=TP5_Vout5-PAD
Added Net: Name=NetD5_Vout5_NEG
Added Pin To Net: NetName=NetD5_Vout6_NEG Pin=D5_Vout6-NEG
Added Pin To Net: NetName=NetD5_Vout6_NEG Pin=TP5_Vout6-PAD
Added Net: Name=NetD5_Vout6_NEG
Added Pin To Net: NetName=NetD5_Vout7_NEG Pin=D5_Vout7-NEG
Added Pin To Net: NetName=NetD5_Vout7_NEG Pin=TP5_Vout7-PAD
Added Net: Name=NetD5_Vout7_NEG
Added Pin To Net: NetName=NetD5_Vout8_NEG Pin=D5_Vout8-NEG
Added Pin To Net: NetName=NetD5_Vout8_NEG Pin=TP5_Vout8-PAD
Added Net: Name=NetD5_Vout8_NEG
Added Pin To Net: NetName=NetD6_Vout1_NEG Pin=D6_Vout1-NEG
Added Pin To Net: NetName=NetD6_Vout1_NEG Pin=D7_Vout1-POS
Added Net: Name=NetD6_Vout1_NEG
Added Pin To Net: NetName=NetD6_Vout2_NEG Pin=D6_Vout2-NEG
Added Pin To Net: NetName=NetD6_Vout2_NEG Pin=D7_Vout2-POS
Added Net: Name=NetD6_Vout2_NEG
Added Pin To Net: NetName=NetD6_Vout3_NEG Pin=D6_Vout3-NEG
Added Pin To Net: NetName=NetD6_Vout3_NEG Pin=D7_Vout3-POS
Added Net: Name=NetD6_Vout3_NEG
Added Pin To Net: NetName=NetD6_Vout4_NEG Pin=D6_Vout4-NEG
Added Pin To Net: NetName=NetD6_Vout4_NEG Pin=D7_Vout4-POS
Added Net: Name=NetD6_Vout4_NEG
Added Pin To Net: NetName=NetD6_Vout5_NEG Pin=D6_Vout5-NEG
Added Pin To Net: NetName=NetD6_Vout5_NEG Pin=D7_Vout5-POS
Added Net: Name=NetD6_Vout5_NEG
Added Pin To Net: NetName=NetD6_Vout6_NEG Pin=D6_Vout6-NEG
Added Pin To Net: NetName=NetD6_Vout6_NEG Pin=D7_Vout6-POS
Added Net: Name=NetD6_Vout6_NEG
Added Pin To Net: NetName=NetD6_Vout7_NEG Pin=D6_Vout7-NEG
Added Pin To Net: NetName=NetD6_Vout7_NEG Pin=D7_Vout7-POS
Added Net: Name=NetD6_Vout7_NEG
Added Pin To Net: NetName=NetD6_Vout8_NEG Pin=D6_Vout8-NEG
Added Pin To Net: NetName=NetD6_Vout8_NEG Pin=D7_Vout8-POS
Added Net: Name=NetD6_Vout8_NEG
Added Pin To Net: NetName=NetD7_Vout1_NEG Pin=D7_Vout1-NEG
Added Pin To Net: NetName=NetD7_Vout1_NEG Pin=D7_Vout2-NEG
Added Pin To Net: NetName=NetD7_Vout1_NEG Pin=D7_Vout3-NEG
Added Pin To Net: NetName=NetD7_Vout1_NEG Pin=D7_Vout4-NEG
Added Pin To Net: NetName=NetD7_Vout1_NEG Pin=D7_Vout5-NEG
Added Pin To Net: NetName=NetD7_Vout1_NEG Pin=D7_Vout6-NEG
Added Pin To Net: NetName=NetD7_Vout1_NEG Pin=D7_Vout7-NEG
Added Pin To Net: NetName=NetD7_Vout1_NEG Pin=D7_Vout8-NEG
Added Pin To Net: NetName=NetD7_Vout1_NEG Pin=D14-NEG
Added Pin To Net: NetName=NetD7_Vout1_NEG Pin=J1-1
Added Pin To Net: NetName=NetD7_Vout1_NEG Pin=J1-4
Added Net: Name=NetD7_Vout1_NEG
Added Pin To Net: NetName=NetD8_NEG Pin=D8-NEG
Added Pin To Net: NetName=NetD8_NEG Pin=D9-POS
Added Pin To Net: NetName=NetD8_NEG Pin=TP7-PAD
Added Net: Name=NetD8_NEG
Added Pin To Net: NetName=NetD9_NEG Pin=D9-NEG
Added Pin To Net: NetName=NetD9_NEG Pin=D10-POS
Added Pin To Net: NetName=NetD9_NEG Pin=TP8-PAD
Added Net: Name=NetD9_NEG
Added Pin To Net: NetName=NetD10_NEG Pin=D10-NEG
Added Pin To Net: NetName=NetD10_NEG Pin=D11-POS
Added Pin To Net: NetName=NetD10_NEG Pin=TP9-PAD
Added Net: Name=NetD10_NEG
Added Pin To Net: NetName=NetD11_NEG Pin=D11-NEG
Added Pin To Net: NetName=NetD11_NEG Pin=D12-POS
Added Pin To Net: NetName=NetD11_NEG Pin=TP10-PAD
Added Net: Name=NetD11_NEG
Added Pin To Net: NetName=NetD12_NEG Pin=D12-NEG
Added Pin To Net: NetName=NetD12_NEG Pin=TP11-PAD
Added Net: Name=NetD12_NEG
Added Pin To Net: NetName=NetD13_NEG Pin=D13-NEG
Added Pin To Net: NetName=NetD13_NEG Pin=D14-POS
Added Net: Name=NetD13_NEG
Added Class: Name=Row 3
Added Class: Name=Vout1
Added Class: Name=Vout2
Added Class: Name=Vout3
Added Class: Name=Vout4
Added Class: Name=Vout5
Added Class: Name=Vout6
Added Class: Name=Vout7
Added Class: Name=Vout8
Added Member To Class: ClassName=SolarPanel Member=Component J1 5040500491
Added Member To Class: ClassName=SolarPanel Member=Component J2 5040500491
Added Room: Name=Row 3
Added Room: Name=SolarPanel
Added Room: Name=Vout1
Added Room: Name=Vout2
Added Room: Name=Vout3
Added Room: Name=Vout4
Added Room: Name=Vout5
Added Room: Name=Vout6
Added Room: Name=Vout7
Added Room: Name=Vout8
