Added Component: Designator=D8_P1(SB_DIODE)
Add component. Clean all parameters for all variants
Add component (AddParameter): Name = "DeviceName"; Value = "SCHOTTKY_DIODE_B120-FDICT-ND"; VariantName = "[No Variations]"
Add component (AddParameter): Name = "DeviceSetName"; Value = "SCHOTTKY_DIODE_B120-FDICT-ND"; VariantName = "[No Variations]"
Add component (AddParameter): Name = "GateName_1"; Value = "G$1"; VariantName = "[No Variations]"
Add component (AddParameter): Name = "LibraryName"; Value = "Solar_Fadi"; VariantName = "[No Variations]"
Add component (AddParameter): Name = "Package"; Value = "SCHOTTKY_DIODE_B120-FDICT-ND"; VariantName = "[No Variations]"
Add component (AddParameter): Name = "SymbolName_1"; Value = "SCHOTTKY_DIODE_B120-FDICT-ND"; VariantName = "[No Variations]"
Added Component: Designator=D8_P2(SB_DIODE)
Add component. Clean all parameters for all variants
Add component (AddParameter): Name = "DeviceName"; Value = "SCHOTTKY_DIODE_B120-FDICT-ND"; VariantName = "[No Variations]"
Add component (AddParameter): Name = "DeviceSetName"; Value = "SCHOTTKY_DIODE_B120-FDICT-ND"; VariantName = "[No Variations]"
Add component (AddParameter): Name = "GateName_1"; Value = "G$1"; VariantName = "[No Variations]"
Add component (AddParameter): Name = "LibraryName"; Value = "Solar_Fadi"; VariantName = "[No Variations]"
Add component (AddParameter): Name = "Package"; Value = "SCHOTTKY_DIODE_B120-FDICT-ND"; VariantName = "[No Variations]"
Add component (AddParameter): Name = "SymbolName_1"; Value = "SCHOTTKY_DIODE_B120-FDICT-ND"; VariantName = "[No Variations]"
Added Component: Designator=D8_P3(SB_DIODE)
Add component. Clean all parameters for all variants
Add component (AddParameter): Name = "DeviceName"; Value = "SCHOTTKY_DIODE_B120-FDICT-ND"; VariantName = "[No Variations]"
Add component (AddParameter): Name = "DeviceSetName"; Value = "SCHOTTKY_DIODE_B120-FDICT-ND"; VariantName = "[No Variations]"
Add component (AddParameter): Name = "GateName_1"; Value = "G$1"; VariantName = "[No Variations]"
Add component (AddParameter): Name = "LibraryName"; Value = "Solar_Fadi"; VariantName = "[No Variations]"
Add component (AddParameter): Name = "Package"; Value = "SCHOTTKY_DIODE_B120-FDICT-ND"; VariantName = "[No Variations]"
Add component (AddParameter): Name = "SymbolName_1"; Value = "SCHOTTKY_DIODE_B120-FDICT-ND"; VariantName = "[No Variations]"
Added Component: Designator=D8_P4(SB_DIODE)
Add component. Clean all parameters for all variants
Add component (AddParameter): Name = "DeviceName"; Value = "SCHOTTKY_DIODE_B120-FDICT-ND"; VariantName = "[No Variations]"
Add component (AddParameter): Name = "DeviceSetName"; Value = "SCHOTTKY_DIODE_B120-FDICT-ND"; VariantName = "[No Variations]"
Add component (AddParameter): Name = "GateName_1"; Value = "G$1"; VariantName = "[No Variations]"
Add component (AddParameter): Name = "LibraryName"; Value = "Solar_Fadi"; VariantName = "[No Variations]"
Add component (AddParameter): Name = "Package"; Value = "SCHOTTKY_DIODE_B120-FDICT-ND"; VariantName = "[No Variations]"
Add component (AddParameter): Name = "SymbolName_1"; Value = "SCHOTTKY_DIODE_B120-FDICT-ND"; VariantName = "[No Variations]"
Added Component: Designator=D8_P5(SB_DIODE)
Add component. Clean all parameters for all variants
Add component (AddParameter): Name = "DeviceName"; Value = "SCHOTTKY_DIODE_B120-FDICT-ND"; VariantName = "[No Variations]"
Add component (AddParameter): Name = "DeviceSetName"; Value = "SCHOTTKY_DIODE_B120-FDICT-ND"; VariantName = "[No Variations]"
Add component (AddParameter): Name = "GateName_1"; Value = "G$1"; VariantName = "[No Variations]"
Add component (AddParameter): Name = "LibraryName"; Value = "Solar_Fadi"; VariantName = "[No Variations]"
Add component (AddParameter): Name = "Package"; Value = "SCHOTTKY_DIODE_B120-FDICT-ND"; VariantName = "[No Variations]"
Add component (AddParameter): Name = "SymbolName_1"; Value = "SCHOTTKY_DIODE_B120-FDICT-ND"; VariantName = "[No Variations]"
Added Component: Designator=D8_P6(SB_DIODE)
Add component. Clean all parameters for all variants
Add component (AddParameter): Name = "DeviceName"; Value = "SCHOTTKY_DIODE_B120-FDICT-ND"; VariantName = "[No Variations]"
Add component (AddParameter): Name = "DeviceSetName"; Value = "SCHOTTKY_DIODE_B120-FDICT-ND"; VariantName = "[No Variations]"
Add component (AddParameter): Name = "GateName_1"; Value = "G$1"; VariantName = "[No Variations]"
Add component (AddParameter): Name = "LibraryName"; Value = "Solar_Fadi"; VariantName = "[No Variations]"
Add component (AddParameter): Name = "Package"; Value = "SCHOTTKY_DIODE_B120-FDICT-ND"; VariantName = "[No Variations]"
Add component (AddParameter): Name = "SymbolName_1"; Value = "SCHOTTKY_DIODE_B120-FDICT-ND"; VariantName = "[No Variations]"
Added Component: Designator=D8_P7(SB_DIODE)
Add component. Clean all parameters for all variants
Add component (AddParameter): Name = "DeviceName"; Value = "SCHOTTKY_DIODE_B120-FDICT-ND"; VariantName = "[No Variations]"
Add component (AddParameter): Name = "DeviceSetName"; Value = "SCHOTTKY_DIODE_B120-FDICT-ND"; VariantName = "[No Variations]"
Add component (AddParameter): Name = "GateName_1"; Value = "G$1"; VariantName = "[No Variations]"
Add component (AddParameter): Name = "LibraryName"; Value = "Solar_Fadi"; VariantName = "[No Variations]"
Add component (AddParameter): Name = "Package"; Value = "SCHOTTKY_DIODE_B120-FDICT-ND"; VariantName = "[No Variations]"
Add component (AddParameter): Name = "SymbolName_1"; Value = "SCHOTTKY_DIODE_B120-FDICT-ND"; VariantName = "[No Variations]"
Added Component: Designator=D8_P8(SB_DIODE)
Add component. Clean all parameters for all variants
Add component (AddParameter): Name = "DeviceName"; Value = "SCHOTTKY_DIODE_B120-FDICT-ND"; VariantName = "[No Variations]"
Add component (AddParameter): Name = "DeviceSetName"; Value = "SCHOTTKY_DIODE_B120-FDICT-ND"; VariantName = "[No Variations]"
Add component (AddParameter): Name = "GateName_1"; Value = "G$1"; VariantName = "[No Variations]"
Add component (AddParameter): Name = "LibraryName"; Value = "Solar_Fadi"; VariantName = "[No Variations]"
Add component (AddParameter): Name = "Package"; Value = "SCHOTTKY_DIODE_B120-FDICT-ND"; VariantName = "[No Variations]"
Add component (AddParameter): Name = "SymbolName_1"; Value = "SCHOTTKY_DIODE_B120-FDICT-ND"; VariantName = "[No Variations]"
Added Component: Designator=D8_P9(SB_DIODE)
Add component. Clean all parameters for all variants
Add component (AddParameter): Name = "DeviceName"; Value = "SCHOTTKY_DIODE_B120-FDICT-ND"; VariantName = "[No Variations]"
Add component (AddParameter): Name = "DeviceSetName"; Value = "SCHOTTKY_DIODE_B120-FDICT-ND"; VariantName = "[No Variations]"
Add component (AddParameter): Name = "GateName_1"; Value = "G$1"; VariantName = "[No Variations]"
Add component (AddParameter): Name = "LibraryName"; Value = "Solar_Fadi"; VariantName = "[No Variations]"
Add component (AddParameter): Name = "Package"; Value = "SCHOTTKY_DIODE_B120-FDICT-ND"; VariantName = "[No Variations]"
Add component (AddParameter): Name = "SymbolName_1"; Value = "SCHOTTKY_DIODE_B120-FDICT-ND"; VariantName = "[No Variations]"
Added Component: Designator=D9_P1(SB_DIODE)
Add component. Clean all parameters for all variants
Add component (AddParameter): Name = "DeviceName"; Value = "SCHOTTKY_DIODE_B120-FDICT-ND"; VariantName = "[No Variations]"
Add component (AddParameter): Name = "DeviceSetName"; Value = "SCHOTTKY_DIODE_B120-FDICT-ND"; VariantName = "[No Variations]"
Add component (AddParameter): Name = "GateName_1"; Value = "G$1"; VariantName = "[No Variations]"
Add component (AddParameter): Name = "LibraryName"; Value = "Solar_Fadi"; VariantName = "[No Variations]"
Add component (AddParameter): Name = "Package"; Value = "SCHOTTKY_DIODE_B120-FDICT-ND"; VariantName = "[No Variations]"
Add component (AddParameter): Name = "SymbolName_1"; Value = "SCHOTTKY_DIODE_B120-FDICT-ND"; VariantName = "[No Variations]"
Added Component: Designator=D9_P2(SB_DIODE)
Add component. Clean all parameters for all variants
Add component (AddParameter): Name = "DeviceName"; Value = "SCHOTTKY_DIODE_B120-FDICT-ND"; VariantName = "[No Variations]"
Add component (AddParameter): Name = "DeviceSetName"; Value = "SCHOTTKY_DIODE_B120-FDICT-ND"; VariantName = "[No Variations]"
Add component (AddParameter): Name = "GateName_1"; Value = "G$1"; VariantName = "[No Variations]"
Add component (AddParameter): Name = "LibraryName"; Value = "Solar_Fadi"; VariantName = "[No Variations]"
Add component (AddParameter): Name = "Package"; Value = "SCHOTTKY_DIODE_B120-FDICT-ND"; VariantName = "[No Variations]"
Add component (AddParameter): Name = "SymbolName_1"; Value = "SCHOTTKY_DIODE_B120-FDICT-ND"; VariantName = "[No Variations]"
Added Component: Designator=D9_P3(SB_DIODE)
Add component. Clean all parameters for all variants
Add component (AddParameter): Name = "DeviceName"; Value = "SCHOTTKY_DIODE_B120-FDICT-ND"; VariantName = "[No Variations]"
Add component (AddParameter): Name = "DeviceSetName"; Value = "SCHOTTKY_DIODE_B120-FDICT-ND"; VariantName = "[No Variations]"
Add component (AddParameter): Name = "GateName_1"; Value = "G$1"; VariantName = "[No Variations]"
Add component (AddParameter): Name = "LibraryName"; Value = "Solar_Fadi"; VariantName = "[No Variations]"
Add component (AddParameter): Name = "Package"; Value = "SCHOTTKY_DIODE_B120-FDICT-ND"; VariantName = "[No Variations]"
Add component (AddParameter): Name = "SymbolName_1"; Value = "SCHOTTKY_DIODE_B120-FDICT-ND"; VariantName = "[No Variations]"
Added Component: Designator=D9_P4(SB_DIODE)
Add component. Clean all parameters for all variants
Add component (AddParameter): Name = "DeviceName"; Value = "SCHOTTKY_DIODE_B120-FDICT-ND"; VariantName = "[No Variations]"
Add component (AddParameter): Name = "DeviceSetName"; Value = "SCHOTTKY_DIODE_B120-FDICT-ND"; VariantName = "[No Variations]"
Add component (AddParameter): Name = "GateName_1"; Value = "G$1"; VariantName = "[No Variations]"
Add component (AddParameter): Name = "LibraryName"; Value = "Solar_Fadi"; VariantName = "[No Variations]"
Add component (AddParameter): Name = "Package"; Value = "SCHOTTKY_DIODE_B120-FDICT-ND"; VariantName = "[No Variations]"
Add component (AddParameter): Name = "SymbolName_1"; Value = "SCHOTTKY_DIODE_B120-FDICT-ND"; VariantName = "[No Variations]"
Added Component: Designator=D9_P5(SB_DIODE)
Add component. Clean all parameters for all variants
Add component (AddParameter): Name = "DeviceName"; Value = "SCHOTTKY_DIODE_B120-FDICT-ND"; VariantName = "[No Variations]"
Add component (AddParameter): Name = "DeviceSetName"; Value = "SCHOTTKY_DIODE_B120-FDICT-ND"; VariantName = "[No Variations]"
Add component (AddParameter): Name = "GateName_1"; Value = "G$1"; VariantName = "[No Variations]"
Add component (AddParameter): Name = "LibraryName"; Value = "Solar_Fadi"; VariantName = "[No Variations]"
Add component (AddParameter): Name = "Package"; Value = "SCHOTTKY_DIODE_B120-FDICT-ND"; VariantName = "[No Variations]"
Add component (AddParameter): Name = "SymbolName_1"; Value = "SCHOTTKY_DIODE_B120-FDICT-ND"; VariantName = "[No Variations]"
Added Component: Designator=D9_P6(SB_DIODE)
Add component. Clean all parameters for all variants
Add component (AddParameter): Name = "DeviceName"; Value = "SCHOTTKY_DIODE_B120-FDICT-ND"; VariantName = "[No Variations]"
Add component (AddParameter): Name = "DeviceSetName"; Value = "SCHOTTKY_DIODE_B120-FDICT-ND"; VariantName = "[No Variations]"
Add component (AddParameter): Name = "GateName_1"; Value = "G$1"; VariantName = "[No Variations]"
Add component (AddParameter): Name = "LibraryName"; Value = "Solar_Fadi"; VariantName = "[No Variations]"
Add component (AddParameter): Name = "Package"; Value = "SCHOTTKY_DIODE_B120-FDICT-ND"; VariantName = "[No Variations]"
Add component (AddParameter): Name = "SymbolName_1"; Value = "SCHOTTKY_DIODE_B120-FDICT-ND"; VariantName = "[No Variations]"
Added Component: Designator=D9_P7(SB_DIODE)
Add component. Clean all parameters for all variants
Add component (AddParameter): Name = "DeviceName"; Value = "SCHOTTKY_DIODE_B120-FDICT-ND"; VariantName = "[No Variations]"
Add component (AddParameter): Name = "DeviceSetName"; Value = "SCHOTTKY_DIODE_B120-FDICT-ND"; VariantName = "[No Variations]"
Add component (AddParameter): Name = "GateName_1"; Value = "G$1"; VariantName = "[No Variations]"
Add component (AddParameter): Name = "LibraryName"; Value = "Solar_Fadi"; VariantName = "[No Variations]"
Add component (AddParameter): Name = "Package"; Value = "SCHOTTKY_DIODE_B120-FDICT-ND"; VariantName = "[No Variations]"
Add component (AddParameter): Name = "SymbolName_1"; Value = "SCHOTTKY_DIODE_B120-FDICT-ND"; VariantName = "[No Variations]"
Added Component: Designator=D9_P8(SB_DIODE)
Add component. Clean all parameters for all variants
Add component (AddParameter): Name = "DeviceName"; Value = "SCHOTTKY_DIODE_B120-FDICT-ND"; VariantName = "[No Variations]"
Add component (AddParameter): Name = "DeviceSetName"; Value = "SCHOTTKY_DIODE_B120-FDICT-ND"; VariantName = "[No Variations]"
Add component (AddParameter): Name = "GateName_1"; Value = "G$1"; VariantName = "[No Variations]"
Add component (AddParameter): Name = "LibraryName"; Value = "Solar_Fadi"; VariantName = "[No Variations]"
Add component (AddParameter): Name = "Package"; Value = "SCHOTTKY_DIODE_B120-FDICT-ND"; VariantName = "[No Variations]"
Add component (AddParameter): Name = "SymbolName_1"; Value = "SCHOTTKY_DIODE_B120-FDICT-ND"; VariantName = "[No Variations]"
Added Component: Designator=D9_P9(SB_DIODE)
Add component. Clean all parameters for all variants
Add component (AddParameter): Name = "DeviceName"; Value = "SCHOTTKY_DIODE_B120-FDICT-ND"; VariantName = "[No Variations]"
Add component (AddParameter): Name = "DeviceSetName"; Value = "SCHOTTKY_DIODE_B120-FDICT-ND"; VariantName = "[No Variations]"
Add component (AddParameter): Name = "GateName_1"; Value = "G$1"; VariantName = "[No Variations]"
Add component (AddParameter): Name = "LibraryName"; Value = "Solar_Fadi"; VariantName = "[No Variations]"
Add component (AddParameter): Name = "Package"; Value = "SCHOTTKY_DIODE_B120-FDICT-ND"; VariantName = "[No Variations]"
Add component (AddParameter): Name = "SymbolName_1"; Value = "SCHOTTKY_DIODE_B120-FDICT-ND"; VariantName = "[No Variations]"
Added Component: Designator=D10_P1(SB_DIODE)
Add component. Clean all parameters for all variants
Add component (AddParameter): Name = "DeviceName"; Value = "SCHOTTKY_DIODE_B120-FDICT-ND"; VariantName = "[No Variations]"
Add component (AddParameter): Name = "DeviceSetName"; Value = "SCHOTTKY_DIODE_B120-FDICT-ND"; VariantName = "[No Variations]"
Add component (AddParameter): Name = "GateName_1"; Value = "G$1"; VariantName = "[No Variations]"
Add component (AddParameter): Name = "LibraryName"; Value = "Solar_Fadi"; VariantName = "[No Variations]"
Add component (AddParameter): Name = "Package"; Value = "SCHOTTKY_DIODE_B120-FDICT-ND"; VariantName = "[No Variations]"
Add component (AddParameter): Name = "SymbolName_1"; Value = "SCHOTTKY_DIODE_B120-FDICT-ND"; VariantName = "[No Variations]"
Added Component: Designator=D10_P2(SB_DIODE)
Add component. Clean all parameters for all variants
Add component (AddParameter): Name = "DeviceName"; Value = "SCHOTTKY_DIODE_B120-FDICT-ND"; VariantName = "[No Variations]"
Add component (AddParameter): Name = "DeviceSetName"; Value = "SCHOTTKY_DIODE_B120-FDICT-ND"; VariantName = "[No Variations]"
Add component (AddParameter): Name = "GateName_1"; Value = "G$1"; VariantName = "[No Variations]"
Add component (AddParameter): Name = "LibraryName"; Value = "Solar_Fadi"; VariantName = "[No Variations]"
Add component (AddParameter): Name = "Package"; Value = "SCHOTTKY_DIODE_B120-FDICT-ND"; VariantName = "[No Variations]"
Add component (AddParameter): Name = "SymbolName_1"; Value = "SCHOTTKY_DIODE_B120-FDICT-ND"; VariantName = "[No Variations]"
Added Component: Designator=D10_P3(SB_DIODE)
Add component. Clean all parameters for all variants
Add component (AddParameter): Name = "DeviceName"; Value = "SCHOTTKY_DIODE_B120-FDICT-ND"; VariantName = "[No Variations]"
Add component (AddParameter): Name = "DeviceSetName"; Value = "SCHOTTKY_DIODE_B120-FDICT-ND"; VariantName = "[No Variations]"
Add component (AddParameter): Name = "GateName_1"; Value = "G$1"; VariantName = "[No Variations]"
Add component (AddParameter): Name = "LibraryName"; Value = "Solar_Fadi"; VariantName = "[No Variations]"
Add component (AddParameter): Name = "Package"; Value = "SCHOTTKY_DIODE_B120-FDICT-ND"; VariantName = "[No Variations]"
Add component (AddParameter): Name = "SymbolName_1"; Value = "SCHOTTKY_DIODE_B120-FDICT-ND"; VariantName = "[No Variations]"
Added Component: Designator=D10_P4(SB_DIODE)
Add component. Clean all parameters for all variants
Add component (AddParameter): Name = "DeviceName"; Value = "SCHOTTKY_DIODE_B120-FDICT-ND"; VariantName = "[No Variations]"
Add component (AddParameter): Name = "DeviceSetName"; Value = "SCHOTTKY_DIODE_B120-FDICT-ND"; VariantName = "[No Variations]"
Add component (AddParameter): Name = "GateName_1"; Value = "G$1"; VariantName = "[No Variations]"
Add component (AddParameter): Name = "LibraryName"; Value = "Solar_Fadi"; VariantName = "[No Variations]"
Add component (AddParameter): Name = "Package"; Value = "SCHOTTKY_DIODE_B120-FDICT-ND"; VariantName = "[No Variations]"
Add component (AddParameter): Name = "SymbolName_1"; Value = "SCHOTTKY_DIODE_B120-FDICT-ND"; VariantName = "[No Variations]"
Added Component: Designator=D10_P5(SB_DIODE)
Add component. Clean all parameters for all variants
Add component (AddParameter): Name = "DeviceName"; Value = "SCHOTTKY_DIODE_B120-FDICT-ND"; VariantName = "[No Variations]"
Add component (AddParameter): Name = "DeviceSetName"; Value = "SCHOTTKY_DIODE_B120-FDICT-ND"; VariantName = "[No Variations]"
Add component (AddParameter): Name = "GateName_1"; Value = "G$1"; VariantName = "[No Variations]"
Add component (AddParameter): Name = "LibraryName"; Value = "Solar_Fadi"; VariantName = "[No Variations]"
Add component (AddParameter): Name = "Package"; Value = "SCHOTTKY_DIODE_B120-FDICT-ND"; VariantName = "[No Variations]"
Add component (AddParameter): Name = "SymbolName_1"; Value = "SCHOTTKY_DIODE_B120-FDICT-ND"; VariantName = "[No Variations]"
Added Component: Designator=D10_P6(SB_DIODE)
Add component. Clean all parameters for all variants
Add component (AddParameter): Name = "DeviceName"; Value = "SCHOTTKY_DIODE_B120-FDICT-ND"; VariantName = "[No Variations]"
Add component (AddParameter): Name = "DeviceSetName"; Value = "SCHOTTKY_DIODE_B120-FDICT-ND"; VariantName = "[No Variations]"
Add component (AddParameter): Name = "GateName_1"; Value = "G$1"; VariantName = "[No Variations]"
Add component (AddParameter): Name = "LibraryName"; Value = "Solar_Fadi"; VariantName = "[No Variations]"
Add component (AddParameter): Name = "Package"; Value = "SCHOTTKY_DIODE_B120-FDICT-ND"; VariantName = "[No Variations]"
Add component (AddParameter): Name = "SymbolName_1"; Value = "SCHOTTKY_DIODE_B120-FDICT-ND"; VariantName = "[No Variations]"
Added Component: Designator=D10_P7(SB_DIODE)
Add component. Clean all parameters for all variants
Add component (AddParameter): Name = "DeviceName"; Value = "SCHOTTKY_DIODE_B120-FDICT-ND"; VariantName = "[No Variations]"
Add component (AddParameter): Name = "DeviceSetName"; Value = "SCHOTTKY_DIODE_B120-FDICT-ND"; VariantName = "[No Variations]"
Add component (AddParameter): Name = "GateName_1"; Value = "G$1"; VariantName = "[No Variations]"
Add component (AddParameter): Name = "LibraryName"; Value = "Solar_Fadi"; VariantName = "[No Variations]"
Add component (AddParameter): Name = "Package"; Value = "SCHOTTKY_DIODE_B120-FDICT-ND"; VariantName = "[No Variations]"
Add component (AddParameter): Name = "SymbolName_1"; Value = "SCHOTTKY_DIODE_B120-FDICT-ND"; VariantName = "[No Variations]"
Added Component: Designator=D10_P8(SB_DIODE)
Add component. Clean all parameters for all variants
Add component (AddParameter): Name = "DeviceName"; Value = "SCHOTTKY_DIODE_B120-FDICT-ND"; VariantName = "[No Variations]"
Add component (AddParameter): Name = "DeviceSetName"; Value = "SCHOTTKY_DIODE_B120-FDICT-ND"; VariantName = "[No Variations]"
Add component (AddParameter): Name = "GateName_1"; Value = "G$1"; VariantName = "[No Variations]"
Add component (AddParameter): Name = "LibraryName"; Value = "Solar_Fadi"; VariantName = "[No Variations]"
Add component (AddParameter): Name = "Package"; Value = "SCHOTTKY_DIODE_B120-FDICT-ND"; VariantName = "[No Variations]"
Add component (AddParameter): Name = "SymbolName_1"; Value = "SCHOTTKY_DIODE_B120-FDICT-ND"; VariantName = "[No Variations]"
Added Component: Designator=D10_P9(SB_DIODE)
Add component. Clean all parameters for all variants
Add component (AddParameter): Name = "DeviceName"; Value = "SCHOTTKY_DIODE_B120-FDICT-ND"; VariantName = "[No Variations]"
Add component (AddParameter): Name = "DeviceSetName"; Value = "SCHOTTKY_DIODE_B120-FDICT-ND"; VariantName = "[No Variations]"
Add component (AddParameter): Name = "GateName_1"; Value = "G$1"; VariantName = "[No Variations]"
Add component (AddParameter): Name = "LibraryName"; Value = "Solar_Fadi"; VariantName = "[No Variations]"
Add component (AddParameter): Name = "Package"; Value = "SCHOTTKY_DIODE_B120-FDICT-ND"; VariantName = "[No Variations]"
Add component (AddParameter): Name = "SymbolName_1"; Value = "SCHOTTKY_DIODE_B120-FDICT-ND"; VariantName = "[No Variations]"
Added Component: Designator=D11_P1(SB_DIODE)
Add component. Clean all parameters for all variants
Add component (AddParameter): Name = "DeviceName"; Value = "SCHOTTKY_DIODE_B120-FDICT-ND"; VariantName = "[No Variations]"
Add component (AddParameter): Name = "DeviceSetName"; Value = "SCHOTTKY_DIODE_B120-FDICT-ND"; VariantName = "[No Variations]"
Add component (AddParameter): Name = "GateName_1"; Value = "G$1"; VariantName = "[No Variations]"
Add component (AddParameter): Name = "LibraryName"; Value = "Solar_Fadi"; VariantName = "[No Variations]"
Add component (AddParameter): Name = "Package"; Value = "SCHOTTKY_DIODE_B120-FDICT-ND"; VariantName = "[No Variations]"
Add component (AddParameter): Name = "SymbolName_1"; Value = "SCHOTTKY_DIODE_B120-FDICT-ND"; VariantName = "[No Variations]"
Added Component: Designator=D11_P2(SB_DIODE)
Add component. Clean all parameters for all variants
Add component (AddParameter): Name = "DeviceName"; Value = "SCHOTTKY_DIODE_B120-FDICT-ND"; VariantName = "[No Variations]"
Add component (AddParameter): Name = "DeviceSetName"; Value = "SCHOTTKY_DIODE_B120-FDICT-ND"; VariantName = "[No Variations]"
Add component (AddParameter): Name = "GateName_1"; Value = "G$1"; VariantName = "[No Variations]"
Add component (AddParameter): Name = "LibraryName"; Value = "Solar_Fadi"; VariantName = "[No Variations]"
Add component (AddParameter): Name = "Package"; Value = "SCHOTTKY_DIODE_B120-FDICT-ND"; VariantName = "[No Variations]"
Add component (AddParameter): Name = "SymbolName_1"; Value = "SCHOTTKY_DIODE_B120-FDICT-ND"; VariantName = "[No Variations]"
Added Component: Designator=D11_P3(SB_DIODE)
Add component. Clean all parameters for all variants
Add component (AddParameter): Name = "DeviceName"; Value = "SCHOTTKY_DIODE_B120-FDICT-ND"; VariantName = "[No Variations]"
Add component (AddParameter): Name = "DeviceSetName"; Value = "SCHOTTKY_DIODE_B120-FDICT-ND"; VariantName = "[No Variations]"
Add component (AddParameter): Name = "GateName_1"; Value = "G$1"; VariantName = "[No Variations]"
Add component (AddParameter): Name = "LibraryName"; Value = "Solar_Fadi"; VariantName = "[No Variations]"
Add component (AddParameter): Name = "Package"; Value = "SCHOTTKY_DIODE_B120-FDICT-ND"; VariantName = "[No Variations]"
Add component (AddParameter): Name = "SymbolName_1"; Value = "SCHOTTKY_DIODE_B120-FDICT-ND"; VariantName = "[No Variations]"
Added Component: Designator=D11_P4(SB_DIODE)
Add component. Clean all parameters for all variants
Add component (AddParameter): Name = "DeviceName"; Value = "SCHOTTKY_DIODE_B120-FDICT-ND"; VariantName = "[No Variations]"
Add component (AddParameter): Name = "DeviceSetName"; Value = "SCHOTTKY_DIODE_B120-FDICT-ND"; VariantName = "[No Variations]"
Add component (AddParameter): Name = "GateName_1"; Value = "G$1"; VariantName = "[No Variations]"
Add component (AddParameter): Name = "LibraryName"; Value = "Solar_Fadi"; VariantName = "[No Variations]"
Add component (AddParameter): Name = "Package"; Value = "SCHOTTKY_DIODE_B120-FDICT-ND"; VariantName = "[No Variations]"
Add component (AddParameter): Name = "SymbolName_1"; Value = "SCHOTTKY_DIODE_B120-FDICT-ND"; VariantName = "[No Variations]"
Added Component: Designator=D11_P5(SB_DIODE)
Add component. Clean all parameters for all variants
Add component (AddParameter): Name = "DeviceName"; Value = "SCHOTTKY_DIODE_B120-FDICT-ND"; VariantName = "[No Variations]"
Add component (AddParameter): Name = "DeviceSetName"; Value = "SCHOTTKY_DIODE_B120-FDICT-ND"; VariantName = "[No Variations]"
Add component (AddParameter): Name = "GateName_1"; Value = "G$1"; VariantName = "[No Variations]"
Add component (AddParameter): Name = "LibraryName"; Value = "Solar_Fadi"; VariantName = "[No Variations]"
Add component (AddParameter): Name = "Package"; Value = "SCHOTTKY_DIODE_B120-FDICT-ND"; VariantName = "[No Variations]"
Add component (AddParameter): Name = "SymbolName_1"; Value = "SCHOTTKY_DIODE_B120-FDICT-ND"; VariantName = "[No Variations]"
Added Component: Designator=D11_P6(SB_DIODE)
Add component. Clean all parameters for all variants
Add component (AddParameter): Name = "DeviceName"; Value = "SCHOTTKY_DIODE_B120-FDICT-ND"; VariantName = "[No Variations]"
Add component (AddParameter): Name = "DeviceSetName"; Value = "SCHOTTKY_DIODE_B120-FDICT-ND"; VariantName = "[No Variations]"
Add component (AddParameter): Name = "GateName_1"; Value = "G$1"; VariantName = "[No Variations]"
Add component (AddParameter): Name = "LibraryName"; Value = "Solar_Fadi"; VariantName = "[No Variations]"
Add component (AddParameter): Name = "Package"; Value = "SCHOTTKY_DIODE_B120-FDICT-ND"; VariantName = "[No Variations]"
Add component (AddParameter): Name = "SymbolName_1"; Value = "SCHOTTKY_DIODE_B120-FDICT-ND"; VariantName = "[No Variations]"
Added Component: Designator=D11_P7(SB_DIODE)
Add component. Clean all parameters for all variants
Add component (AddParameter): Name = "DeviceName"; Value = "SCHOTTKY_DIODE_B120-FDICT-ND"; VariantName = "[No Variations]"
Add component (AddParameter): Name = "DeviceSetName"; Value = "SCHOTTKY_DIODE_B120-FDICT-ND"; VariantName = "[No Variations]"
Add component (AddParameter): Name = "GateName_1"; Value = "G$1"; VariantName = "[No Variations]"
Add component (AddParameter): Name = "LibraryName"; Value = "Solar_Fadi"; VariantName = "[No Variations]"
Add component (AddParameter): Name = "Package"; Value = "SCHOTTKY_DIODE_B120-FDICT-ND"; VariantName = "[No Variations]"
Add component (AddParameter): Name = "SymbolName_1"; Value = "SCHOTTKY_DIODE_B120-FDICT-ND"; VariantName = "[No Variations]"
Added Component: Designator=D11_P8(SB_DIODE)
Add component. Clean all parameters for all variants
Add component (AddParameter): Name = "DeviceName"; Value = "SCHOTTKY_DIODE_B120-FDICT-ND"; VariantName = "[No Variations]"
Add component (AddParameter): Name = "DeviceSetName"; Value = "SCHOTTKY_DIODE_B120-FDICT-ND"; VariantName = "[No Variations]"
Add component (AddParameter): Name = "GateName_1"; Value = "G$1"; VariantName = "[No Variations]"
Add component (AddParameter): Name = "LibraryName"; Value = "Solar_Fadi"; VariantName = "[No Variations]"
Add component (AddParameter): Name = "Package"; Value = "SCHOTTKY_DIODE_B120-FDICT-ND"; VariantName = "[No Variations]"
Add component (AddParameter): Name = "SymbolName_1"; Value = "SCHOTTKY_DIODE_B120-FDICT-ND"; VariantName = "[No Variations]"
Added Component: Designator=D11_P9(SB_DIODE)
Add component. Clean all parameters for all variants
Add component (AddParameter): Name = "DeviceName"; Value = "SCHOTTKY_DIODE_B120-FDICT-ND"; VariantName = "[No Variations]"
Add component (AddParameter): Name = "DeviceSetName"; Value = "SCHOTTKY_DIODE_B120-FDICT-ND"; VariantName = "[No Variations]"
Add component (AddParameter): Name = "GateName_1"; Value = "G$1"; VariantName = "[No Variations]"
Add component (AddParameter): Name = "LibraryName"; Value = "Solar_Fadi"; VariantName = "[No Variations]"
Add component (AddParameter): Name = "Package"; Value = "SCHOTTKY_DIODE_B120-FDICT-ND"; VariantName = "[No Variations]"
Add component (AddParameter): Name = "SymbolName_1"; Value = "SCHOTTKY_DIODE_B120-FDICT-ND"; VariantName = "[No Variations]"
Added Component: Designator=D12_P1(SB_DIODE)
Add component. Clean all parameters for all variants
Add component (AddParameter): Name = "DeviceName"; Value = "SCHOTTKY_DIODE_B120-FDICT-ND"; VariantName = "[No Variations]"
Add component (AddParameter): Name = "DeviceSetName"; Value = "SCHOTTKY_DIODE_B120-FDICT-ND"; VariantName = "[No Variations]"
Add component (AddParameter): Name = "GateName_1"; Value = "G$1"; VariantName = "[No Variations]"
Add component (AddParameter): Name = "LibraryName"; Value = "Solar_Fadi"; VariantName = "[No Variations]"
Add component (AddParameter): Name = "Package"; Value = "SCHOTTKY_DIODE_B120-FDICT-ND"; VariantName = "[No Variations]"
Add component (AddParameter): Name = "SymbolName_1"; Value = "SCHOTTKY_DIODE_B120-FDICT-ND"; VariantName = "[No Variations]"
Added Component: Designator=D12_P2(SB_DIODE)
Add component. Clean all parameters for all variants
Add component (AddParameter): Name = "DeviceName"; Value = "SCHOTTKY_DIODE_B120-FDICT-ND"; VariantName = "[No Variations]"
Add component (AddParameter): Name = "DeviceSetName"; Value = "SCHOTTKY_DIODE_B120-FDICT-ND"; VariantName = "[No Variations]"
Add component (AddParameter): Name = "GateName_1"; Value = "G$1"; VariantName = "[No Variations]"
Add component (AddParameter): Name = "LibraryName"; Value = "Solar_Fadi"; VariantName = "[No Variations]"
Add component (AddParameter): Name = "Package"; Value = "SCHOTTKY_DIODE_B120-FDICT-ND"; VariantName = "[No Variations]"
Add component (AddParameter): Name = "SymbolName_1"; Value = "SCHOTTKY_DIODE_B120-FDICT-ND"; VariantName = "[No Variations]"
Added Component: Designator=D12_P3(SB_DIODE)
Add component. Clean all parameters for all variants
Add component (AddParameter): Name = "DeviceName"; Value = "SCHOTTKY_DIODE_B120-FDICT-ND"; VariantName = "[No Variations]"
Add component (AddParameter): Name = "DeviceSetName"; Value = "SCHOTTKY_DIODE_B120-FDICT-ND"; VariantName = "[No Variations]"
Add component (AddParameter): Name = "GateName_1"; Value = "G$1"; VariantName = "[No Variations]"
Add component (AddParameter): Name = "LibraryName"; Value = "Solar_Fadi"; VariantName = "[No Variations]"
Add component (AddParameter): Name = "Package"; Value = "SCHOTTKY_DIODE_B120-FDICT-ND"; VariantName = "[No Variations]"
Add component (AddParameter): Name = "SymbolName_1"; Value = "SCHOTTKY_DIODE_B120-FDICT-ND"; VariantName = "[No Variations]"
Added Component: Designator=D12_P4(SB_DIODE)
Add component. Clean all parameters for all variants
Add component (AddParameter): Name = "DeviceName"; Value = "SCHOTTKY_DIODE_B120-FDICT-ND"; VariantName = "[No Variations]"
Add component (AddParameter): Name = "DeviceSetName"; Value = "SCHOTTKY_DIODE_B120-FDICT-ND"; VariantName = "[No Variations]"
Add component (AddParameter): Name = "GateName_1"; Value = "G$1"; VariantName = "[No Variations]"
Add component (AddParameter): Name = "LibraryName"; Value = "Solar_Fadi"; VariantName = "[No Variations]"
Add component (AddParameter): Name = "Package"; Value = "SCHOTTKY_DIODE_B120-FDICT-ND"; VariantName = "[No Variations]"
Add component (AddParameter): Name = "SymbolName_1"; Value = "SCHOTTKY_DIODE_B120-FDICT-ND"; VariantName = "[No Variations]"
Added Component: Designator=D12_P5(SB_DIODE)
Add component. Clean all parameters for all variants
Add component (AddParameter): Name = "DeviceName"; Value = "SCHOTTKY_DIODE_B120-FDICT-ND"; VariantName = "[No Variations]"
Add component (AddParameter): Name = "DeviceSetName"; Value = "SCHOTTKY_DIODE_B120-FDICT-ND"; VariantName = "[No Variations]"
Add component (AddParameter): Name = "GateName_1"; Value = "G$1"; VariantName = "[No Variations]"
Add component (AddParameter): Name = "LibraryName"; Value = "Solar_Fadi"; VariantName = "[No Variations]"
Add component (AddParameter): Name = "Package"; Value = "SCHOTTKY_DIODE_B120-FDICT-ND"; VariantName = "[No Variations]"
Add component (AddParameter): Name = "SymbolName_1"; Value = "SCHOTTKY_DIODE_B120-FDICT-ND"; VariantName = "[No Variations]"
Added Component: Designator=D12_P6(SB_DIODE)
Add component. Clean all parameters for all variants
Add component (AddParameter): Name = "DeviceName"; Value = "SCHOTTKY_DIODE_B120-FDICT-ND"; VariantName = "[No Variations]"
Add component (AddParameter): Name = "DeviceSetName"; Value = "SCHOTTKY_DIODE_B120-FDICT-ND"; VariantName = "[No Variations]"
Add component (AddParameter): Name = "GateName_1"; Value = "G$1"; VariantName = "[No Variations]"
Add component (AddParameter): Name = "LibraryName"; Value = "Solar_Fadi"; VariantName = "[No Variations]"
Add component (AddParameter): Name = "Package"; Value = "SCHOTTKY_DIODE_B120-FDICT-ND"; VariantName = "[No Variations]"
Add component (AddParameter): Name = "SymbolName_1"; Value = "SCHOTTKY_DIODE_B120-FDICT-ND"; VariantName = "[No Variations]"
Added Component: Designator=D12_P7(SB_DIODE)
Add component. Clean all parameters for all variants
Add component (AddParameter): Name = "DeviceName"; Value = "SCHOTTKY_DIODE_B120-FDICT-ND"; VariantName = "[No Variations]"
Add component (AddParameter): Name = "DeviceSetName"; Value = "SCHOTTKY_DIODE_B120-FDICT-ND"; VariantName = "[No Variations]"
Add component (AddParameter): Name = "GateName_1"; Value = "G$1"; VariantName = "[No Variations]"
Add component (AddParameter): Name = "LibraryName"; Value = "Solar_Fadi"; VariantName = "[No Variations]"
Add component (AddParameter): Name = "Package"; Value = "SCHOTTKY_DIODE_B120-FDICT-ND"; VariantName = "[No Variations]"
Add component (AddParameter): Name = "SymbolName_1"; Value = "SCHOTTKY_DIODE_B120-FDICT-ND"; VariantName = "[No Variations]"
Added Component: Designator=D12_P8(SB_DIODE)
Add component. Clean all parameters for all variants
Add component (AddParameter): Name = "DeviceName"; Value = "SCHOTTKY_DIODE_B120-FDICT-ND"; VariantName = "[No Variations]"
Add component (AddParameter): Name = "DeviceSetName"; Value = "SCHOTTKY_DIODE_B120-FDICT-ND"; VariantName = "[No Variations]"
Add component (AddParameter): Name = "GateName_1"; Value = "G$1"; VariantName = "[No Variations]"
Add component (AddParameter): Name = "LibraryName"; Value = "Solar_Fadi"; VariantName = "[No Variations]"
Add component (AddParameter): Name = "Package"; Value = "SCHOTTKY_DIODE_B120-FDICT-ND"; VariantName = "[No Variations]"
Add component (AddParameter): Name = "SymbolName_1"; Value = "SCHOTTKY_DIODE_B120-FDICT-ND"; VariantName = "[No Variations]"
Added Component: Designator=D12_P9(SB_DIODE)
Add component. Clean all parameters for all variants
Add component (AddParameter): Name = "DeviceName"; Value = "SCHOTTKY_DIODE_B120-FDICT-ND"; VariantName = "[No Variations]"
Add component (AddParameter): Name = "DeviceSetName"; Value = "SCHOTTKY_DIODE_B120-FDICT-ND"; VariantName = "[No Variations]"
Add component (AddParameter): Name = "GateName_1"; Value = "G$1"; VariantName = "[No Variations]"
Add component (AddParameter): Name = "LibraryName"; Value = "Solar_Fadi"; VariantName = "[No Variations]"
Add component (AddParameter): Name = "Package"; Value = "SCHOTTKY_DIODE_B120-FDICT-ND"; VariantName = "[No Variations]"
Add component (AddParameter): Name = "SymbolName_1"; Value = "SCHOTTKY_DIODE_B120-FDICT-ND"; VariantName = "[No Variations]"
Added Component: Designator=D13_P1(SB_DIODE)
Add component. Clean all parameters for all variants
Add component (AddParameter): Name = "DeviceName"; Value = "SCHOTTKY_DIODE_B120-FDICT-ND"; VariantName = "[No Variations]"
Add component (AddParameter): Name = "DeviceSetName"; Value = "SCHOTTKY_DIODE_B120-FDICT-ND"; VariantName = "[No Variations]"
Add component (AddParameter): Name = "GateName_1"; Value = "G$1"; VariantName = "[No Variations]"
Add component (AddParameter): Name = "LibraryName"; Value = "Solar_Fadi"; VariantName = "[No Variations]"
Add component (AddParameter): Name = "Package"; Value = "SCHOTTKY_DIODE_B120-FDICT-ND"; VariantName = "[No Variations]"
Add component (AddParameter): Name = "SymbolName_1"; Value = "SCHOTTKY_DIODE_B120-FDICT-ND"; VariantName = "[No Variations]"
Added Component: Designator=D13_P2(SB_DIODE)
Add component. Clean all parameters for all variants
Add component (AddParameter): Name = "DeviceName"; Value = "SCHOTTKY_DIODE_B120-FDICT-ND"; VariantName = "[No Variations]"
Add component (AddParameter): Name = "DeviceSetName"; Value = "SCHOTTKY_DIODE_B120-FDICT-ND"; VariantName = "[No Variations]"
Add component (AddParameter): Name = "GateName_1"; Value = "G$1"; VariantName = "[No Variations]"
Add component (AddParameter): Name = "LibraryName"; Value = "Solar_Fadi"; VariantName = "[No Variations]"
Add component (AddParameter): Name = "Package"; Value = "SCHOTTKY_DIODE_B120-FDICT-ND"; VariantName = "[No Variations]"
Add component (AddParameter): Name = "SymbolName_1"; Value = "SCHOTTKY_DIODE_B120-FDICT-ND"; VariantName = "[No Variations]"
Added Component: Designator=D13_P3(SB_DIODE)
Add component. Clean all parameters for all variants
Add component (AddParameter): Name = "DeviceName"; Value = "SCHOTTKY_DIODE_B120-FDICT-ND"; VariantName = "[No Variations]"
Add component (AddParameter): Name = "DeviceSetName"; Value = "SCHOTTKY_DIODE_B120-FDICT-ND"; VariantName = "[No Variations]"
Add component (AddParameter): Name = "GateName_1"; Value = "G$1"; VariantName = "[No Variations]"
Add component (AddParameter): Name = "LibraryName"; Value = "Solar_Fadi"; VariantName = "[No Variations]"
Add component (AddParameter): Name = "Package"; Value = "SCHOTTKY_DIODE_B120-FDICT-ND"; VariantName = "[No Variations]"
Add component (AddParameter): Name = "SymbolName_1"; Value = "SCHOTTKY_DIODE_B120-FDICT-ND"; VariantName = "[No Variations]"
Added Component: Designator=D13_P4(SB_DIODE)
Add component. Clean all parameters for all variants
Add component (AddParameter): Name = "DeviceName"; Value = "SCHOTTKY_DIODE_B120-FDICT-ND"; VariantName = "[No Variations]"
Add component (AddParameter): Name = "DeviceSetName"; Value = "SCHOTTKY_DIODE_B120-FDICT-ND"; VariantName = "[No Variations]"
Add component (AddParameter): Name = "GateName_1"; Value = "G$1"; VariantName = "[No Variations]"
Add component (AddParameter): Name = "LibraryName"; Value = "Solar_Fadi"; VariantName = "[No Variations]"
Add component (AddParameter): Name = "Package"; Value = "SCHOTTKY_DIODE_B120-FDICT-ND"; VariantName = "[No Variations]"
Add component (AddParameter): Name = "SymbolName_1"; Value = "SCHOTTKY_DIODE_B120-FDICT-ND"; VariantName = "[No Variations]"
Added Component: Designator=D13_P5(SB_DIODE)
Add component. Clean all parameters for all variants
Add component (AddParameter): Name = "DeviceName"; Value = "SCHOTTKY_DIODE_B120-FDICT-ND"; VariantName = "[No Variations]"
Add component (AddParameter): Name = "DeviceSetName"; Value = "SCHOTTKY_DIODE_B120-FDICT-ND"; VariantName = "[No Variations]"
Add component (AddParameter): Name = "GateName_1"; Value = "G$1"; VariantName = "[No Variations]"
Add component (AddParameter): Name = "LibraryName"; Value = "Solar_Fadi"; VariantName = "[No Variations]"
Add component (AddParameter): Name = "Package"; Value = "SCHOTTKY_DIODE_B120-FDICT-ND"; VariantName = "[No Variations]"
Add component (AddParameter): Name = "SymbolName_1"; Value = "SCHOTTKY_DIODE_B120-FDICT-ND"; VariantName = "[No Variations]"
Added Component: Designator=D13_P6(SB_DIODE)
Add component. Clean all parameters for all variants
Add component (AddParameter): Name = "DeviceName"; Value = "SCHOTTKY_DIODE_B120-FDICT-ND"; VariantName = "[No Variations]"
Add component (AddParameter): Name = "DeviceSetName"; Value = "SCHOTTKY_DIODE_B120-FDICT-ND"; VariantName = "[No Variations]"
Add component (AddParameter): Name = "GateName_1"; Value = "G$1"; VariantName = "[No Variations]"
Add component (AddParameter): Name = "LibraryName"; Value = "Solar_Fadi"; VariantName = "[No Variations]"
Add component (AddParameter): Name = "Package"; Value = "SCHOTTKY_DIODE_B120-FDICT-ND"; VariantName = "[No Variations]"
Add component (AddParameter): Name = "SymbolName_1"; Value = "SCHOTTKY_DIODE_B120-FDICT-ND"; VariantName = "[No Variations]"
Added Component: Designator=D13_P7(SB_DIODE)
Add component. Clean all parameters for all variants
Add component (AddParameter): Name = "DeviceName"; Value = "SCHOTTKY_DIODE_B120-FDICT-ND"; VariantName = "[No Variations]"
Add component (AddParameter): Name = "DeviceSetName"; Value = "SCHOTTKY_DIODE_B120-FDICT-ND"; VariantName = "[No Variations]"
Add component (AddParameter): Name = "GateName_1"; Value = "G$1"; VariantName = "[No Variations]"
Add component (AddParameter): Name = "LibraryName"; Value = "Solar_Fadi"; VariantName = "[No Variations]"
Add component (AddParameter): Name = "Package"; Value = "SCHOTTKY_DIODE_B120-FDICT-ND"; VariantName = "[No Variations]"
Add component (AddParameter): Name = "SymbolName_1"; Value = "SCHOTTKY_DIODE_B120-FDICT-ND"; VariantName = "[No Variations]"
Added Component: Designator=D13_P8(SB_DIODE)
Add component. Clean all parameters for all variants
Add component (AddParameter): Name = "DeviceName"; Value = "SCHOTTKY_DIODE_B120-FDICT-ND"; VariantName = "[No Variations]"
Add component (AddParameter): Name = "DeviceSetName"; Value = "SCHOTTKY_DIODE_B120-FDICT-ND"; VariantName = "[No Variations]"
Add component (AddParameter): Name = "GateName_1"; Value = "G$1"; VariantName = "[No Variations]"
Add component (AddParameter): Name = "LibraryName"; Value = "Solar_Fadi"; VariantName = "[No Variations]"
Add component (AddParameter): Name = "Package"; Value = "SCHOTTKY_DIODE_B120-FDICT-ND"; VariantName = "[No Variations]"
Add component (AddParameter): Name = "SymbolName_1"; Value = "SCHOTTKY_DIODE_B120-FDICT-ND"; VariantName = "[No Variations]"
Added Component: Designator=D13_P9(SB_DIODE)
Add component. Clean all parameters for all variants
Add component (AddParameter): Name = "DeviceName"; Value = "SCHOTTKY_DIODE_B120-FDICT-ND"; VariantName = "[No Variations]"
Add component (AddParameter): Name = "DeviceSetName"; Value = "SCHOTTKY_DIODE_B120-FDICT-ND"; VariantName = "[No Variations]"
Add component (AddParameter): Name = "GateName_1"; Value = "G$1"; VariantName = "[No Variations]"
Add component (AddParameter): Name = "LibraryName"; Value = "Solar_Fadi"; VariantName = "[No Variations]"
Add component (AddParameter): Name = "Package"; Value = "SCHOTTKY_DIODE_B120-FDICT-ND"; VariantName = "[No Variations]"
Add component (AddParameter): Name = "SymbolName_1"; Value = "SCHOTTKY_DIODE_B120-FDICT-ND"; VariantName = "[No Variations]"
Added Component: Designator=D14_P1(SB_DIODE)
Add component. Clean all parameters for all variants
Add component (AddParameter): Name = "DeviceName"; Value = "SCHOTTKY_DIODE_B120-FDICT-ND"; VariantName = "[No Variations]"
Add component (AddParameter): Name = "DeviceSetName"; Value = "SCHOTTKY_DIODE_B120-FDICT-ND"; VariantName = "[No Variations]"
Add component (AddParameter): Name = "GateName_1"; Value = "G$1"; VariantName = "[No Variations]"
Add component (AddParameter): Name = "LibraryName"; Value = "Solar_Fadi"; VariantName = "[No Variations]"
Add component (AddParameter): Name = "Package"; Value = "SCHOTTKY_DIODE_B120-FDICT-ND"; VariantName = "[No Variations]"
Add component (AddParameter): Name = "SymbolName_1"; Value = "SCHOTTKY_DIODE_B120-FDICT-ND"; VariantName = "[No Variations]"
Added Component: Designator=D14_P2(SB_DIODE)
Add component. Clean all parameters for all variants
Add component (AddParameter): Name = "DeviceName"; Value = "SCHOTTKY_DIODE_B120-FDICT-ND"; VariantName = "[No Variations]"
Add component (AddParameter): Name = "DeviceSetName"; Value = "SCHOTTKY_DIODE_B120-FDICT-ND"; VariantName = "[No Variations]"
Add component (AddParameter): Name = "GateName_1"; Value = "G$1"; VariantName = "[No Variations]"
Add component (AddParameter): Name = "LibraryName"; Value = "Solar_Fadi"; VariantName = "[No Variations]"
Add component (AddParameter): Name = "Package"; Value = "SCHOTTKY_DIODE_B120-FDICT-ND"; VariantName = "[No Variations]"
Add component (AddParameter): Name = "SymbolName_1"; Value = "SCHOTTKY_DIODE_B120-FDICT-ND"; VariantName = "[No Variations]"
Added Component: Designator=D14_P3(SB_DIODE)
Add component. Clean all parameters for all variants
Add component (AddParameter): Name = "DeviceName"; Value = "SCHOTTKY_DIODE_B120-FDICT-ND"; VariantName = "[No Variations]"
Add component (AddParameter): Name = "DeviceSetName"; Value = "SCHOTTKY_DIODE_B120-FDICT-ND"; VariantName = "[No Variations]"
Add component (AddParameter): Name = "GateName_1"; Value = "G$1"; VariantName = "[No Variations]"
Add component (AddParameter): Name = "LibraryName"; Value = "Solar_Fadi"; VariantName = "[No Variations]"
Add component (AddParameter): Name = "Package"; Value = "SCHOTTKY_DIODE_B120-FDICT-ND"; VariantName = "[No Variations]"
Add component (AddParameter): Name = "SymbolName_1"; Value = "SCHOTTKY_DIODE_B120-FDICT-ND"; VariantName = "[No Variations]"
Added Component: Designator=D14_P4(SB_DIODE)
Add component. Clean all parameters for all variants
Add component (AddParameter): Name = "DeviceName"; Value = "SCHOTTKY_DIODE_B120-FDICT-ND"; VariantName = "[No Variations]"
Add component (AddParameter): Name = "DeviceSetName"; Value = "SCHOTTKY_DIODE_B120-FDICT-ND"; VariantName = "[No Variations]"
Add component (AddParameter): Name = "GateName_1"; Value = "G$1"; VariantName = "[No Variations]"
Add component (AddParameter): Name = "LibraryName"; Value = "Solar_Fadi"; VariantName = "[No Variations]"
Add component (AddParameter): Name = "Package"; Value = "SCHOTTKY_DIODE_B120-FDICT-ND"; VariantName = "[No Variations]"
Add component (AddParameter): Name = "SymbolName_1"; Value = "SCHOTTKY_DIODE_B120-FDICT-ND"; VariantName = "[No Variations]"
Added Component: Designator=D14_P5(SB_DIODE)
Add component. Clean all parameters for all variants
Add component (AddParameter): Name = "DeviceName"; Value = "SCHOTTKY_DIODE_B120-FDICT-ND"; VariantName = "[No Variations]"
Add component (AddParameter): Name = "DeviceSetName"; Value = "SCHOTTKY_DIODE_B120-FDICT-ND"; VariantName = "[No Variations]"
Add component (AddParameter): Name = "GateName_1"; Value = "G$1"; VariantName = "[No Variations]"
Add component (AddParameter): Name = "LibraryName"; Value = "Solar_Fadi"; VariantName = "[No Variations]"
Add component (AddParameter): Name = "Package"; Value = "SCHOTTKY_DIODE_B120-FDICT-ND"; VariantName = "[No Variations]"
Add component (AddParameter): Name = "SymbolName_1"; Value = "SCHOTTKY_DIODE_B120-FDICT-ND"; VariantName = "[No Variations]"
Added Component: Designator=D14_P6(SB_DIODE)
Add component. Clean all parameters for all variants
Add component (AddParameter): Name = "DeviceName"; Value = "SCHOTTKY_DIODE_B120-FDICT-ND"; VariantName = "[No Variations]"
Add component (AddParameter): Name = "DeviceSetName"; Value = "SCHOTTKY_DIODE_B120-FDICT-ND"; VariantName = "[No Variations]"
Add component (AddParameter): Name = "GateName_1"; Value = "G$1"; VariantName = "[No Variations]"
Add component (AddParameter): Name = "LibraryName"; Value = "Solar_Fadi"; VariantName = "[No Variations]"
Add component (AddParameter): Name = "Package"; Value = "SCHOTTKY_DIODE_B120-FDICT-ND"; VariantName = "[No Variations]"
Add component (AddParameter): Name = "SymbolName_1"; Value = "SCHOTTKY_DIODE_B120-FDICT-ND"; VariantName = "[No Variations]"
Added Component: Designator=D14_P7(SB_DIODE)
Add component. Clean all parameters for all variants
Add component (AddParameter): Name = "DeviceName"; Value = "SCHOTTKY_DIODE_B120-FDICT-ND"; VariantName = "[No Variations]"
Add component (AddParameter): Name = "DeviceSetName"; Value = "SCHOTTKY_DIODE_B120-FDICT-ND"; VariantName = "[No Variations]"
Add component (AddParameter): Name = "GateName_1"; Value = "G$1"; VariantName = "[No Variations]"
Add component (AddParameter): Name = "LibraryName"; Value = "Solar_Fadi"; VariantName = "[No Variations]"
Add component (AddParameter): Name = "Package"; Value = "SCHOTTKY_DIODE_B120-FDICT-ND"; VariantName = "[No Variations]"
Add component (AddParameter): Name = "SymbolName_1"; Value = "SCHOTTKY_DIODE_B120-FDICT-ND"; VariantName = "[No Variations]"
Added Component: Designator=D14_P8(SB_DIODE)
Add component. Clean all parameters for all variants
Add component (AddParameter): Name = "DeviceName"; Value = "SCHOTTKY_DIODE_B120-FDICT-ND"; VariantName = "[No Variations]"
Add component (AddParameter): Name = "DeviceSetName"; Value = "SCHOTTKY_DIODE_B120-FDICT-ND"; VariantName = "[No Variations]"
Add component (AddParameter): Name = "GateName_1"; Value = "G$1"; VariantName = "[No Variations]"
Add component (AddParameter): Name = "LibraryName"; Value = "Solar_Fadi"; VariantName = "[No Variations]"
Add component (AddParameter): Name = "Package"; Value = "SCHOTTKY_DIODE_B120-FDICT-ND"; VariantName = "[No Variations]"
Add component (AddParameter): Name = "SymbolName_1"; Value = "SCHOTTKY_DIODE_B120-FDICT-ND"; VariantName = "[No Variations]"
Added Component: Designator=D14_P9(SB_DIODE)
Add component. Clean all parameters for all variants
Add component (AddParameter): Name = "DeviceName"; Value = "SCHOTTKY_DIODE_B120-FDICT-ND"; VariantName = "[No Variations]"
Add component (AddParameter): Name = "DeviceSetName"; Value = "SCHOTTKY_DIODE_B120-FDICT-ND"; VariantName = "[No Variations]"
Add component (AddParameter): Name = "GateName_1"; Value = "G$1"; VariantName = "[No Variations]"
Add component (AddParameter): Name = "LibraryName"; Value = "Solar_Fadi"; VariantName = "[No Variations]"
Add component (AddParameter): Name = "Package"; Value = "SCHOTTKY_DIODE_B120-FDICT-ND"; VariantName = "[No Variations]"
Add component (AddParameter): Name = "SymbolName_1"; Value = "SCHOTTKY_DIODE_B120-FDICT-ND"; VariantName = "[No Variations]"
Added Component: Designator=J1(5040500491)
Add component. Clean all parameters for all variants
Add component (AddParameter): Name = "Allied_Number"; Value = "70331790"; VariantName = "[No Variations]"
Add component (AddParameter): Name = "Allied Price/Stock"; Value = "https://www.alliedelec.com/molex-incorporated-5040500491/70331790/"; VariantName = "[No Variations]"
Add component (AddParameter): Name = "Datasheet Link"; Value = "https://www.molex.com/pdm_docs/sd/5040500691_sd.pdf"; VariantName = "[No Variations]"
Add component (AddParameter): Name = "Height"; Value = "2.15mm"; VariantName = "[No Variations]"
Add component (AddParameter): Name = "Manufacturer_Name"; Value = "Molex"; VariantName = "[No Variations]"
Add component (AddParameter): Name = "Manufacturer_Part_Number"; Value = "5040500491"; VariantName = "[No Variations]"
Add component (AddParameter): Name = "Mouser Part Number"; Value = ""; VariantName = "[No Variations]"
Add component (AddParameter): Name = "Mouser Price/Stock"; Value = ""; VariantName = "[No Variations]"
Add component (AddParameter): Name = "RS Part Number"; Value = ""; VariantName = "[No Variations]"
Add component (AddParameter): Name = "RS Price/Stock"; Value = ""; VariantName = "[No Variations]"
Added Component: Designator=J2(5040500491)
Add component. Clean all parameters for all variants
Add component (AddParameter): Name = "Allied_Number"; Value = "70331790"; VariantName = "[No Variations]"
Add component (AddParameter): Name = "Allied Price/Stock"; Value = "https://www.alliedelec.com/molex-incorporated-5040500491/70331790/"; VariantName = "[No Variations]"
Add component (AddParameter): Name = "Datasheet Link"; Value = "https://www.molex.com/pdm_docs/sd/5040500691_sd.pdf"; VariantName = "[No Variations]"
Add component (AddParameter): Name = "Height"; Value = "2.15mm"; VariantName = "[No Variations]"
Add component (AddParameter): Name = "Manufacturer_Name"; Value = "Molex"; VariantName = "[No Variations]"
Add component (AddParameter): Name = "Manufacturer_Part_Number"; Value = "5040500491"; VariantName = "[No Variations]"
Add component (AddParameter): Name = "Mouser Part Number"; Value = ""; VariantName = "[No Variations]"
Add component (AddParameter): Name = "Mouser Price/Stock"; Value = ""; VariantName = "[No Variations]"
Add component (AddParameter): Name = "RS Part Number"; Value = ""; VariantName = "[No Variations]"
Add component (AddParameter): Name = "RS Price/Stock"; Value = ""; VariantName = "[No Variations]"
Added Component: Designator=S13_P1(SOLAR_CELL)
Add component. Clean all parameters for all variants
Added Component: Designator=S13_P2(SOLAR_CELL)
Add component. Clean all parameters for all variants
Added Component: Designator=S13_P3(SOLAR_CELL)
Add component. Clean all parameters for all variants
Added Component: Designator=S13_P4(SOLAR_CELL)
Add component. Clean all parameters for all variants
Added Component: Designator=S13_P5(SOLAR_CELL)
Add component. Clean all parameters for all variants
Added Component: Designator=S13_P6(SOLAR_CELL)
Add component. Clean all parameters for all variants
Added Component: Designator=S13_P7(SOLAR_CELL)
Add component. Clean all parameters for all variants
Added Component: Designator=S13_P8(SOLAR_CELL)
Add component. Clean all parameters for all variants
Added Component: Designator=S13_P9(SOLAR_CELL)
Add component. Clean all parameters for all variants
Added Component: Designator=S14_P1(SOLAR_CELL)
Add component. Clean all parameters for all variants
Added Component: Designator=S14_P2(SOLAR_CELL)
Add component. Clean all parameters for all variants
Added Component: Designator=S14_P3(SOLAR_CELL)
Add component. Clean all parameters for all variants
Added Component: Designator=S14_P4(SOLAR_CELL)
Add component. Clean all parameters for all variants
Added Component: Designator=S14_P5(SOLAR_CELL)
Add component. Clean all parameters for all variants
Added Component: Designator=S14_P6(SOLAR_CELL)
Add component. Clean all parameters for all variants
Added Component: Designator=S14_P7(SOLAR_CELL)
Add component. Clean all parameters for all variants
Added Component: Designator=S14_P8(SOLAR_CELL)
Add component. Clean all parameters for all variants
Added Component: Designator=S14_P9(SOLAR_CELL)
Add component. Clean all parameters for all variants
Added Component: Designator=S15_P1(SOLAR_CELL)
Add component. Clean all parameters for all variants
Added Component: Designator=S15_P2(SOLAR_CELL)
Add component. Clean all parameters for all variants
Added Component: Designator=S15_P3(SOLAR_CELL)
Add component. Clean all parameters for all variants
Added Component: Designator=S15_P4(SOLAR_CELL)
Add component. Clean all parameters for all variants
Added Component: Designator=S15_P5(SOLAR_CELL)
Add component. Clean all parameters for all variants
Added Component: Designator=S15_P6(SOLAR_CELL)
Add component. Clean all parameters for all variants
Added Component: Designator=S15_P7(SOLAR_CELL)
Add component. Clean all parameters for all variants
Added Component: Designator=S15_P8(SOLAR_CELL)
Add component. Clean all parameters for all variants
Added Component: Designator=S15_P9(SOLAR_CELL)
Add component. Clean all parameters for all variants
Added Component: Designator=S16_P1(SOLAR_CELL)
Add component. Clean all parameters for all variants
Added Component: Designator=S16_P2(SOLAR_CELL)
Add component. Clean all parameters for all variants
Added Component: Designator=S16_P3(SOLAR_CELL)
Add component. Clean all parameters for all variants
Added Component: Designator=S16_P4(SOLAR_CELL)
Add component. Clean all parameters for all variants
Added Component: Designator=S16_P5(SOLAR_CELL)
Add component. Clean all parameters for all variants
Added Component: Designator=S16_P6(SOLAR_CELL)
Add component. Clean all parameters for all variants
Added Component: Designator=S16_P7(SOLAR_CELL)
Add component. Clean all parameters for all variants
Added Component: Designator=S16_P8(SOLAR_CELL)
Add component. Clean all parameters for all variants
Added Component: Designator=S16_P9(SOLAR_CELL)
Add component. Clean all parameters for all variants
Added Component: Designator=S17_P1(SOLAR_CELL)
Add component. Clean all parameters for all variants
Added Component: Designator=S17_P2(SOLAR_CELL)
Add component. Clean all parameters for all variants
Added Component: Designator=S17_P3(SOLAR_CELL)
Add component. Clean all parameters for all variants
Added Component: Designator=S17_P4(SOLAR_CELL)
Add component. Clean all parameters for all variants
Added Component: Designator=S17_P5(SOLAR_CELL)
Add component. Clean all parameters for all variants
Added Component: Designator=S17_P6(SOLAR_CELL)
Add component. Clean all parameters for all variants
Added Component: Designator=S17_P7(SOLAR_CELL)
Add component. Clean all parameters for all variants
Added Component: Designator=S17_P8(SOLAR_CELL)
Add component. Clean all parameters for all variants
Added Component: Designator=S17_P9(SOLAR_CELL)
Add component. Clean all parameters for all variants
Added Component: Designator=S18_P1(SOLAR_CELL)
Add component. Clean all parameters for all variants
Added Component: Designator=S18_P2(SOLAR_CELL)
Add component. Clean all parameters for all variants
Added Component: Designator=S18_P3(SOLAR_CELL)
Add component. Clean all parameters for all variants
Added Component: Designator=S18_P4(SOLAR_CELL)
Add component. Clean all parameters for all variants
Added Component: Designator=S18_P5(SOLAR_CELL)
Add component. Clean all parameters for all variants
Added Component: Designator=S18_P6(SOLAR_CELL)
Add component. Clean all parameters for all variants
Added Component: Designator=S18_P7(SOLAR_CELL)
Add component. Clean all parameters for all variants
Added Component: Designator=S18_P8(SOLAR_CELL)
Add component. Clean all parameters for all variants
Added Component: Designator=S18_P9(SOLAR_CELL)
Add component. Clean all parameters for all variants
Added Component: Designator=TP7_P1(TEST_POINT)
Add component. Clean all parameters for all variants
Added Component: Designator=TP7_P2(TEST_POINT)
Add component. Clean all parameters for all variants
Added Component: Designator=TP7_P3(TEST_POINT)
Add component. Clean all parameters for all variants
Added Component: Designator=TP7_P4(TEST_POINT)
Add component. Clean all parameters for all variants
Added Component: Designator=TP7_P5(TEST_POINT)
Add component. Clean all parameters for all variants
Added Component: Designator=TP7_P6(TEST_POINT)
Add component. Clean all parameters for all variants
Added Component: Designator=TP7_P7(TEST_POINT)
Add component. Clean all parameters for all variants
Added Component: Designator=TP7_P8(TEST_POINT)
Add component. Clean all parameters for all variants
Added Component: Designator=TP7_P9(TEST_POINT)
Add component. Clean all parameters for all variants
Added Component: Designator=TP8_P1(TEST_POINT)
Add component. Clean all parameters for all variants
Added Component: Designator=TP8_P2(TEST_POINT)
Add component. Clean all parameters for all variants
Added Component: Designator=TP8_P3(TEST_POINT)
Add component. Clean all parameters for all variants
Added Component: Designator=TP8_P4(TEST_POINT)
Add component. Clean all parameters for all variants
Added Component: Designator=TP8_P5(TEST_POINT)
Add component. Clean all parameters for all variants
Added Component: Designator=TP8_P6(TEST_POINT)
Add component. Clean all parameters for all variants
Added Component: Designator=TP8_P7(TEST_POINT)
Add component. Clean all parameters for all variants
Added Component: Designator=TP8_P8(TEST_POINT)
Add component. Clean all parameters for all variants
Added Component: Designator=TP8_P9(TEST_POINT)
Add component. Clean all parameters for all variants
Added Component: Designator=TP9_P1(TEST_POINT)
Add component. Clean all parameters for all variants
Added Component: Designator=TP9_P2(TEST_POINT)
Add component. Clean all parameters for all variants
Added Component: Designator=TP9_P3(TEST_POINT)
Add component. Clean all parameters for all variants
Added Component: Designator=TP9_P4(TEST_POINT)
Add component. Clean all parameters for all variants
Added Component: Designator=TP9_P5(TEST_POINT)
Add component. Clean all parameters for all variants
Added Component: Designator=TP9_P6(TEST_POINT)
Add component. Clean all parameters for all variants
Added Component: Designator=TP9_P7(TEST_POINT)
Add component. Clean all parameters for all variants
Added Component: Designator=TP9_P8(TEST_POINT)
Add component. Clean all parameters for all variants
Added Component: Designator=TP9_P9(TEST_POINT)
Add component. Clean all parameters for all variants
Added Component: Designator=TP10_P1(TEST_POINT)
Add component. Clean all parameters for all variants
Added Component: Designator=TP10_P2(TEST_POINT)
Add component. Clean all parameters for all variants
Added Component: Designator=TP10_P3(TEST_POINT)
Add component. Clean all parameters for all variants
Added Component: Designator=TP10_P4(TEST_POINT)
Add component. Clean all parameters for all variants
Added Component: Designator=TP10_P5(TEST_POINT)
Add component. Clean all parameters for all variants
Added Component: Designator=TP10_P6(TEST_POINT)
Add component. Clean all parameters for all variants
Added Component: Designator=TP10_P7(TEST_POINT)
Add component. Clean all parameters for all variants
Added Component: Designator=TP10_P8(TEST_POINT)
Add component. Clean all parameters for all variants
Added Component: Designator=TP10_P9(TEST_POINT)
Add component. Clean all parameters for all variants
Added Component: Designator=TP11_P1(TEST_POINT)
Add component. Clean all parameters for all variants
Added Component: Designator=TP11_P2(TEST_POINT)
Add component. Clean all parameters for all variants
Added Component: Designator=TP11_P3(TEST_POINT)
Add component. Clean all parameters for all variants
Added Component: Designator=TP11_P4(TEST_POINT)
Add component. Clean all parameters for all variants
Added Component: Designator=TP11_P5(TEST_POINT)
Add component. Clean all parameters for all variants
Added Component: Designator=TP11_P6(TEST_POINT)
Add component. Clean all parameters for all variants
Added Component: Designator=TP11_P7(TEST_POINT)
Add component. Clean all parameters for all variants
Added Component: Designator=TP11_P8(TEST_POINT)
Add component. Clean all parameters for all variants
Added Component: Designator=TP11_P9(TEST_POINT)
Add component. Clean all parameters for all variants
Added Component: Designator=TP12_P1(TEST_POINT)
Add component. Clean all parameters for all variants
Added Component: Designator=TP12_P2(TEST_POINT)
Add component. Clean all parameters for all variants
Added Component: Designator=TP12_P3(TEST_POINT)
Add component. Clean all parameters for all variants
Added Component: Designator=TP12_P4(TEST_POINT)
Add component. Clean all parameters for all variants
Added Component: Designator=TP12_P5(TEST_POINT)
Add component. Clean all parameters for all variants
Added Component: Designator=TP12_P6(TEST_POINT)
Add component. Clean all parameters for all variants
Added Component: Designator=TP12_P7(TEST_POINT)
Add component. Clean all parameters for all variants
Added Component: Designator=TP12_P8(TEST_POINT)
Add component. Clean all parameters for all variants
Added Component: Designator=TP12_P9(TEST_POINT)
Add component. Clean all parameters for all variants
Added Pin To Net: NetName=GND Pin=D8_P1-POS
Added Pin To Net: NetName=GND Pin=D8_P2-POS
Added Pin To Net: NetName=GND Pin=D8_P3-POS
Added Pin To Net: NetName=GND Pin=D8_P4-POS
Added Pin To Net: NetName=GND Pin=D8_P5-POS
Added Pin To Net: NetName=GND Pin=D8_P6-POS
Added Pin To Net: NetName=GND Pin=D8_P7-POS
Added Pin To Net: NetName=GND Pin=D8_P8-POS
Added Pin To Net: NetName=GND Pin=D8_P9-POS
Added Pin To Net: NetName=GND Pin=J1-2
Added Pin To Net: NetName=GND Pin=J1-3
Added Pin To Net: NetName=NetD8_P1_NEG Pin=D8_P1-NEG
Added Pin To Net: NetName=NetD8_P1_NEG Pin=D9_P1-POS
Added Pin To Net: NetName=NetD8_P1_NEG Pin=TP7_P1-PAD
Added Net: Name=NetD8_P1_NEG
Added Pin To Net: NetName=NetD8_P2_NEG Pin=D8_P2-NEG
Added Pin To Net: NetName=NetD8_P2_NEG Pin=D9_P2-POS
Added Pin To Net: NetName=NetD8_P2_NEG Pin=TP7_P2-PAD
Added Net: Name=NetD8_P2_NEG
Added Pin To Net: NetName=NetD8_P3_NEG Pin=D8_P3-NEG
Added Pin To Net: NetName=NetD8_P3_NEG Pin=D9_P3-POS
Added Pin To Net: NetName=NetD8_P3_NEG Pin=TP7_P3-PAD
Added Net: Name=NetD8_P3_NEG
Added Pin To Net: NetName=NetD8_P4_NEG Pin=D8_P4-NEG
Added Pin To Net: NetName=NetD8_P4_NEG Pin=D9_P4-POS
Added Pin To Net: NetName=NetD8_P4_NEG Pin=TP7_P4-PAD
Added Net: Name=NetD8_P4_NEG
Added Pin To Net: NetName=NetD8_P5_NEG Pin=D8_P5-NEG
Added Pin To Net: NetName=NetD8_P5_NEG Pin=D9_P5-POS
Added Pin To Net: NetName=NetD8_P5_NEG Pin=TP7_P5-PAD
Added Net: Name=NetD8_P5_NEG
Added Pin To Net: NetName=NetD8_P6_NEG Pin=D8_P6-NEG
Added Pin To Net: NetName=NetD8_P6_NEG Pin=D9_P6-POS
Added Pin To Net: NetName=NetD8_P6_NEG Pin=TP7_P6-PAD
Added Net: Name=NetD8_P6_NEG
Added Pin To Net: NetName=NetD8_P7_NEG Pin=D8_P7-NEG
Added Pin To Net: NetName=NetD8_P7_NEG Pin=D9_P7-POS
Added Pin To Net: NetName=NetD8_P7_NEG Pin=TP7_P7-PAD
Added Net: Name=NetD8_P7_NEG
Added Pin To Net: NetName=NetD8_P8_NEG Pin=D8_P8-NEG
Added Pin To Net: NetName=NetD8_P8_NEG Pin=D9_P8-POS
Added Pin To Net: NetName=NetD8_P8_NEG Pin=TP7_P8-PAD
Added Net: Name=NetD8_P8_NEG
Added Pin To Net: NetName=NetD8_P9_NEG Pin=D8_P9-NEG
Added Pin To Net: NetName=NetD8_P9_NEG Pin=D9_P9-POS
Added Pin To Net: NetName=NetD8_P9_NEG Pin=TP7_P9-PAD
Added Net: Name=NetD8_P9_NEG
Added Pin To Net: NetName=NetD9_P1_NEG Pin=D9_P1-NEG
Added Pin To Net: NetName=NetD9_P1_NEG Pin=D10_P1-POS
Added Pin To Net: NetName=NetD9_P1_NEG Pin=TP8_P1-PAD
Added Net: Name=NetD9_P1_NEG
Added Pin To Net: NetName=NetD9_P2_NEG Pin=D9_P2-NEG
Added Pin To Net: NetName=NetD9_P2_NEG Pin=D10_P2-POS
Added Pin To Net: NetName=NetD9_P2_NEG Pin=TP8_P2-PAD
Added Net: Name=NetD9_P2_NEG
Added Pin To Net: NetName=NetD9_P3_NEG Pin=D9_P3-NEG
Added Pin To Net: NetName=NetD9_P3_NEG Pin=D10_P3-POS
Added Pin To Net: NetName=NetD9_P3_NEG Pin=TP8_P3-PAD
Added Net: Name=NetD9_P3_NEG
Added Pin To Net: NetName=NetD9_P4_NEG Pin=D9_P4-NEG
Added Pin To Net: NetName=NetD9_P4_NEG Pin=D10_P4-POS
Added Pin To Net: NetName=NetD9_P4_NEG Pin=TP8_P4-PAD
Added Net: Name=NetD9_P4_NEG
Added Pin To Net: NetName=NetD9_P5_NEG Pin=D9_P5-NEG
Added Pin To Net: NetName=NetD9_P5_NEG Pin=D10_P5-POS
Added Pin To Net: NetName=NetD9_P5_NEG Pin=TP8_P5-PAD
Added Net: Name=NetD9_P5_NEG
Added Pin To Net: NetName=NetD9_P6_NEG Pin=D9_P6-NEG
Added Pin To Net: NetName=NetD9_P6_NEG Pin=D10_P6-POS
Added Pin To Net: NetName=NetD9_P6_NEG Pin=TP8_P6-PAD
Added Net: Name=NetD9_P6_NEG
Added Pin To Net: NetName=NetD9_P7_NEG Pin=D9_P7-NEG
Added Pin To Net: NetName=NetD9_P7_NEG Pin=D10_P7-POS
Added Pin To Net: NetName=NetD9_P7_NEG Pin=TP8_P7-PAD
Added Net: Name=NetD9_P7_NEG
Added Pin To Net: NetName=NetD9_P8_NEG Pin=D9_P8-NEG
Added Pin To Net: NetName=NetD9_P8_NEG Pin=D10_P8-POS
Added Pin To Net: NetName=NetD9_P8_NEG Pin=TP8_P8-PAD
Added Net: Name=NetD9_P8_NEG
Added Pin To Net: NetName=NetD9_P9_NEG Pin=D9_P9-NEG
Added Pin To Net: NetName=NetD9_P9_NEG Pin=D10_P9-POS
Added Pin To Net: NetName=NetD9_P9_NEG Pin=TP8_P9-PAD
Added Net: Name=NetD9_P9_NEG
Added Pin To Net: NetName=NetD10_P1_NEG Pin=D10_P1-NEG
Added Pin To Net: NetName=NetD10_P1_NEG Pin=D11_P1-POS
Added Pin To Net: NetName=NetD10_P1_NEG Pin=TP9_P1-PAD
Added Net: Name=NetD10_P1_NEG
Added Pin To Net: NetName=NetD10_P2_NEG Pin=D10_P2-NEG
Added Pin To Net: NetName=NetD10_P2_NEG Pin=D11_P2-POS
Added Pin To Net: NetName=NetD10_P2_NEG Pin=TP9_P2-PAD
Added Net: Name=NetD10_P2_NEG
Added Pin To Net: NetName=NetD10_P3_NEG Pin=D10_P3-NEG
Added Pin To Net: NetName=NetD10_P3_NEG Pin=D11_P3-POS
Added Pin To Net: NetName=NetD10_P3_NEG Pin=TP9_P3-PAD
Added Net: Name=NetD10_P3_NEG
Added Pin To Net: NetName=NetD10_P4_NEG Pin=D10_P4-NEG
Added Pin To Net: NetName=NetD10_P4_NEG Pin=D11_P4-POS
Added Pin To Net: NetName=NetD10_P4_NEG Pin=TP9_P4-PAD
Added Net: Name=NetD10_P4_NEG
Added Pin To Net: NetName=NetD10_P5_NEG Pin=D10_P5-NEG
Added Pin To Net: NetName=NetD10_P5_NEG Pin=D11_P5-POS
Added Pin To Net: NetName=NetD10_P5_NEG Pin=TP9_P5-PAD
Added Net: Name=NetD10_P5_NEG
Added Pin To Net: NetName=NetD10_P6_NEG Pin=D10_P6-NEG
Added Pin To Net: NetName=NetD10_P6_NEG Pin=D11_P6-POS
Added Pin To Net: NetName=NetD10_P6_NEG Pin=TP9_P6-PAD
Added Net: Name=NetD10_P6_NEG
Added Pin To Net: NetName=NetD10_P7_NEG Pin=D10_P7-NEG
Added Pin To Net: NetName=NetD10_P7_NEG Pin=D11_P7-POS
Added Pin To Net: NetName=NetD10_P7_NEG Pin=TP9_P7-PAD
Added Net: Name=NetD10_P7_NEG
Added Pin To Net: NetName=NetD10_P8_NEG Pin=D10_P8-NEG
Added Pin To Net: NetName=NetD10_P8_NEG Pin=D11_P8-POS
Added Pin To Net: NetName=NetD10_P8_NEG Pin=TP9_P8-PAD
Added Net: Name=NetD10_P8_NEG
Added Pin To Net: NetName=NetD10_P9_NEG Pin=D10_P9-NEG
Added Pin To Net: NetName=NetD10_P9_NEG Pin=D11_P9-POS
Added Pin To Net: NetName=NetD10_P9_NEG Pin=TP9_P9-PAD
Added Net: Name=NetD10_P9_NEG
Added Pin To Net: NetName=NetD11_P1_NEG Pin=D11_P1-NEG
Added Pin To Net: NetName=NetD11_P1_NEG Pin=D12_P1-POS
Added Pin To Net: NetName=NetD11_P1_NEG Pin=TP10_P1-PAD
Added Net: Name=NetD11_P1_NEG
Added Pin To Net: NetName=NetD11_P2_NEG Pin=D11_P2-NEG
Added Pin To Net: NetName=NetD11_P2_NEG Pin=D12_P2-POS
Added Pin To Net: NetName=NetD11_P2_NEG Pin=TP10_P2-PAD
Added Net: Name=NetD11_P2_NEG
Added Pin To Net: NetName=NetD11_P3_NEG Pin=D11_P3-NEG
Added Pin To Net: NetName=NetD11_P3_NEG Pin=D12_P3-POS
Added Pin To Net: NetName=NetD11_P3_NEG Pin=TP10_P3-PAD
Added Net: Name=NetD11_P3_NEG
Added Pin To Net: NetName=NetD11_P4_NEG Pin=D11_P4-NEG
Added Pin To Net: NetName=NetD11_P4_NEG Pin=D12_P4-POS
Added Pin To Net: NetName=NetD11_P4_NEG Pin=TP10_P4-PAD
Added Net: Name=NetD11_P4_NEG
Added Pin To Net: NetName=NetD11_P5_NEG Pin=D11_P5-NEG
Added Pin To Net: NetName=NetD11_P5_NEG Pin=D12_P5-POS
Added Pin To Net: NetName=NetD11_P5_NEG Pin=TP10_P5-PAD
Added Net: Name=NetD11_P5_NEG
Added Pin To Net: NetName=NetD11_P6_NEG Pin=D11_P6-NEG
Added Pin To Net: NetName=NetD11_P6_NEG Pin=D12_P6-POS
Added Pin To Net: NetName=NetD11_P6_NEG Pin=TP10_P6-PAD
Added Net: Name=NetD11_P6_NEG
Added Pin To Net: NetName=NetD11_P7_NEG Pin=D11_P7-NEG
Added Pin To Net: NetName=NetD11_P7_NEG Pin=D12_P7-POS
Added Pin To Net: NetName=NetD11_P7_NEG Pin=TP10_P7-PAD
Added Net: Name=NetD11_P7_NEG
Added Pin To Net: NetName=NetD11_P8_NEG Pin=D11_P8-NEG
Added Pin To Net: NetName=NetD11_P8_NEG Pin=D12_P8-POS
Added Pin To Net: NetName=NetD11_P8_NEG Pin=TP10_P8-PAD
Added Net: Name=NetD11_P8_NEG
Added Pin To Net: NetName=NetD11_P9_NEG Pin=D11_P9-NEG
Added Pin To Net: NetName=NetD11_P9_NEG Pin=D12_P9-POS
Added Pin To Net: NetName=NetD11_P9_NEG Pin=TP10_P9-PAD
Added Net: Name=NetD11_P9_NEG
Added Pin To Net: NetName=NetD12_P1_NEG Pin=D12_P1-NEG
Added Pin To Net: NetName=NetD12_P1_NEG Pin=TP11_P1-PAD
Added Net: Name=NetD12_P1_NEG
Added Pin To Net: NetName=NetD12_P2_NEG Pin=D12_P2-NEG
Added Pin To Net: NetName=NetD12_P2_NEG Pin=TP11_P2-PAD
Added Net: Name=NetD12_P2_NEG
Added Pin To Net: NetName=NetD12_P3_NEG Pin=D12_P3-NEG
Added Pin To Net: NetName=NetD12_P3_NEG Pin=TP11_P3-PAD
Added Net: Name=NetD12_P3_NEG
Added Pin To Net: NetName=NetD12_P4_NEG Pin=D12_P4-NEG
Added Pin To Net: NetName=NetD12_P4_NEG Pin=TP11_P4-PAD
Added Net: Name=NetD12_P4_NEG
Added Pin To Net: NetName=NetD12_P5_NEG Pin=D12_P5-NEG
Added Pin To Net: NetName=NetD12_P5_NEG Pin=TP11_P5-PAD
Added Net: Name=NetD12_P5_NEG
Added Pin To Net: NetName=NetD12_P6_NEG Pin=D12_P6-NEG
Added Pin To Net: NetName=NetD12_P6_NEG Pin=TP11_P6-PAD
Added Net: Name=NetD12_P6_NEG
Added Pin To Net: NetName=NetD12_P7_NEG Pin=D12_P7-NEG
Added Pin To Net: NetName=NetD12_P7_NEG Pin=TP11_P7-PAD
Added Net: Name=NetD12_P7_NEG
Added Pin To Net: NetName=NetD12_P8_NEG Pin=D12_P8-NEG
Added Pin To Net: NetName=NetD12_P8_NEG Pin=TP11_P8-PAD
Added Net: Name=NetD12_P8_NEG
Added Pin To Net: NetName=NetD12_P9_NEG Pin=D12_P9-NEG
Added Pin To Net: NetName=NetD12_P9_NEG Pin=TP11_P9-PAD
Added Net: Name=NetD12_P9_NEG
Added Pin To Net: NetName=NetD13_P1_NEG Pin=D13_P1-NEG
Added Pin To Net: NetName=NetD13_P1_NEG Pin=D14_P1-POS
Added Net: Name=NetD13_P1_NEG
Added Pin To Net: NetName=NetD13_P2_NEG Pin=D13_P2-NEG
Added Pin To Net: NetName=NetD13_P2_NEG Pin=D14_P2-POS
Added Net: Name=NetD13_P2_NEG
Added Pin To Net: NetName=NetD13_P3_NEG Pin=D13_P3-NEG
Added Pin To Net: NetName=NetD13_P3_NEG Pin=D14_P3-POS
Added Net: Name=NetD13_P3_NEG
Added Pin To Net: NetName=NetD13_P4_NEG Pin=D13_P4-NEG
Added Pin To Net: NetName=NetD13_P4_NEG Pin=D14_P4-POS
Added Net: Name=NetD13_P4_NEG
Added Pin To Net: NetName=NetD13_P5_NEG Pin=D13_P5-NEG
Added Pin To Net: NetName=NetD13_P5_NEG Pin=D14_P5-POS
Added Net: Name=NetD13_P5_NEG
Added Pin To Net: NetName=NetD13_P6_NEG Pin=D13_P6-NEG
Added Pin To Net: NetName=NetD13_P6_NEG Pin=D14_P6-POS
Added Net: Name=NetD13_P6_NEG
Added Pin To Net: NetName=NetD13_P7_NEG Pin=D13_P7-NEG
Added Pin To Net: NetName=NetD13_P7_NEG Pin=D14_P7-POS
Added Net: Name=NetD13_P7_NEG
Added Pin To Net: NetName=NetD13_P8_NEG Pin=D13_P8-NEG
Added Pin To Net: NetName=NetD13_P8_NEG Pin=D14_P8-POS
Added Net: Name=NetD13_P8_NEG
Added Pin To Net: NetName=NetD13_P9_NEG Pin=D13_P9-NEG
Added Pin To Net: NetName=NetD13_P9_NEG Pin=D14_P9-POS
Added Net: Name=NetD13_P9_NEG
Added Pin To Net: NetName=NetD14_P1_NEG Pin=D14_P1-NEG
Added Pin To Net: NetName=NetD14_P1_NEG Pin=D14_P2-NEG
Added Pin To Net: NetName=NetD14_P1_NEG Pin=D14_P3-NEG
Added Pin To Net: NetName=NetD14_P1_NEG Pin=D14_P4-NEG
Added Pin To Net: NetName=NetD14_P1_NEG Pin=D14_P5-NEG
Added Pin To Net: NetName=NetD14_P1_NEG Pin=D14_P6-NEG
Added Pin To Net: NetName=NetD14_P1_NEG Pin=D14_P7-NEG
Added Pin To Net: NetName=NetD14_P1_NEG Pin=D14_P8-NEG
Added Pin To Net: NetName=NetD14_P1_NEG Pin=D14_P9-NEG
Added Pin To Net: NetName=NetD14_P1_NEG Pin=J1-1
Added Pin To Net: NetName=NetD14_P1_NEG Pin=J1-4
Added Net: Name=NetD14_P1_NEG
Change Class Name : Old Net Name=Row 3 New Net Name=P9
Change Class Name : Old Net Name=Vout1 New Net Name=P1
Change Class Name : Old Net Name=Vout2 New Net Name=P2
Change Class Name : Old Net Name=Vout3 New Net Name=P3
Change Class Name : Old Net Name=Vout4 New Net Name=P4
Change Class Name : Old Net Name=Vout5 New Net Name=P5
Change Class Name : Old Net Name=Vout6 New Net Name=P6
Change Class Name : Old Net Name=Vout7 New Net Name=P7
Change Class Name : Old Net Name=Vout8 New Net Name=P8
Added Class: Name=RowSingle
Added Member To Class: ClassName=P1 Member=Component D8_P1 (D8) SCHOTTKY_DIODE_B120-FDICT-NDSCHOTTKY_DIODE_B120-FDICT-ND
Added Member To Class: ClassName=P2 Member=Component D8_P2 (D8) SCHOTTKY_DIODE_B120-FDICT-NDSCHOTTKY_DIODE_B120-FDICT-ND
Added Member To Class: ClassName=P3 Member=Component D8_P3 (D8) SCHOTTKY_DIODE_B120-FDICT-NDSCHOTTKY_DIODE_B120-FDICT-ND
Added Member To Class: ClassName=P4 Member=Component D8_P4 (D8) SCHOTTKY_DIODE_B120-FDICT-NDSCHOTTKY_DIODE_B120-FDICT-ND
Added Member To Class: ClassName=P5 Member=Component D8_P5 (D8) SCHOTTKY_DIODE_B120-FDICT-NDSCHOTTKY_DIODE_B120-FDICT-ND
Added Member To Class: ClassName=P6 Member=Component D8_P6 (D8) SCHOTTKY_DIODE_B120-FDICT-NDSCHOTTKY_DIODE_B120-FDICT-ND
Added Member To Class: ClassName=P7 Member=Component D8_P7 (D8) SCHOTTKY_DIODE_B120-FDICT-NDSCHOTTKY_DIODE_B120-FDICT-ND
Added Member To Class: ClassName=P8 Member=Component D8_P8 (D8) SCHOTTKY_DIODE_B120-FDICT-NDSCHOTTKY_DIODE_B120-FDICT-ND
Added Member To Class: ClassName=P9 Member=Component D8_P9 (D8) SCHOTTKY_DIODE_B120-FDICT-NDSCHOTTKY_DIODE_B120-FDICT-ND
Added Member To Class: ClassName=P1 Member=Component D9_P1 (D9) SCHOTTKY_DIODE_B120-FDICT-NDSCHOTTKY_DIODE_B120-FDICT-ND
Added Member To Class: ClassName=P2 Member=Component D9_P2 (D9) SCHOTTKY_DIODE_B120-FDICT-NDSCHOTTKY_DIODE_B120-FDICT-ND
Added Member To Class: ClassName=P3 Member=Component D9_P3 (D9) SCHOTTKY_DIODE_B120-FDICT-NDSCHOTTKY_DIODE_B120-FDICT-ND
Added Member To Class: ClassName=P4 Member=Component D9_P4 (D9) SCHOTTKY_DIODE_B120-FDICT-NDSCHOTTKY_DIODE_B120-FDICT-ND
Added Member To Class: ClassName=P5 Member=Component D9_P5 (D9) SCHOTTKY_DIODE_B120-FDICT-NDSCHOTTKY_DIODE_B120-FDICT-ND
Added Member To Class: ClassName=P6 Member=Component D9_P6 (D9) SCHOTTKY_DIODE_B120-FDICT-NDSCHOTTKY_DIODE_B120-FDICT-ND
Added Member To Class: ClassName=P7 Member=Component D9_P7 (D9) SCHOTTKY_DIODE_B120-FDICT-NDSCHOTTKY_DIODE_B120-FDICT-ND
Added Member To Class: ClassName=P8 Member=Component D9_P8 (D9) SCHOTTKY_DIODE_B120-FDICT-NDSCHOTTKY_DIODE_B120-FDICT-ND
Added Member To Class: ClassName=P9 Member=Component D9_P9 (D9) SCHOTTKY_DIODE_B120-FDICT-NDSCHOTTKY_DIODE_B120-FDICT-ND
Added Member To Class: ClassName=P1 Member=Component D10_P1 (D10) SCHOTTKY_DIODE_B120-FDICT-NDSCHOTTKY_DIODE_B120-FDICT-ND
Added Member To Class: ClassName=P2 Member=Component D10_P2 (D10) SCHOTTKY_DIODE_B120-FDICT-NDSCHOTTKY_DIODE_B120-FDICT-ND
Added Member To Class: ClassName=P3 Member=Component D10_P3 (D10) SCHOTTKY_DIODE_B120-FDICT-NDSCHOTTKY_DIODE_B120-FDICT-ND
Added Member To Class: ClassName=P4 Member=Component D10_P4 (D10) SCHOTTKY_DIODE_B120-FDICT-NDSCHOTTKY_DIODE_B120-FDICT-ND
Added Member To Class: ClassName=P5 Member=Component D10_P5 (D10) SCHOTTKY_DIODE_B120-FDICT-NDSCHOTTKY_DIODE_B120-FDICT-ND
Added Member To Class: ClassName=P6 Member=Component D10_P6 (D10) SCHOTTKY_DIODE_B120-FDICT-NDSCHOTTKY_DIODE_B120-FDICT-ND
Added Member To Class: ClassName=P7 Member=Component D10_P7 (D10) SCHOTTKY_DIODE_B120-FDICT-NDSCHOTTKY_DIODE_B120-FDICT-ND
Added Member To Class: ClassName=P8 Member=Component D10_P8 (D10) SCHOTTKY_DIODE_B120-FDICT-NDSCHOTTKY_DIODE_B120-FDICT-ND
Added Member To Class: ClassName=P9 Member=Component D10_P9 (D10) SCHOTTKY_DIODE_B120-FDICT-NDSCHOTTKY_DIODE_B120-FDICT-ND
Added Member To Class: ClassName=P1 Member=Component D11_P1 (D11) SCHOTTKY_DIODE_B120-FDICT-NDSCHOTTKY_DIODE_B120-FDICT-ND
Added Member To Class: ClassName=P2 Member=Component D11_P2 (D11) SCHOTTKY_DIODE_B120-FDICT-NDSCHOTTKY_DIODE_B120-FDICT-ND
Added Member To Class: ClassName=P3 Member=Component D11_P3 (D11) SCHOTTKY_DIODE_B120-FDICT-NDSCHOTTKY_DIODE_B120-FDICT-ND
Added Member To Class: ClassName=P4 Member=Component D11_P4 (D11) SCHOTTKY_DIODE_B120-FDICT-NDSCHOTTKY_DIODE_B120-FDICT-ND
Added Member To Class: ClassName=P5 Member=Component D11_P5 (D11) SCHOTTKY_DIODE_B120-FDICT-NDSCHOTTKY_DIODE_B120-FDICT-ND
Added Member To Class: ClassName=P6 Member=Component D11_P6 (D11) SCHOTTKY_DIODE_B120-FDICT-NDSCHOTTKY_DIODE_B120-FDICT-ND
Added Member To Class: ClassName=P7 Member=Component D11_P7 (D11) SCHOTTKY_DIODE_B120-FDICT-NDSCHOTTKY_DIODE_B120-FDICT-ND
Added Member To Class: ClassName=P8 Member=Component D11_P8 (D11) SCHOTTKY_DIODE_B120-FDICT-NDSCHOTTKY_DIODE_B120-FDICT-ND
Added Member To Class: ClassName=P9 Member=Component D11_P9 (D11) SCHOTTKY_DIODE_B120-FDICT-NDSCHOTTKY_DIODE_B120-FDICT-ND
Added Member To Class: ClassName=P1 Member=Component D12_P1 (D12) SCHOTTKY_DIODE_B120-FDICT-NDSCHOTTKY_DIODE_B120-FDICT-ND
Added Member To Class: ClassName=P2 Member=Component D12_P2 (D12) SCHOTTKY_DIODE_B120-FDICT-NDSCHOTTKY_DIODE_B120-FDICT-ND
Added Member To Class: ClassName=P3 Member=Component D12_P3 (D12) SCHOTTKY_DIODE_B120-FDICT-NDSCHOTTKY_DIODE_B120-FDICT-ND
Added Member To Class: ClassName=P4 Member=Component D12_P4 (D12) SCHOTTKY_DIODE_B120-FDICT-NDSCHOTTKY_DIODE_B120-FDICT-ND
Added Member To Class: ClassName=P5 Member=Component D12_P5 (D12) SCHOTTKY_DIODE_B120-FDICT-NDSCHOTTKY_DIODE_B120-FDICT-ND
Added Member To Class: ClassName=P6 Member=Component D12_P6 (D12) SCHOTTKY_DIODE_B120-FDICT-NDSCHOTTKY_DIODE_B120-FDICT-ND
Added Member To Class: ClassName=P7 Member=Component D12_P7 (D12) SCHOTTKY_DIODE_B120-FDICT-NDSCHOTTKY_DIODE_B120-FDICT-ND
Added Member To Class: ClassName=P8 Member=Component D12_P8 (D12) SCHOTTKY_DIODE_B120-FDICT-NDSCHOTTKY_DIODE_B120-FDICT-ND
Added Member To Class: ClassName=P9 Member=Component D12_P9 (D12) SCHOTTKY_DIODE_B120-FDICT-NDSCHOTTKY_DIODE_B120-FDICT-ND
Added Member To Class: ClassName=P1 Member=Component D13_P1 (D13) SCHOTTKY_DIODE_B120-FDICT-NDSCHOTTKY_DIODE_B120-FDICT-ND
Added Member To Class: ClassName=P2 Member=Component D13_P2 (D13) SCHOTTKY_DIODE_B120-FDICT-NDSCHOTTKY_DIODE_B120-FDICT-ND
Added Member To Class: ClassName=P3 Member=Component D13_P3 (D13) SCHOTTKY_DIODE_B120-FDICT-NDSCHOTTKY_DIODE_B120-FDICT-ND
Added Member To Class: ClassName=P4 Member=Component D13_P4 (D13) SCHOTTKY_DIODE_B120-FDICT-NDSCHOTTKY_DIODE_B120-FDICT-ND
Added Member To Class: ClassName=P5 Member=Component D13_P5 (D13) SCHOTTKY_DIODE_B120-FDICT-NDSCHOTTKY_DIODE_B120-FDICT-ND
Added Member To Class: ClassName=P6 Member=Component D13_P6 (D13) SCHOTTKY_DIODE_B120-FDICT-NDSCHOTTKY_DIODE_B120-FDICT-ND
Added Member To Class: ClassName=P7 Member=Component D13_P7 (D13) SCHOTTKY_DIODE_B120-FDICT-NDSCHOTTKY_DIODE_B120-FDICT-ND
Added Member To Class: ClassName=P8 Member=Component D13_P8 (D13) SCHOTTKY_DIODE_B120-FDICT-NDSCHOTTKY_DIODE_B120-FDICT-ND
Added Member To Class: ClassName=P9 Member=Component D13_P9 (D13) SCHOTTKY_DIODE_B120-FDICT-NDSCHOTTKY_DIODE_B120-FDICT-ND
Added Member To Class: ClassName=P1 Member=Component D14_P1 (D14) SCHOTTKY_DIODE_B120-FDICT-NDSCHOTTKY_DIODE_B120-FDICT-ND
Added Member To Class: ClassName=P2 Member=Component D14_P2 (D14) SCHOTTKY_DIODE_B120-FDICT-NDSCHOTTKY_DIODE_B120-FDICT-ND
Added Member To Class: ClassName=P3 Member=Component D14_P3 (D14) SCHOTTKY_DIODE_B120-FDICT-NDSCHOTTKY_DIODE_B120-FDICT-ND
Added Member To Class: ClassName=P4 Member=Component D14_P4 (D14) SCHOTTKY_DIODE_B120-FDICT-NDSCHOTTKY_DIODE_B120-FDICT-ND
Added Member To Class: ClassName=P5 Member=Component D14_P5 (D14) SCHOTTKY_DIODE_B120-FDICT-NDSCHOTTKY_DIODE_B120-FDICT-ND
Added Member To Class: ClassName=P6 Member=Component D14_P6 (D14) SCHOTTKY_DIODE_B120-FDICT-NDSCHOTTKY_DIODE_B120-FDICT-ND
Added Member To Class: ClassName=P7 Member=Component D14_P7 (D14) SCHOTTKY_DIODE_B120-FDICT-NDSCHOTTKY_DIODE_B120-FDICT-ND
Added Member To Class: ClassName=P8 Member=Component D14_P8 (D14) SCHOTTKY_DIODE_B120-FDICT-NDSCHOTTKY_DIODE_B120-FDICT-ND
Added Member To Class: ClassName=P9 Member=Component D14_P9 (D14) SCHOTTKY_DIODE_B120-FDICT-NDSCHOTTKY_DIODE_B120-FDICT-ND
Added Member To Class: ClassName=SolarPanel Member=Component J1 5040500491
Added Member To Class: ClassName=SolarPanel Member=Component J2 5040500491
Added Member To Class: ClassName=P1 Member=Component S13_P1 (S13) SOLAR_CELL
Added Member To Class: ClassName=P2 Member=Component S13_P2 (S13) SOLAR_CELL
Added Member To Class: ClassName=P3 Member=Component S13_P3 (S13) SOLAR_CELL
Added Member To Class: ClassName=P4 Member=Component S13_P4 (S13) SOLAR_CELL
Added Member To Class: ClassName=P5 Member=Component S13_P5 (S13) SOLAR_CELL
Added Member To Class: ClassName=P6 Member=Component S13_P6 (S13) SOLAR_CELL
Added Member To Class: ClassName=P7 Member=Component S13_P7 (S13) SOLAR_CELL
Added Member To Class: ClassName=P8 Member=Component S13_P8 (S13) SOLAR_CELL
Added Member To Class: ClassName=P9 Member=Component S13_P9 (S13) SOLAR_CELL
Added Member To Class: ClassName=P1 Member=Component S14_P1 (S14) SOLAR_CELL
Added Member To Class: ClassName=P2 Member=Component S14_P2 (S14) SOLAR_CELL
Added Member To Class: ClassName=P3 Member=Component S14_P3 (S14) SOLAR_CELL
Added Member To Class: ClassName=P4 Member=Component S14_P4 (S14) SOLAR_CELL
Added Member To Class: ClassName=P5 Member=Component S14_P5 (S14) SOLAR_CELL
Added Member To Class: ClassName=P6 Member=Component S14_P6 (S14) SOLAR_CELL
Added Member To Class: ClassName=P7 Member=Component S14_P7 (S14) SOLAR_CELL
Added Member To Class: ClassName=P8 Member=Component S14_P8 (S14) SOLAR_CELL
Added Member To Class: ClassName=P9 Member=Component S14_P9 (S14) SOLAR_CELL
Added Member To Class: ClassName=P1 Member=Component S15_P1 (S15) SOLAR_CELL
Added Member To Class: ClassName=P2 Member=Component S15_P2 (S15) SOLAR_CELL
Added Member To Class: ClassName=P3 Member=Component S15_P3 (S15) SOLAR_CELL
Added Member To Class: ClassName=P4 Member=Component S15_P4 (S15) SOLAR_CELL
Added Member To Class: ClassName=P5 Member=Component S15_P5 (S15) SOLAR_CELL
Added Member To Class: ClassName=P6 Member=Component S15_P6 (S15) SOLAR_CELL
Added Member To Class: ClassName=P7 Member=Component S15_P7 (S15) SOLAR_CELL
Added Member To Class: ClassName=P8 Member=Component S15_P8 (S15) SOLAR_CELL
Added Member To Class: ClassName=P9 Member=Component S15_P9 (S15) SOLAR_CELL
Added Member To Class: ClassName=P1 Member=Component S16_P1 (S16) SOLAR_CELL
Added Member To Class: ClassName=P2 Member=Component S16_P2 (S16) SOLAR_CELL
Added Member To Class: ClassName=P3 Member=Component S16_P3 (S16) SOLAR_CELL
Added Member To Class: ClassName=P4 Member=Component S16_P4 (S16) SOLAR_CELL
Added Member To Class: ClassName=P5 Member=Component S16_P5 (S16) SOLAR_CELL
Added Member To Class: ClassName=P6 Member=Component S16_P6 (S16) SOLAR_CELL
Added Member To Class: ClassName=P7 Member=Component S16_P7 (S16) SOLAR_CELL
Added Member To Class: ClassName=P8 Member=Component S16_P8 (S16) SOLAR_CELL
Added Member To Class: ClassName=P9 Member=Component S16_P9 (S16) SOLAR_CELL
Added Member To Class: ClassName=P1 Member=Component S17_P1 (S17) SOLAR_CELL
Added Member To Class: ClassName=P2 Member=Component S17_P2 (S17) SOLAR_CELL
Added Member To Class: ClassName=P3 Member=Component S17_P3 (S17) SOLAR_CELL
Added Member To Class: ClassName=P4 Member=Component S17_P4 (S17) SOLAR_CELL
Added Member To Class: ClassName=P5 Member=Component S17_P5 (S17) SOLAR_CELL
Added Member To Class: ClassName=P6 Member=Component S17_P6 (S17) SOLAR_CELL
Added Member To Class: ClassName=P7 Member=Component S17_P7 (S17) SOLAR_CELL
Added Member To Class: ClassName=P8 Member=Component S17_P8 (S17) SOLAR_CELL
Added Member To Class: ClassName=P9 Member=Component S17_P9 (S17) SOLAR_CELL
Added Member To Class: ClassName=P1 Member=Component S18_P1 (S18) SOLAR_CELL
Added Member To Class: ClassName=P2 Member=Component S18_P2 (S18) SOLAR_CELL
Added Member To Class: ClassName=P3 Member=Component S18_P3 (S18) SOLAR_CELL
Added Member To Class: ClassName=P4 Member=Component S18_P4 (S18) SOLAR_CELL
Added Member To Class: ClassName=P5 Member=Component S18_P5 (S18) SOLAR_CELL
Added Member To Class: ClassName=P6 Member=Component S18_P6 (S18) SOLAR_CELL
Added Member To Class: ClassName=P7 Member=Component S18_P7 (S18) SOLAR_CELL
Added Member To Class: ClassName=P8 Member=Component S18_P8 (S18) SOLAR_CELL
Added Member To Class: ClassName=P9 Member=Component S18_P9 (S18) SOLAR_CELL
Added Member To Class: ClassName=P1 Member=Component TP7_P1 (TP7) TEST_POINT
Added Member To Class: ClassName=P2 Member=Component TP7_P2 (TP7) TEST_POINT
Added Member To Class: ClassName=P3 Member=Component TP7_P3 (TP7) TEST_POINT
Added Member To Class: ClassName=P4 Member=Component TP7_P4 (TP7) TEST_POINT
Added Member To Class: ClassName=P5 Member=Component TP7_P5 (TP7) TEST_POINT
Added Member To Class: ClassName=P6 Member=Component TP7_P6 (TP7) TEST_POINT
Added Member To Class: ClassName=P7 Member=Component TP7_P7 (TP7) TEST_POINT
Added Member To Class: ClassName=P8 Member=Component TP7_P8 (TP7) TEST_POINT
Added Member To Class: ClassName=P9 Member=Component TP7_P9 (TP7) TEST_POINT
Added Member To Class: ClassName=P1 Member=Component TP8_P1 (TP8) TEST_POINT
Added Member To Class: ClassName=P2 Member=Component TP8_P2 (TP8) TEST_POINT
Added Member To Class: ClassName=P3 Member=Component TP8_P3 (TP8) TEST_POINT
Added Member To Class: ClassName=P4 Member=Component TP8_P4 (TP8) TEST_POINT
Added Member To Class: ClassName=P5 Member=Component TP8_P5 (TP8) TEST_POINT
Added Member To Class: ClassName=P6 Member=Component TP8_P6 (TP8) TEST_POINT
Added Member To Class: ClassName=P7 Member=Component TP8_P7 (TP8) TEST_POINT
Added Member To Class: ClassName=P8 Member=Component TP8_P8 (TP8) TEST_POINT
Added Member To Class: ClassName=P9 Member=Component TP8_P9 (TP8) TEST_POINT
Added Member To Class: ClassName=P1 Member=Component TP9_P1 (TP9) TEST_POINT
Added Member To Class: ClassName=P2 Member=Component TP9_P2 (TP9) TEST_POINT
Added Member To Class: ClassName=P3 Member=Component TP9_P3 (TP9) TEST_POINT
Added Member To Class: ClassName=P4 Member=Component TP9_P4 (TP9) TEST_POINT
Added Member To Class: ClassName=P5 Member=Component TP9_P5 (TP9) TEST_POINT
Added Member To Class: ClassName=P6 Member=Component TP9_P6 (TP9) TEST_POINT
Added Member To Class: ClassName=P7 Member=Component TP9_P7 (TP9) TEST_POINT
Added Member To Class: ClassName=P8 Member=Component TP9_P8 (TP9) TEST_POINT
Added Member To Class: ClassName=P9 Member=Component TP9_P9 (TP9) TEST_POINT
Added Member To Class: ClassName=P1 Member=Component TP10_P1 (TP10) TEST_POINT
Added Member To Class: ClassName=P2 Member=Component TP10_P2 (TP10) TEST_POINT
Added Member To Class: ClassName=P3 Member=Component TP10_P3 (TP10) TEST_POINT
Added Member To Class: ClassName=P4 Member=Component TP10_P4 (TP10) TEST_POINT
Added Member To Class: ClassName=P5 Member=Component TP10_P5 (TP10) TEST_POINT
Added Member To Class: ClassName=P6 Member=Component TP10_P6 (TP10) TEST_POINT
Added Member To Class: ClassName=P7 Member=Component TP10_P7 (TP10) TEST_POINT
Added Member To Class: ClassName=P8 Member=Component TP10_P8 (TP10) TEST_POINT
Added Member To Class: ClassName=P9 Member=Component TP10_P9 (TP10) TEST_POINT
Added Member To Class: ClassName=P1 Member=Component TP11_P1 (TP11) TEST_POINT
Added Member To Class: ClassName=P2 Member=Component TP11_P2 (TP11) TEST_POINT
Added Member To Class: ClassName=P3 Member=Component TP11_P3 (TP11) TEST_POINT
Added Member To Class: ClassName=P4 Member=Component TP11_P4 (TP11) TEST_POINT
Added Member To Class: ClassName=P5 Member=Component TP11_P5 (TP11) TEST_POINT
Added Member To Class: ClassName=P6 Member=Component TP11_P6 (TP11) TEST_POINT
Added Member To Class: ClassName=P7 Member=Component TP11_P7 (TP11) TEST_POINT
Added Member To Class: ClassName=P8 Member=Component TP11_P8 (TP11) TEST_POINT
Added Member To Class: ClassName=P9 Member=Component TP11_P9 (TP11) TEST_POINT
Added Member To Class: ClassName=P1 Member=Component TP12_P1 (TP12) TEST_POINT
Added Member To Class: ClassName=P2 Member=Component TP12_P2 (TP12) TEST_POINT
Added Member To Class: ClassName=P3 Member=Component TP12_P3 (TP12) TEST_POINT
Added Member To Class: ClassName=P4 Member=Component TP12_P4 (TP12) TEST_POINT
Added Member To Class: ClassName=P5 Member=Component TP12_P5 (TP12) TEST_POINT
Added Member To Class: ClassName=P6 Member=Component TP12_P6 (TP12) TEST_POINT
Added Member To Class: ClassName=P7 Member=Component TP12_P7 (TP12) TEST_POINT
Added Member To Class: ClassName=P8 Member=Component TP12_P8 (TP12) TEST_POINT
Added Member To Class: ClassName=P9 Member=Component TP12_P9 (TP12) TEST_POINT
Added Room: Name=P1
Added Room: Name=P2
Added Room: Name=P3
Added Room: Name=P4
Added Room: Name=P5
Added Room: Name=P6
Added Room: Name=P7
Added Room: Name=P8
Added Room: Name=P9
Added Room: Name=SolarPanel
